[ 2014-08-19T21:07:09+08:00 ] 127.0.0.1 /Cars/
INFO: [ app_begin ] --START--
INFO: ReadHtmlCache Behavior ::run [ RunTime:0.044144s ]
INFO: [ app_begin ] --END-- [ RunTime:0.054272s ]
ERR: 无法加载模块:Index

[ 2014-08-19T21:07:22+08:00 ] 127.0.0.1 /Cars/index.php/Admin/Login/index
INFO: [ route_check ] --START--
INFO: CheckRoute Behavior ::run [ RunTime:0.048223s ]
INFO: [ route_check ] --END-- [ RunTime:0.048423s ]
INFO: [ app_begin ] --START--
INFO: ReadHtmlCache Behavior ::run [ RunTime:0.002186s ]
INFO: [ app_begin ] --END-- [ RunTime:0.002534s ]
INFO: [ view_parse ] --START--
INFO: ParseTemplate Behavior ::run [ RunTime:0.135853s ]
INFO: [ view_parse ] --END-- [ RunTime:0.136057s ]
INFO: [ view_filter ] --START--
INFO: ContentReplace Behavior ::run [ RunTime:0.008041s ]
INFO: TokenBuild Behavior ::run [ RunTime:0.026504s ]
INFO: WriteHtmlCache Behavior ::run [ RunTime:0.007460s ]
INFO: ShowRuntime Behavior ::run [ RunTime:0.010907s ]
INFO: [ view_filter ] --END-- [ RunTime:0.053330s ]
INFO: [ view_end ] --START--
INFO: ShowPageTrace Behavior ::run [ RunTime:0.003000s ]
INFO: [ view_end ] --END-- [ RunTime:0.003133s ]

[ 2014-08-19T21:07:23+08:00 ] 127.0.0.1 /Cars/index.php/Admin/Login/verify
INFO: [ route_check ] --START--
INFO: CheckRoute Behavior ::run [ RunTime:0.001596s ]
INFO: [ route_check ] --END-- [ RunTime:0.001775s ]
INFO: [ app_begin ] --START--
INFO: ReadHtmlCache Behavior ::run [ RunTime:0.000744s ]
INFO: [ app_begin ] --END-- [ RunTime:0.000850s ]

[ 2014-08-19T21:07:41+08:00 ] 127.0.0.1 /Cars/index.php/Admin/Login/login
INFO: [ route_check ] --START--
INFO: CheckRoute Behavior ::run [ RunTime:0.000958s ]
INFO: [ route_check ] --END-- [ RunTime:0.001098s ]
INFO: [ app_begin ] --START--
INFO: ReadHtmlCache Behavior ::run [ RunTime:0.001071s ]
INFO: [ app_begin ] --END-- [ RunTime:0.001201s ]
INFO: [ view_parse ] --START--
INFO: ParseTemplate Behavior ::run [ RunTime:0.057540s ]
INFO: [ view_parse ] --END-- [ RunTime:0.057737s ]
INFO: [ view_filter ] --START--
INFO: ContentReplace Behavior ::run [ RunTime:0.000964s ]
INFO: TokenBuild Behavior ::run [ RunTime:0.000687s ]
INFO: WriteHtmlCache Behavior ::run [ RunTime:0.000550s ]
INFO: ShowRuntime Behavior ::run [ RunTime:0.000853s ]
INFO: [ view_filter ] --END-- [ RunTime:0.003373s ]
INFO: [ view_end ] --START--
INFO: ShowPageTrace Behavior ::run [ RunTime:0.000935s ]
INFO: [ view_end ] --END-- [ RunTime:0.001031s ]

[ 2014-08-19T21:07:46+08:00 ] 127.0.0.1 /Cars/index.php/Admin/Login/verify/0.6892858096398413
INFO: [ route_check ] --START--
INFO: CheckRoute Behavior ::run [ RunTime:0.001161s ]
INFO: [ route_check ] --END-- [ RunTime:0.001328s ]
INFO: [ app_begin ] --START--
INFO: ReadHtmlCache Behavior ::run [ RunTime:0.000938s ]
INFO: [ app_begin ] --END-- [ RunTime:0.001082s ]

[ 2014-08-19T21:07:59+08:00 ] 127.0.0.1 /Cars/index.php/Admin/Login/login
INFO: [ route_check ] --START--
INFO: CheckRoute Behavior ::run [ RunTime:0.002019s ]
INFO: [ route_check ] --END-- [ RunTime:0.002208s ]
INFO: [ app_begin ] --START--
INFO: ReadHtmlCache Behavior ::run [ RunTime:0.000917s ]
INFO: [ app_begin ] --END-- [ RunTime:0.001058s ]
SQL: SHOW COLUMNS FROM `up_user` [ RunTime:0.068800s ]
SQL: SELECT * FROM `up_user` WHERE ( `uid` = 1208067024 ) LIMIT 1   [ RunTime:0.022731s ]
SQL: UPDATE `up_user` SET `logintime`=1408453679,`loginip`='127.0.0.1' WHERE ( `id` = 50 ) [ RunTime:0.056433s ]

[ 2014-08-19T21:07:59+08:00 ] 127.0.0.1 /Cars/index.php/Admin
INFO: [ route_check ] --START--
INFO: CheckRoute Behavior ::run [ RunTime:0.000681s ]
INFO: [ route_check ] --END-- [ RunTime:0.000818s ]
INFO: [ app_begin ] --START--
INFO: ReadHtmlCache Behavior ::run [ RunTime:0.000555s ]
INFO: [ app_begin ] --END-- [ RunTime:0.000636s ]
NOTIC: [8] Use of undefined constant uid - assumed 'uid' C:\wamp\www\Cars\APP\Lib\Action\CommonAction.class.php 第 4 行.
NOTIC: [8] Use of undefined constant username - assumed 'username' C:\wamp\www\Cars\APP\Modules\Admin\Action\IndexAction.class.php 第 4 行.
NOTIC: [8] Use of undefined constant time - assumed 'time' C:\wamp\www\Cars\APP\Modules\Admin\Action\IndexAction.class.php 第 5 行.
NOTIC: [8] Undefined index: time C:\wamp\www\Cars\APP\Modules\Admin\Action\IndexAction.class.php 第 5 行.
INFO: [ view_parse ] --START--
INFO: ParseTemplate Behavior ::run [ RunTime:0.021984s ]
INFO: [ view_parse ] --END-- [ RunTime:0.022109s ]
INFO: [ view_filter ] --START--
INFO: ContentReplace Behavior ::run [ RunTime:0.000697s ]
INFO: TokenBuild Behavior ::run [ RunTime:0.000534s ]
INFO: WriteHtmlCache Behavior ::run [ RunTime:0.000364s ]
INFO: ShowRuntime Behavior ::run [ RunTime:0.000543s ]
INFO: [ view_filter ] --END-- [ RunTime:0.002375s ]
INFO: [ view_end ] --START--
INFO: ShowPageTrace Behavior ::run [ RunTime:0.000610s ]
INFO: [ view_end ] --END-- [ RunTime:0.000694s ]

[ 2014-08-19T21:08:01+08:00 ] 127.0.0.1 /Cars/index.php/Admin/Activity/showRunActivity
INFO: [ route_check ] --START--
INFO: CheckRoute Behavior ::run [ RunTime:0.001172s ]
INFO: [ route_check ] --END-- [ RunTime:0.001302s ]
INFO: [ app_begin ] --START--
INFO: ReadHtmlCache Behavior ::run [ RunTime:0.001255s ]
INFO: [ app_begin ] --END-- [ RunTime:0.001472s ]
SQL: SHOW COLUMNS FROM `up_activity` [ RunTime:0.129349s ]
SQL: SELECT COUNT(*) AS tp_count FROM `up_activity` WHERE ( `endtime` >= '2014-08-19' ) LIMIT 1   [ RunTime:0.363520s ]
SQL: SELECT * FROM `up_activity` WHERE ( `endtime` >= '2014-08-19' ) ORDER BY starttime LIMIT 0,5   [ RunTime:0.000888s ]
NOTIC: [2] Invalid argument supplied for foreach() C:\wamp\www\Cars\APP\Modules\Admin\Action\ActivityAction.class.php 第 24 行.
NOTIC: [8] Use of undefined constant index - assumed 'index' C:\wamp\www\Cars\APP\Modules\Admin\Action\ActivityAction.class.php 第 8 行.
INFO: [ view_parse ] --START--
INFO: ParseTemplate Behavior ::run [ RunTime:0.023560s ]
INFO: [ view_parse ] --END-- [ RunTime:0.023733s ]
INFO: [ view_filter ] --START--
INFO: ContentReplace Behavior ::run [ RunTime:0.000656s ]
INFO: TokenBuild Behavior ::run [ RunTime:0.000569s ]
INFO: WriteHtmlCache Behavior ::run [ RunTime:0.000454s ]
INFO: ShowRuntime Behavior ::run [ RunTime:0.000668s ]
INFO: [ view_filter ] --END-- [ RunTime:0.002581s ]
INFO: [ view_end ] --START--
INFO: ShowPageTrace Behavior ::run [ RunTime:0.000788s ]
INFO: [ view_end ] --END-- [ RunTime:0.000872s ]

[ 2014-08-19T21:08:04+08:00 ] 127.0.0.1 /Cars/index.php/Admin/Activity/historyActivity
INFO: [ route_check ] --START--
INFO: CheckRoute Behavior ::run [ RunTime:0.000730s ]
INFO: [ route_check ] --END-- [ RunTime:0.000836s ]
INFO: [ app_begin ] --START--
INFO: ReadHtmlCache Behavior ::run [ RunTime:0.000553s ]
INFO: [ app_begin ] --END-- [ RunTime:0.000635s ]
SQL: SHOW COLUMNS FROM `up_activity` [ RunTime:0.004401s ]
SQL: SELECT COUNT(*) AS tp_count FROM `up_activity` WHERE ( `endtime` <= '2014-08-19' ) LIMIT 1   [ RunTime:0.000283s ]
SQL: SELECT * FROM `up_activity` WHERE ( `endtime` <= '2014-08-19' ) ORDER BY starttime LIMIT 0,5   [ RunTime:0.000286s ]
NOTIC: [8] Use of undefined constant index - assumed 'index' C:\wamp\www\Cars\APP\Modules\Admin\Action\ActivityAction.class.php 第 8 行.
INFO: [ view_parse ] --START--
INFO: ParseTemplate Behavior ::run [ RunTime:0.011245s ]
INFO: [ view_parse ] --END-- [ RunTime:0.011356s ]
INFO: [ view_filter ] --START--
INFO: ContentReplace Behavior ::run [ RunTime:0.000661s ]
INFO: TokenBuild Behavior ::run [ RunTime:0.000625s ]
INFO: WriteHtmlCache Behavior ::run [ RunTime:0.000491s ]
INFO: ShowRuntime Behavior ::run [ RunTime:0.000634s ]
INFO: [ view_filter ] --END-- [ RunTime:0.002678s ]
INFO: [ view_end ] --START--
INFO: ShowPageTrace Behavior ::run [ RunTime:0.000656s ]
INFO: [ view_end ] --END-- [ RunTime:0.000740s ]

[ 2014-08-19T21:08:06+08:00 ] 127.0.0.1 /Cars/index.php/Admin/Activity/showRunActivity
INFO: [ route_check ] --START--
INFO: CheckRoute Behavior ::run [ RunTime:0.001106s ]
INFO: [ route_check ] --END-- [ RunTime:0.001258s ]
INFO: [ app_begin ] --START--
INFO: ReadHtmlCache Behavior ::run [ RunTime:0.000842s ]
INFO: [ app_begin ] --END-- [ RunTime:0.000970s ]
SQL: SHOW COLUMNS FROM `up_activity` [ RunTime:0.004307s ]
SQL: SELECT COUNT(*) AS tp_count FROM `up_activity` WHERE ( `endtime` >= '2014-08-19' ) LIMIT 1   [ RunTime:0.000296s ]
SQL: SELECT * FROM `up_activity` WHERE ( `endtime` >= '2014-08-19' ) ORDER BY starttime LIMIT 0,5   [ RunTime:0.000259s ]
NOTIC: [2] Invalid argument supplied for foreach() C:\wamp\www\Cars\APP\Modules\Admin\Action\ActivityAction.class.php 第 24 行.
NOTIC: [8] Use of undefined constant index - assumed 'index' C:\wamp\www\Cars\APP\Modules\Admin\Action\ActivityAction.class.php 第 8 行.
INFO: [ view_parse ] --START--
INFO: ParseTemplate Behavior ::run [ RunTime:0.010866s ]
INFO: [ view_parse ] --END-- [ RunTime:0.010998s ]
INFO: [ view_filter ] --START--
INFO: ContentReplace Behavior ::run [ RunTime:0.000520s ]
INFO: TokenBuild Behavior ::run [ RunTime:0.000459s ]
INFO: WriteHtmlCache Behavior ::run [ RunTime:0.000342s ]
INFO: ShowRuntime Behavior ::run [ RunTime:0.000538s ]
INFO: [ view_filter ] --END-- [ RunTime:0.002109s ]
INFO: [ view_end ] --START--
INFO: ShowPageTrace Behavior ::run [ RunTime:0.000608s ]
INFO: [ view_end ] --END-- [ RunTime:0.000689s ]

[ 2014-08-19T21:08:08+08:00 ] 127.0.0.1 /Cars/index.php/Admin/Activity/historyActivity
INFO: [ route_check ] --START--
INFO: CheckRoute Behavior ::run [ RunTime:0.001056s ]
INFO: [ route_check ] --END-- [ RunTime:0.001204s ]
INFO: [ app_begin ] --START--
INFO: ReadHtmlCache Behavior ::run [ RunTime:0.000744s ]
INFO: [ app_begin ] --END-- [ RunTime:0.000863s ]
SQL: SHOW COLUMNS FROM `up_activity` [ RunTime:0.004305s ]
SQL: SELECT COUNT(*) AS tp_count FROM `up_activity` WHERE ( `endtime` <= '2014-08-19' ) LIMIT 1   [ RunTime:0.000520s ]
SQL: SELECT * FROM `up_activity` WHERE ( `endtime` <= '2014-08-19' ) ORDER BY starttime LIMIT 0,5   [ RunTime:0.000428s ]
NOTIC: [8] Use of undefined constant index - assumed 'index' C:\wamp\www\Cars\APP\Modules\Admin\Action\ActivityAction.class.php 第 8 行.
INFO: [ view_parse ] --START--
INFO: ParseTemplate Behavior ::run [ RunTime:0.011592s ]
INFO: [ view_parse ] --END-- [ RunTime:0.011704s ]
INFO: [ view_filter ] --START--
INFO: ContentReplace Behavior ::run [ RunTime:0.000554s ]
INFO: TokenBuild Behavior ::run [ RunTime:0.000461s ]
INFO: WriteHtmlCache Behavior ::run [ RunTime:0.000344s ]
INFO: ShowRuntime Behavior ::run [ RunTime:0.000540s ]
INFO: [ view_filter ] --END-- [ RunTime:0.002127s ]
INFO: [ view_end ] --START--
INFO: ShowPageTrace Behavior ::run [ RunTime:0.000600s ]
INFO: [ view_end ] --END-- [ RunTime:0.000680s ]

[ 2014-08-19T21:08:10+08:00 ] 127.0.0.1 /Cars/index.php/Admin/Activity/nearMonthActivity
INFO: [ route_check ] --START--
INFO: CheckRoute Behavior ::run [ RunTime:0.002071s ]
INFO: [ route_check ] --END-- [ RunTime:0.002337s ]
INFO: [ app_begin ] --START--
INFO: ReadHtmlCache Behavior ::run [ RunTime:0.001017s ]
INFO: [ app_begin ] --END-- [ RunTime:0.001197s ]
SQL: SHOW COLUMNS FROM `up_activity` [ RunTime:0.005985s ]
NOTIC: [2] strtoupper() expects parameter 1 to be string, array given C:\wamp\www\Cars\ThinkPHP\Lib\Core\Db.class.php 第 508 行.
SQL: SELECT COUNT(*) AS tp_count FROM `up_activity` WHERE ( (`starttime` > '2014-07-19') AND (`starttime` < '2014-08-19')  ) LIMIT 1   [ RunTime:0.024557s ]
NOTIC: [2] strtoupper() expects parameter 1 to be string, array given C:\wamp\www\Cars\ThinkPHP\Lib\Core\Db.class.php 第 508 行.
SQL: SELECT * FROM `up_activity` WHERE ( (`starttime` > '2014-07-19') AND (`starttime` < '2014-08-19')  ) ORDER BY starttime LIMIT 0,5   [ RunTime:0.001189s ]
NOTIC: [8] Use of undefined constant index - assumed 'index' C:\wamp\www\Cars\APP\Modules\Admin\Action\ActivityAction.class.php 第 8 行.
INFO: [ view_parse ] --START--
INFO: ParseTemplate Behavior ::run [ RunTime:0.015490s ]
INFO: [ view_parse ] --END-- [ RunTime:0.015673s ]
INFO: [ view_filter ] --START--
INFO: ContentReplace Behavior ::run [ RunTime:0.001136s ]
INFO: TokenBuild Behavior ::run [ RunTime:0.000823s ]
INFO: WriteHtmlCache Behavior ::run [ RunTime:0.000550s ]
INFO: ShowRuntime Behavior ::run [ RunTime:0.000863s ]
INFO: [ view_filter ] --END-- [ RunTime:0.003792s ]
INFO: [ view_end ] --START--
INFO: ShowPageTrace Behavior ::run [ RunTime:0.001013s ]
INFO: [ view_end ] --END-- [ RunTime:0.001164s ]

[ 2014-08-19T21:08:11+08:00 ] 127.0.0.1 /Cars/index.php/Admin/User/index
INFO: [ route_check ] --START--
INFO: CheckRoute Behavior ::run [ RunTime:0.001150s ]
INFO: [ route_check ] --END-- [ RunTime:0.001293s ]
INFO: [ app_begin ] --START--
INFO: ReadHtmlCache Behavior ::run [ RunTime:0.000651s ]
INFO: [ app_begin ] --END-- [ RunTime:0.000755s ]
NOTIC: [8] Use of undefined constant uid - assumed 'uid' C:\wamp\www\Cars\APP\Lib\Action\CommonAction.class.php 第 4 行.
SQL: SHOW COLUMNS FROM `up_user` [ RunTime:0.004590s ]
SQL: SELECT COUNT(*) AS tp_count FROM `up_user` WHERE ( type=0 ) LIMIT 1   [ RunTime:0.000305s ]
SQL: SELECT * FROM `up_user` WHERE ( type=0 ) LIMIT 0,5   [ RunTime:0.000286s ]
INFO: [ view_parse ] --START--
NOTIC: [8] Use of undefined constant __GROUP_NAME__ - assumed '__GROUP_NAME__' C:\wamp\www\Cars\APP\Runtime\Cache\Admin\0af99c6145f464d4841eb41b389029cc.php 第 71 行.
NOTIC: [8] Use of undefined constant __GROUP_NAME__ - assumed '__GROUP_NAME__' C:\wamp\www\Cars\APP\Runtime\Cache\Admin\0af99c6145f464d4841eb41b389029cc.php 第 72 行.
NOTIC: [8] Use of undefined constant __GROUP_NAME__ - assumed '__GROUP_NAME__' C:\wamp\www\Cars\APP\Runtime\Cache\Admin\0af99c6145f464d4841eb41b389029cc.php 第 71 行.
NOTIC: [8] Use of undefined constant __GROUP_NAME__ - assumed '__GROUP_NAME__' C:\wamp\www\Cars\APP\Runtime\Cache\Admin\0af99c6145f464d4841eb41b389029cc.php 第 72 行.
NOTIC: [8] Use of undefined constant __GROUP_NAME__ - assumed '__GROUP_NAME__' C:\wamp\www\Cars\APP\Runtime\Cache\Admin\0af99c6145f464d4841eb41b389029cc.php 第 71 行.
NOTIC: [8] Use of undefined constant __GROUP_NAME__ - assumed '__GROUP_NAME__' C:\wamp\www\Cars\APP\Runtime\Cache\Admin\0af99c6145f464d4841eb41b389029cc.php 第 72 行.
NOTIC: [8] Use of undefined constant __GROUP_NAME__ - assumed '__GROUP_NAME__' C:\wamp\www\Cars\APP\Runtime\Cache\Admin\0af99c6145f464d4841eb41b389029cc.php 第 71 行.
NOTIC: [8] Use of undefined constant __GROUP_NAME__ - assumed '__GROUP_NAME__' C:\wamp\www\Cars\APP\Runtime\Cache\Admin\0af99c6145f464d4841eb41b389029cc.php 第 72 行.
NOTIC: [8] Use of undefined constant __GROUP_NAME__ - assumed '__GROUP_NAME__' C:\wamp\www\Cars\APP\Runtime\Cache\Admin\0af99c6145f464d4841eb41b389029cc.php 第 71 行.
NOTIC: [8] Use of undefined constant __GROUP_NAME__ - assumed '__GROUP_NAME__' C:\wamp\www\Cars\APP\Runtime\Cache\Admin\0af99c6145f464d4841eb41b389029cc.php 第 72 行.
INFO: ParseTemplate Behavior ::run [ RunTime:0.043441s ]
INFO: [ view_parse ] --END-- [ RunTime:0.043593s ]
INFO: [ view_filter ] --START--
INFO: ContentReplace Behavior ::run [ RunTime:0.000628s ]
INFO: TokenBuild Behavior ::run [ RunTime:0.000462s ]
INFO: WriteHtmlCache Behavior ::run [ RunTime:0.000352s ]
INFO: ShowRuntime Behavior ::run [ RunTime:0.000536s ]
INFO: [ view_filter ] --END-- [ RunTime:0.002201s ]
INFO: [ view_end ] --START--
INFO: ShowPageTrace Behavior ::run [ RunTime:0.000734s ]
INFO: [ view_end ] --END-- [ RunTime:0.000824s ]

[ 2014-08-19T21:08:17+08:00 ] 127.0.0.1 /Cars/index.php/Admin/Search/searchActivity
INFO: [ route_check ] --START--
INFO: CheckRoute Behavior ::run [ RunTime:0.000776s ]
INFO: [ route_check ] --END-- [ RunTime:0.000892s ]
INFO: [ app_begin ] --START--
INFO: ReadHtmlCache Behavior ::run [ RunTime:0.000704s ]
INFO: [ app_begin ] --END-- [ RunTime:0.000806s ]
NOTIC: [8] Use of undefined constant id - assumed 'id' C:\wamp\www\Cars\APP\Modules\Admin\Action\SearchAction.class.php 第 7 行.
NOTIC: [8] Use of undefined constant type - assumed 'type' C:\wamp\www\Cars\APP\Modules\Admin\Action\SearchAction.class.php 第 7 行.
NOTIC: [8] Use of undefined constant title - assumed 'title' C:\wamp\www\Cars\APP\Modules\Admin\Action\SearchAction.class.php 第 7 行.
NOTIC: [8] Use of undefined constant time - assumed 'time' C:\wamp\www\Cars\APP\Modules\Admin\Action\SearchAction.class.php 第 7 行.
NOTIC: [8] Use of undefined constant college - assumed 'college' C:\wamp\www\Cars\APP\Modules\Admin\Action\SearchAction.class.php 第 7 行.
NOTIC: [8] Use of undefined constant state - assumed 'state' C:\wamp\www\Cars\APP\Modules\Admin\Action\SearchAction.class.php 第 7 行.
NOTIC: [8] Use of undefined constant opera - assumed 'opera' C:\wamp\www\Cars\APP\Modules\Admin\Action\SearchAction.class.php 第 7 行.
INFO: [ view_parse ] --START--
NOTIC: [8] Undefined variable: aa C:\wamp\www\Cars\APP\Runtime\Cache\Admin\9e0807de8c7a6fe07eefc328817ac63a.php 第 69 行.
NOTIC: [8] Undefined variable: aa C:\wamp\www\Cars\APP\Runtime\Cache\Admin\9e0807de8c7a6fe07eefc328817ac63a.php 第 70 行.
NOTIC: [8] Undefined variable: aa C:\wamp\www\Cars\APP\Runtime\Cache\Admin\9e0807de8c7a6fe07eefc328817ac63a.php 第 71 行.
NOTIC: [8] Undefined variable: aa C:\wamp\www\Cars\APP\Runtime\Cache\Admin\9e0807de8c7a6fe07eefc328817ac63a.php 第 72 行.
NOTIC: [8] Undefined variable: aa C:\wamp\www\Cars\APP\Runtime\Cache\Admin\9e0807de8c7a6fe07eefc328817ac63a.php 第 73 行.
NOTIC: [8] Undefined variable: aa C:\wamp\www\Cars\APP\Runtime\Cache\Admin\9e0807de8c7a6fe07eefc328817ac63a.php 第 74 行.
NOTIC: [8] Undefined variable: aa C:\wamp\www\Cars\APP\Runtime\Cache\Admin\9e0807de8c7a6fe07eefc328817ac63a.php 第 75 行.
INFO: ParseTemplate Behavior ::run [ RunTime:0.032498s ]
INFO: [ view_parse ] --END-- [ RunTime:0.032622s ]
INFO: [ view_filter ] --START--
INFO: ContentReplace Behavior ::run [ RunTime:0.000810s ]
INFO: TokenBuild Behavior ::run [ RunTime:0.000872s ]
INFO: WriteHtmlCache Behavior ::run [ RunTime:0.000776s ]
INFO: ShowRuntime Behavior ::run [ RunTime:0.000640s ]
INFO: [ view_filter ] --END-- [ RunTime:0.003478s ]
INFO: [ view_end ] --START--
INFO: ShowPageTrace Behavior ::run [ RunTime:0.000682s ]
INFO: [ view_end ] --END-- [ RunTime:0.000784s ]

[ 2014-08-19T21:08:18+08:00 ] 127.0.0.1 /Cars/index.php/Admin/Chart/index
INFO: [ route_check ] --START--
INFO: CheckRoute Behavior ::run [ RunTime:0.001155s ]
INFO: [ route_check ] --END-- [ RunTime:0.001315s ]
INFO: [ app_begin ] --START--
INFO: ReadHtmlCache Behavior ::run [ RunTime:0.000638s ]
INFO: [ app_begin ] --END-- [ RunTime:0.000740s ]
INFO: [ view_parse ] --START--
INFO: ParseTemplate Behavior ::run [ RunTime:0.039575s ]
INFO: [ view_parse ] --END-- [ RunTime:0.039785s ]
INFO: [ view_filter ] --START--
INFO: ContentReplace Behavior ::run [ RunTime:0.001216s ]
INFO: TokenBuild Behavior ::run [ RunTime:0.002857s ]
INFO: WriteHtmlCache Behavior ::run [ RunTime:0.001444s ]
INFO: ShowRuntime Behavior ::run [ RunTime:0.000823s ]
INFO: [ view_filter ] --END-- [ RunTime:0.007344s ]
INFO: [ view_end ] --START--
INFO: ShowPageTrace Behavior ::run [ RunTime:0.000704s ]
INFO: [ view_end ] --END-- [ RunTime:0.000818s ]

[ 2014-08-19T21:08:18+08:00 ] 127.0.0.1 /Cars/index.php/Admin/assets/js/prettify.js
INFO: [ route_check ] --START--
INFO: CheckRoute Behavior ::run [ RunTime:0.000731s ]
INFO: [ route_check ] --END-- [ RunTime:0.000839s ]
INFO: [ app_begin ] --START--
INFO: ReadHtmlCache Behavior ::run [ RunTime:0.000839s ]
INFO: [ app_begin ] --END-- [ RunTime:0.001001s ]
ERR: 无法加载模块:assets

[ 2014-08-19T21:08:19+08:00 ] 127.0.0.1 /Cars/index.php/Admin/Inform/showAllInform
INFO: [ route_check ] --START--
INFO: CheckRoute Behavior ::run [ RunTime:0.001641s ]
INFO: [ route_check ] --END-- [ RunTime:0.001832s ]
INFO: [ app_begin ] --START--
INFO: ReadHtmlCache Behavior ::run [ RunTime:0.002589s ]
INFO: [ app_begin ] --END-- [ RunTime:0.002932s ]
SQL: SHOW COLUMNS FROM `up_inform` [ RunTime:0.044475s ]
SQL: SELECT COUNT(*) AS tp_count FROM `up_inform` LIMIT 1   [ RunTime:0.000305s ]
SQL: SELECT * FROM `up_inform` LIMIT 0,5   [ RunTime:0.000232s ]
NOTIC: [8] Use of undefined constant index - assumed 'index' C:\wamp\www\Cars\APP\Modules\Admin\Action\InformAction.class.php 第 10 行.
INFO: [ view_parse ] --START--
INFO: ParseTemplate Behavior ::run [ RunTime:0.044616s ]
INFO: [ view_parse ] --END-- [ RunTime:0.044764s ]
INFO: [ view_filter ] --START--
INFO: ContentReplace Behavior ::run [ RunTime:0.000748s ]
INFO: TokenBuild Behavior ::run [ RunTime:0.000566s ]
INFO: WriteHtmlCache Behavior ::run [ RunTime:0.000453s ]
INFO: ShowRuntime Behavior ::run [ RunTime:0.000647s ]
INFO: [ view_filter ] --END-- [ RunTime:0.002650s ]
INFO: [ view_end ] --START--
INFO: ShowPageTrace Behavior ::run [ RunTime:0.000723s ]
INFO: [ view_end ] --END-- [ RunTime:0.000812s ]

[ 2014-08-19T21:08:22+08:00 ] 127.0.0.1 /Cars/index.php/Admin/Inform/nearMonthInform
INFO: [ route_check ] --START--
INFO: CheckRoute Behavior ::run [ RunTime:0.000784s ]
INFO: [ route_check ] --END-- [ RunTime:0.000900s ]
INFO: [ app_begin ] --START--
INFO: ReadHtmlCache Behavior ::run [ RunTime:0.000615s ]
INFO: [ app_begin ] --END-- [ RunTime:0.000713s ]
SQL: SHOW COLUMNS FROM `up_inform` [ RunTime:0.009282s ]
NOTIC: [2] strtoupper() expects parameter 1 to be string, array given C:\wamp\www\Cars\ThinkPHP\Lib\Core\Db.class.php 第 508 行.
SQL: SELECT COUNT(*) AS tp_count FROM `up_inform` WHERE ( (`time` >= '2014-07-19') AND (`time` <= '2014-08-19')  ) LIMIT 1   [ RunTime:0.000453s ]
NOTIC: [2] strtoupper() expects parameter 1 to be string, array given C:\wamp\www\Cars\ThinkPHP\Lib\Core\Db.class.php 第 508 行.
SQL: SELECT * FROM `up_inform` WHERE ( (`time` >= '2014-07-19') AND (`time` <= '2014-08-19')  ) ORDER BY time LIMIT 0,5   [ RunTime:0.000450s ]
NOTIC: [8] Use of undefined constant index - assumed 'index' C:\wamp\www\Cars\APP\Modules\Admin\Action\InformAction.class.php 第 10 行.
INFO: [ view_parse ] --START--
INFO: ParseTemplate Behavior ::run [ RunTime:0.021249s ]
INFO: [ view_parse ] --END-- [ RunTime:0.021364s ]
INFO: [ view_filter ] --START--
INFO: ContentReplace Behavior ::run [ RunTime:0.000649s ]
INFO: TokenBuild Behavior ::run [ RunTime:0.000508s ]
INFO: WriteHtmlCache Behavior ::run [ RunTime:0.000381s ]
INFO: ShowRuntime Behavior ::run [ RunTime:0.000567s ]
INFO: [ view_filter ] --END-- [ RunTime:0.002362s ]
INFO: [ view_end ] --START--
INFO: ShowPageTrace Behavior ::run [ RunTime:0.000672s ]
INFO: [ view_end ] --END-- [ RunTime:0.000760s ]

