[ 2014-09-06T22:43:28+08:00 ] 127.0.0.1 /Cars/index.php/Admin
INFO: [ route_check ] --START--
INFO: CheckRoute Behavior ::run [ RunTime:0.206351s ]
INFO: [ route_check ] --END-- [ RunTime:0.513921s ]
INFO: [ app_begin ] --START--
INFO: ReadHtmlCache Behavior ::run [ RunTime:0.134100s ]
INFO: [ app_begin ] --END-- [ RunTime:0.134487s ]
NOTIC: [8] Use of undefined constant uid - assumed 'uid' C:\wamp\www\Cars\APP\Lib\Action\CommonAction.class.php 第 4 行.

[ 2014-09-06T22:43:29+08:00 ] 127.0.0.1 /Cars/index.php/Admin/Login/index
INFO: [ route_check ] --START--
INFO: CheckRoute Behavior ::run [ RunTime:0.001808s ]
INFO: [ route_check ] --END-- [ RunTime:0.002013s ]
INFO: [ app_begin ] --START--
INFO: ReadHtmlCache Behavior ::run [ RunTime:0.000900s ]
INFO: [ app_begin ] --END-- [ RunTime:0.001044s ]
INFO: [ view_parse ] --START--
INFO: ParseTemplate Behavior ::run [ RunTime:0.717759s ]
INFO: [ view_parse ] --END-- [ RunTime:0.718010s ]
INFO: [ view_filter ] --START--
INFO: ContentReplace Behavior ::run [ RunTime:0.052477s ]
INFO: TokenBuild Behavior ::run [ RunTime:0.013646s ]
INFO: WriteHtmlCache Behavior ::run [ RunTime:0.015353s ]
INFO: ShowRuntime Behavior ::run [ RunTime:0.011945s ]
INFO: [ view_filter ] --END-- [ RunTime:0.093925s ]
INFO: [ view_end ] --START--
INFO: ShowPageTrace Behavior ::run [ RunTime:0.014238s ]
INFO: [ view_end ] --END-- [ RunTime:0.014394s ]

[ 2014-09-06T22:43:32+08:00 ] 127.0.0.1 /Cars/index.php/Admin/Login/verify
INFO: [ route_check ] --START--
INFO: CheckRoute Behavior ::run [ RunTime:0.001670s ]
INFO: [ route_check ] --END-- [ RunTime:0.001879s ]
INFO: [ app_begin ] --START--
INFO: ReadHtmlCache Behavior ::run [ RunTime:0.000751s ]
INFO: [ app_begin ] --END-- [ RunTime:0.000848s ]

[ 2014-09-06T22:43:41+08:00 ] 127.0.0.1 /Cars/index.php/Admin/Login/login
INFO: [ route_check ] --START--
INFO: CheckRoute Behavior ::run [ RunTime:0.001292s ]
INFO: [ route_check ] --END-- [ RunTime:0.001475s ]
INFO: [ app_begin ] --START--
INFO: ReadHtmlCache Behavior ::run [ RunTime:0.001110s ]
INFO: [ app_begin ] --END-- [ RunTime:0.001259s ]
SQL: SHOW COLUMNS FROM `up_user` [ RunTime:0.059992s ]
SQL: SELECT * FROM `up_user` WHERE ( `uid` = 1208067024 ) LIMIT 1   [ RunTime:0.032538s ]
SQL: UPDATE `up_user` SET `logintime`=1410014620,`loginip`='127.0.0.1' WHERE ( `id` = 50 ) [ RunTime:0.074845s ]

[ 2014-09-06T22:43:41+08:00 ] 127.0.0.1 /Cars/index.php/Admin
INFO: [ route_check ] --START--
INFO: CheckRoute Behavior ::run [ RunTime:0.001141s ]
INFO: [ route_check ] --END-- [ RunTime:0.001303s ]
INFO: [ app_begin ] --START--
INFO: ReadHtmlCache Behavior ::run [ RunTime:0.000912s ]
INFO: [ app_begin ] --END-- [ RunTime:0.001056s ]
NOTIC: [8] Use of undefined constant uid - assumed 'uid' C:\wamp\www\Cars\APP\Lib\Action\CommonAction.class.php 第 4 行.
NOTIC: [8] Use of undefined constant username - assumed 'username' C:\wamp\www\Cars\APP\Modules\Admin\Action\IndexAction.class.php 第 4 行.
NOTIC: [8] Use of undefined constant time - assumed 'time' C:\wamp\www\Cars\APP\Modules\Admin\Action\IndexAction.class.php 第 5 行.
NOTIC: [8] Undefined index: time C:\wamp\www\Cars\APP\Modules\Admin\Action\IndexAction.class.php 第 5 行.
INFO: [ view_parse ] --START--
INFO: ParseTemplate Behavior ::run [ RunTime:0.028393s ]
INFO: [ view_parse ] --END-- [ RunTime:0.028520s ]
INFO: [ view_filter ] --START--
INFO: ContentReplace Behavior ::run [ RunTime:0.000689s ]
INFO: TokenBuild Behavior ::run [ RunTime:0.000646s ]
INFO: WriteHtmlCache Behavior ::run [ RunTime:0.000456s ]
INFO: ShowRuntime Behavior ::run [ RunTime:0.000654s ]
INFO: [ view_filter ] --END-- [ RunTime:0.002671s ]
INFO: [ view_end ] --START--
INFO: ShowPageTrace Behavior ::run [ RunTime:0.000678s ]
INFO: [ view_end ] --END-- [ RunTime:0.000756s ]

[ 2014-09-06T22:43:42+08:00 ] 127.0.0.1 /Cars/index.php/Admin/Activity/showRunActivity
INFO: [ route_check ] --START--
INFO: CheckRoute Behavior ::run [ RunTime:0.000999s ]
INFO: [ route_check ] --END-- [ RunTime:0.001123s ]
INFO: [ app_begin ] --START--
INFO: ReadHtmlCache Behavior ::run [ RunTime:0.000680s ]
INFO: [ app_begin ] --END-- [ RunTime:0.000771s ]
SQL: SHOW COLUMNS FROM `up_activity` [ RunTime:0.039357s ]
SQL: SELECT COUNT(*) AS tp_count FROM `up_activity` WHERE ( `endtime` >= '2014-09-06' ) LIMIT 1   [ RunTime:0.026137s ]
SQL: SELECT * FROM `up_activity` WHERE ( `endtime` >= '2014-09-06' ) ORDER BY starttime LIMIT 0,5   [ RunTime:0.000677s ]
NOTIC: [8] Use of undefined constant index - assumed 'index' C:\wamp\www\Cars\APP\Modules\Admin\Action\ActivityAction.class.php 第 8 行.
INFO: [ view_parse ] --START--
INFO: ParseTemplate Behavior ::run [ RunTime:0.056225s ]
INFO: [ view_parse ] --END-- [ RunTime:0.056385s ]
INFO: [ view_filter ] --START--
INFO: ContentReplace Behavior ::run [ RunTime:0.000630s ]
INFO: TokenBuild Behavior ::run [ RunTime:0.000735s ]
INFO: WriteHtmlCache Behavior ::run [ RunTime:0.000462s ]
INFO: ShowRuntime Behavior ::run [ RunTime:0.000611s ]
INFO: [ view_filter ] --END-- [ RunTime:0.002701s ]
INFO: [ view_end ] --START--
INFO: ShowPageTrace Behavior ::run [ RunTime:0.000705s ]
INFO: [ view_end ] --END-- [ RunTime:0.000788s ]

[ 2014-09-06T22:43:44+08:00 ] 127.0.0.1 /Cars/index.php/Admin/User/index
INFO: [ route_check ] --START--
INFO: CheckRoute Behavior ::run [ RunTime:0.000769s ]
INFO: [ route_check ] --END-- [ RunTime:0.000884s ]
INFO: [ app_begin ] --START--
INFO: ReadHtmlCache Behavior ::run [ RunTime:0.000753s ]
INFO: [ app_begin ] --END-- [ RunTime:0.000888s ]
NOTIC: [8] Use of undefined constant uid - assumed 'uid' C:\wamp\www\Cars\APP\Lib\Action\CommonAction.class.php 第 4 行.
SQL: SHOW COLUMNS FROM `up_user` [ RunTime:0.023980s ]
SQL: SELECT COUNT(*) AS tp_count FROM `up_user` WHERE ( type=0 ) LIMIT 1   [ RunTime:0.000380s ]
SQL: SELECT * FROM `up_user` WHERE ( type=0 ) LIMIT 0,5   [ RunTime:0.000361s ]
INFO: [ view_parse ] --START--
NOTIC: [8] Use of undefined constant __GROUP_NAME__ - assumed '__GROUP_NAME__' C:\wamp\www\Cars\APP\Runtime\Cache\Admin\0af99c6145f464d4841eb41b389029cc.php 第 71 行.
NOTIC: [8] Use of undefined constant __GROUP_NAME__ - assumed '__GROUP_NAME__' C:\wamp\www\Cars\APP\Runtime\Cache\Admin\0af99c6145f464d4841eb41b389029cc.php 第 72 行.
NOTIC: [8] Use of undefined constant __GROUP_NAME__ - assumed '__GROUP_NAME__' C:\wamp\www\Cars\APP\Runtime\Cache\Admin\0af99c6145f464d4841eb41b389029cc.php 第 71 行.
NOTIC: [8] Use of undefined constant __GROUP_NAME__ - assumed '__GROUP_NAME__' C:\wamp\www\Cars\APP\Runtime\Cache\Admin\0af99c6145f464d4841eb41b389029cc.php 第 72 行.
NOTIC: [8] Use of undefined constant __GROUP_NAME__ - assumed '__GROUP_NAME__' C:\wamp\www\Cars\APP\Runtime\Cache\Admin\0af99c6145f464d4841eb41b389029cc.php 第 71 行.
NOTIC: [8] Use of undefined constant __GROUP_NAME__ - assumed '__GROUP_NAME__' C:\wamp\www\Cars\APP\Runtime\Cache\Admin\0af99c6145f464d4841eb41b389029cc.php 第 72 行.
NOTIC: [8] Use of undefined constant __GROUP_NAME__ - assumed '__GROUP_NAME__' C:\wamp\www\Cars\APP\Runtime\Cache\Admin\0af99c6145f464d4841eb41b389029cc.php 第 71 行.
NOTIC: [8] Use of undefined constant __GROUP_NAME__ - assumed '__GROUP_NAME__' C:\wamp\www\Cars\APP\Runtime\Cache\Admin\0af99c6145f464d4841eb41b389029cc.php 第 72 行.
NOTIC: [8] Use of undefined constant __GROUP_NAME__ - assumed '__GROUP_NAME__' C:\wamp\www\Cars\APP\Runtime\Cache\Admin\0af99c6145f464d4841eb41b389029cc.php 第 71 行.
NOTIC: [8] Use of undefined constant __GROUP_NAME__ - assumed '__GROUP_NAME__' C:\wamp\www\Cars\APP\Runtime\Cache\Admin\0af99c6145f464d4841eb41b389029cc.php 第 72 行.
INFO: ParseTemplate Behavior ::run [ RunTime:0.073847s ]
INFO: [ view_parse ] --END-- [ RunTime:0.074267s ]
INFO: [ view_filter ] --START--
INFO: ContentReplace Behavior ::run [ RunTime:0.003096s ]
INFO: TokenBuild Behavior ::run [ RunTime:0.002197s ]
INFO: WriteHtmlCache Behavior ::run [ RunTime:0.001261s ]
INFO: ShowRuntime Behavior ::run [ RunTime:0.002401s ]
INFO: [ view_filter ] --END-- [ RunTime:0.013118s ]
INFO: [ view_end ] --START--
INFO: ShowPageTrace Behavior ::run [ RunTime:0.004079s ]
INFO: [ view_end ] --END-- [ RunTime:0.004531s ]

[ 2014-09-06T22:43:45+08:00 ] 127.0.0.1 /Cars/index.php/Admin/Search/searchActivity
INFO: [ route_check ] --START--
INFO: CheckRoute Behavior ::run [ RunTime:0.001136s ]
INFO: [ route_check ] --END-- [ RunTime:0.001267s ]
INFO: [ app_begin ] --START--
INFO: ReadHtmlCache Behavior ::run [ RunTime:0.000661s ]
INFO: [ app_begin ] --END-- [ RunTime:0.000768s ]
NOTIC: [8] Use of undefined constant id - assumed 'id' C:\wamp\www\Cars\APP\Modules\Admin\Action\SearchAction.class.php 第 7 行.
NOTIC: [8] Use of undefined constant type - assumed 'type' C:\wamp\www\Cars\APP\Modules\Admin\Action\SearchAction.class.php 第 7 行.
NOTIC: [8] Use of undefined constant title - assumed 'title' C:\wamp\www\Cars\APP\Modules\Admin\Action\SearchAction.class.php 第 7 行.
NOTIC: [8] Use of undefined constant time - assumed 'time' C:\wamp\www\Cars\APP\Modules\Admin\Action\SearchAction.class.php 第 7 行.
NOTIC: [8] Use of undefined constant college - assumed 'college' C:\wamp\www\Cars\APP\Modules\Admin\Action\SearchAction.class.php 第 7 行.
NOTIC: [8] Use of undefined constant state - assumed 'state' C:\wamp\www\Cars\APP\Modules\Admin\Action\SearchAction.class.php 第 7 行.
NOTIC: [8] Use of undefined constant opera - assumed 'opera' C:\wamp\www\Cars\APP\Modules\Admin\Action\SearchAction.class.php 第 7 行.
INFO: [ view_parse ] --START--
NOTIC: [8] Undefined variable: aa C:\wamp\www\Cars\APP\Runtime\Cache\Admin\9e0807de8c7a6fe07eefc328817ac63a.php 第 69 行.
NOTIC: [8] Undefined variable: aa C:\wamp\www\Cars\APP\Runtime\Cache\Admin\9e0807de8c7a6fe07eefc328817ac63a.php 第 70 行.
NOTIC: [8] Undefined variable: aa C:\wamp\www\Cars\APP\Runtime\Cache\Admin\9e0807de8c7a6fe07eefc328817ac63a.php 第 71 行.
NOTIC: [8] Undefined variable: aa C:\wamp\www\Cars\APP\Runtime\Cache\Admin\9e0807de8c7a6fe07eefc328817ac63a.php 第 72 行.
NOTIC: [8] Undefined variable: aa C:\wamp\www\Cars\APP\Runtime\Cache\Admin\9e0807de8c7a6fe07eefc328817ac63a.php 第 73 行.
NOTIC: [8] Undefined variable: aa C:\wamp\www\Cars\APP\Runtime\Cache\Admin\9e0807de8c7a6fe07eefc328817ac63a.php 第 74 行.
NOTIC: [8] Undefined variable: aa C:\wamp\www\Cars\APP\Runtime\Cache\Admin\9e0807de8c7a6fe07eefc328817ac63a.php 第 75 行.
NOTIC: [8] Undefined variable: activity C:\wamp\www\Cars\APP\Runtime\Cache\Admin\9e0807de8c7a6fe07eefc328817ac63a.php 第 78 行.
INFO: ParseTemplate Behavior ::run [ RunTime:0.035445s ]
INFO: [ view_parse ] --END-- [ RunTime:0.035586s ]
INFO: [ view_filter ] --START--
INFO: ContentReplace Behavior ::run [ RunTime:0.000912s ]
INFO: TokenBuild Behavior ::run [ RunTime:0.000707s ]
INFO: WriteHtmlCache Behavior ::run [ RunTime:0.000355s ]
INFO: ShowRuntime Behavior ::run [ RunTime:0.000540s ]
INFO: [ view_filter ] --END-- [ RunTime:0.002893s ]
INFO: [ view_end ] --START--
INFO: ShowPageTrace Behavior ::run [ RunTime:0.000593s ]
INFO: [ view_end ] --END-- [ RunTime:0.000674s ]

[ 2014-09-06T22:43:46+08:00 ] 127.0.0.1 /Cars/index.php/Admin/Chart/index
INFO: [ route_check ] --START--
INFO: CheckRoute Behavior ::run [ RunTime:0.001314s ]
INFO: [ route_check ] --END-- [ RunTime:0.001446s ]
INFO: [ app_begin ] --START--
INFO: ReadHtmlCache Behavior ::run [ RunTime:0.001145s ]
INFO: [ app_begin ] --END-- [ RunTime:0.001320s ]
INFO: [ view_parse ] --START--
INFO: ParseTemplate Behavior ::run [ RunTime:0.038286s ]
INFO: [ view_parse ] --END-- [ RunTime:0.038505s ]
INFO: [ view_filter ] --START--
INFO: ContentReplace Behavior ::run [ RunTime:0.001309s ]
INFO: TokenBuild Behavior ::run [ RunTime:0.000960s ]
INFO: WriteHtmlCache Behavior ::run [ RunTime:0.000683s ]
INFO: ShowRuntime Behavior ::run [ RunTime:0.001118s ]
INFO: [ view_filter ] --END-- [ RunTime:0.004443s ]
INFO: [ view_end ] --START--
INFO: ShowPageTrace Behavior ::run [ RunTime:0.000787s ]
INFO: [ view_end ] --END-- [ RunTime:0.000877s ]

[ 2014-09-06T22:43:46+08:00 ] 127.0.0.1 /Cars/index.php/Admin/assets/js/prettify.js
INFO: [ route_check ] --START--
INFO: CheckRoute Behavior ::run [ RunTime:0.001036s ]
INFO: [ route_check ] --END-- [ RunTime:0.001223s ]
INFO: [ app_begin ] --START--
INFO: ReadHtmlCache Behavior ::run [ RunTime:0.000707s ]
INFO: [ app_begin ] --END-- [ RunTime:0.000853s ]
ERR: 无法加载模块:assets

[ 2014-09-06T22:43:47+08:00 ] 127.0.0.1 /Cars/index.php/Admin/Inform/showAllInform
INFO: [ route_check ] --START--
INFO: CheckRoute Behavior ::run [ RunTime:0.001531s ]
INFO: [ route_check ] --END-- [ RunTime:0.001706s ]
INFO: [ app_begin ] --START--
INFO: ReadHtmlCache Behavior ::run [ RunTime:0.001142s ]
INFO: [ app_begin ] --END-- [ RunTime:0.001309s ]
SQL: SHOW COLUMNS FROM `up_inform` [ RunTime:0.031120s ]
SQL: SELECT COUNT(*) AS tp_count FROM `up_inform` LIMIT 1   [ RunTime:0.000295s ]
SQL: SELECT * FROM `up_inform` LIMIT 0,5   [ RunTime:0.000240s ]
NOTIC: [8] Use of undefined constant index - assumed 'index' C:\wamp\www\Cars\APP\Modules\Admin\Action\InformAction.class.php 第 10 行.
INFO: [ view_parse ] --START--
INFO: ParseTemplate Behavior ::run [ RunTime:0.026986s ]
INFO: [ view_parse ] --END-- [ RunTime:0.027109s ]
INFO: [ view_filter ] --START--
INFO: ContentReplace Behavior ::run [ RunTime:0.000733s ]
INFO: TokenBuild Behavior ::run [ RunTime:0.000628s ]
INFO: WriteHtmlCache Behavior ::run [ RunTime:0.000558s ]
INFO: ShowRuntime Behavior ::run [ RunTime:0.000725s ]
INFO: [ view_filter ] --END-- [ RunTime:0.002909s ]
INFO: [ view_end ] --START--
INFO: ShowPageTrace Behavior ::run [ RunTime:0.000729s ]
INFO: [ view_end ] --END-- [ RunTime:0.000813s ]

[ 2014-09-06T22:44:06+08:00 ] 127.0.0.1 /Cars/index.php/Admin/Inform/showAllInform/p/2
INFO: [ route_check ] --START--
INFO: CheckRoute Behavior ::run [ RunTime:0.001154s ]
INFO: [ route_check ] --END-- [ RunTime:0.001338s ]
INFO: [ app_begin ] --START--
INFO: ReadHtmlCache Behavior ::run [ RunTime:0.001050s ]
INFO: [ app_begin ] --END-- [ RunTime:0.001197s ]
SQL: SHOW COLUMNS FROM `up_inform` [ RunTime:0.003849s ]
SQL: SELECT COUNT(*) AS tp_count FROM `up_inform` LIMIT 1   [ RunTime:0.000233s ]
SQL: SELECT * FROM `up_inform` LIMIT 5,5   [ RunTime:0.000189s ]
NOTIC: [8] Use of undefined constant index - assumed 'index' C:\wamp\www\Cars\APP\Modules\Admin\Action\InformAction.class.php 第 10 行.
INFO: [ view_parse ] --START--
INFO: ParseTemplate Behavior ::run [ RunTime:0.009735s ]
INFO: [ view_parse ] --END-- [ RunTime:0.009843s ]
INFO: [ view_filter ] --START--
INFO: ContentReplace Behavior ::run [ RunTime:0.000573s ]
INFO: TokenBuild Behavior ::run [ RunTime:0.000476s ]
INFO: WriteHtmlCache Behavior ::run [ RunTime:0.000336s ]
INFO: ShowRuntime Behavior ::run [ RunTime:0.000558s ]
INFO: [ view_filter ] --END-- [ RunTime:0.002172s ]
INFO: [ view_end ] --START--
INFO: ShowPageTrace Behavior ::run [ RunTime:0.000622s ]
INFO: [ view_end ] --END-- [ RunTime:0.000700s ]

[ 2014-09-06T22:44:33+08:00 ] 127.0.0.1 /Cars/index.php/Admin/User/index/p/2
INFO: [ route_check ] --START--
INFO: CheckRoute Behavior ::run [ RunTime:0.001113s ]
INFO: [ route_check ] --END-- [ RunTime:0.001269s ]
INFO: [ app_begin ] --START--
INFO: ReadHtmlCache Behavior ::run [ RunTime:0.000853s ]
INFO: [ app_begin ] --END-- [ RunTime:0.000984s ]
NOTIC: [8] Use of undefined constant uid - assumed 'uid' C:\wamp\www\Cars\APP\Lib\Action\CommonAction.class.php 第 4 行.
SQL: SHOW COLUMNS FROM `up_user` [ RunTime:0.004496s ]
SQL: SELECT COUNT(*) AS tp_count FROM `up_user` WHERE ( type=0 ) LIMIT 1   [ RunTime:0.000321s ]
SQL: SELECT * FROM `up_user` WHERE ( type=0 ) LIMIT 5,5   [ RunTime:0.000243s ]
INFO: [ view_parse ] --START--
NOTIC: [8] Use of undefined constant __GROUP_NAME__ - assumed '__GROUP_NAME__' C:\wamp\www\Cars\APP\Runtime\Cache\Admin\0af99c6145f464d4841eb41b389029cc.php 第 71 行.
NOTIC: [8] Use of undefined constant __GROUP_NAME__ - assumed '__GROUP_NAME__' C:\wamp\www\Cars\APP\Runtime\Cache\Admin\0af99c6145f464d4841eb41b389029cc.php 第 72 行.
NOTIC: [8] Use of undefined constant __GROUP_NAME__ - assumed '__GROUP_NAME__' C:\wamp\www\Cars\APP\Runtime\Cache\Admin\0af99c6145f464d4841eb41b389029cc.php 第 71 行.
NOTIC: [8] Use of undefined constant __GROUP_NAME__ - assumed '__GROUP_NAME__' C:\wamp\www\Cars\APP\Runtime\Cache\Admin\0af99c6145f464d4841eb41b389029cc.php 第 72 行.
NOTIC: [8] Use of undefined constant __GROUP_NAME__ - assumed '__GROUP_NAME__' C:\wamp\www\Cars\APP\Runtime\Cache\Admin\0af99c6145f464d4841eb41b389029cc.php 第 71 行.
NOTIC: [8] Use of undefined constant __GROUP_NAME__ - assumed '__GROUP_NAME__' C:\wamp\www\Cars\APP\Runtime\Cache\Admin\0af99c6145f464d4841eb41b389029cc.php 第 72 行.
NOTIC: [8] Use of undefined constant __GROUP_NAME__ - assumed '__GROUP_NAME__' C:\wamp\www\Cars\APP\Runtime\Cache\Admin\0af99c6145f464d4841eb41b389029cc.php 第 71 行.
NOTIC: [8] Use of undefined constant __GROUP_NAME__ - assumed '__GROUP_NAME__' C:\wamp\www\Cars\APP\Runtime\Cache\Admin\0af99c6145f464d4841eb41b389029cc.php 第 72 行.
NOTIC: [8] Use of undefined constant __GROUP_NAME__ - assumed '__GROUP_NAME__' C:\wamp\www\Cars\APP\Runtime\Cache\Admin\0af99c6145f464d4841eb41b389029cc.php 第 71 行.
NOTIC: [8] Use of undefined constant __GROUP_NAME__ - assumed '__GROUP_NAME__' C:\wamp\www\Cars\APP\Runtime\Cache\Admin\0af99c6145f464d4841eb41b389029cc.php 第 72 行.
INFO: ParseTemplate Behavior ::run [ RunTime:0.011547s ]
INFO: [ view_parse ] --END-- [ RunTime:0.011645s ]
INFO: [ view_filter ] --START--
INFO: ContentReplace Behavior ::run [ RunTime:0.000581s ]
INFO: TokenBuild Behavior ::run [ RunTime:0.000480s ]
INFO: WriteHtmlCache Behavior ::run [ RunTime:0.000352s ]
INFO: ShowRuntime Behavior ::run [ RunTime:0.000509s ]
INFO: [ view_filter ] --END-- [ RunTime:0.002147s ]
INFO: [ view_end ] --START--
INFO: ShowPageTrace Behavior ::run [ RunTime:0.000572s ]
INFO: [ view_end ] --END-- [ RunTime:0.000648s ]

[ 2014-09-06T22:44:34+08:00 ] 127.0.0.1 /Cars/index.php/Admin/User/index/p/3
INFO: [ route_check ] --START--
INFO: CheckRoute Behavior ::run [ RunTime:0.001149s ]
INFO: [ route_check ] --END-- [ RunTime:0.001312s ]
INFO: [ app_begin ] --START--
INFO: ReadHtmlCache Behavior ::run [ RunTime:0.000558s ]
INFO: [ app_begin ] --END-- [ RunTime:0.000692s ]
NOTIC: [8] Use of undefined constant uid - assumed 'uid' C:\wamp\www\Cars\APP\Lib\Action\CommonAction.class.php 第 4 行.
SQL: SHOW COLUMNS FROM `up_user` [ RunTime:0.004349s ]
SQL: SELECT COUNT(*) AS tp_count FROM `up_user` WHERE ( type=0 ) LIMIT 1   [ RunTime:0.000299s ]
SQL: SELECT * FROM `up_user` WHERE ( type=0 ) LIMIT 10,5   [ RunTime:0.000240s ]
INFO: [ view_parse ] --START--
NOTIC: [8] Use of undefined constant __GROUP_NAME__ - assumed '__GROUP_NAME__' C:\wamp\www\Cars\APP\Runtime\Cache\Admin\0af99c6145f464d4841eb41b389029cc.php 第 71 行.
NOTIC: [8] Use of undefined constant __GROUP_NAME__ - assumed '__GROUP_NAME__' C:\wamp\www\Cars\APP\Runtime\Cache\Admin\0af99c6145f464d4841eb41b389029cc.php 第 72 行.
INFO: ParseTemplate Behavior ::run [ RunTime:0.010745s ]
INFO: [ view_parse ] --END-- [ RunTime:0.010846s ]
INFO: [ view_filter ] --START--
INFO: ContentReplace Behavior ::run [ RunTime:0.000521s ]
INFO: TokenBuild Behavior ::run [ RunTime:0.000468s ]
INFO: WriteHtmlCache Behavior ::run [ RunTime:0.000343s ]
INFO: ShowRuntime Behavior ::run [ RunTime:0.000534s ]
INFO: [ view_filter ] --END-- [ RunTime:0.002097s ]
INFO: [ view_end ] --START--
INFO: ShowPageTrace Behavior ::run [ RunTime:0.000597s ]
INFO: [ view_end ] --END-- [ RunTime:0.000680s ]

