[ 2014-09-17T08:29:47+08:00 ] 127.0.0.1 /Cars/index.php/Index/Index/index
INFO: [ route_check ] --START--
INFO: CheckRoute Behavior ::run [ RunTime:0.048863s ]
INFO: [ route_check ] --END-- [ RunTime:0.049582s ]
INFO: [ app_begin ] --START--
INFO: ReadHtmlCache Behavior ::run [ RunTime:0.022882s ]
INFO: [ app_begin ] --END-- [ RunTime:0.023002s ]
SQL: SHOW COLUMNS FROM `up_inform` [ RunTime:0.552181s ]
SQL: SELECT * FROM `up_inform` ORDER BY time desc LIMIT 5   [ RunTime:0.080220s ]
SQL: SHOW COLUMNS FROM `up_activity` [ RunTime:0.047451s ]
SQL: SELECT * FROM `up_activity` ORDER BY starttime desc LIMIT 16   [ RunTime:0.000572s ]
SQL: SELECT * FROM `up_activity` ORDER BY starttime desc LIMIT 18   [ RunTime:0.000408s ]
SQL: SELECT * FROM `up_activity` ORDER BY starttime desc LIMIT 16   [ RunTime:0.000585s ]
SQL: SELECT * FROM `up_activity` ORDER BY starttime desc LIMIT 16   [ RunTime:0.000506s ]
INFO: [ view_parse ] --START--
NOTIC: [8] Use of undefined constant title - assumed 'title' C:\wamp\www\Cars\APP\Runtime\Cache\Index\dff44c8e9ebea4949049842757e96f1a.php 第 207 行.
NOTIC: [8] Use of undefined constant starttime - assumed 'starttime' C:\wamp\www\Cars\APP\Runtime\Cache\Index\dff44c8e9ebea4949049842757e96f1a.php 第 208 行.
NOTIC: [8] Use of undefined constant title - assumed 'title' C:\wamp\www\Cars\APP\Runtime\Cache\Index\dff44c8e9ebea4949049842757e96f1a.php 第 214 行.
NOTIC: [8] Use of undefined constant starttime - assumed 'starttime' C:\wamp\www\Cars\APP\Runtime\Cache\Index\dff44c8e9ebea4949049842757e96f1a.php 第 215 行.
NOTIC: [8] Use of undefined constant title - assumed 'title' C:\wamp\www\Cars\APP\Runtime\Cache\Index\dff44c8e9ebea4949049842757e96f1a.php 第 219 行.
NOTIC: [8] Use of undefined constant starttime - assumed 'starttime' C:\wamp\www\Cars\APP\Runtime\Cache\Index\dff44c8e9ebea4949049842757e96f1a.php 第 220 行.
NOTIC: [8] Use of undefined constant title - assumed 'title' C:\wamp\www\Cars\APP\Runtime\Cache\Index\dff44c8e9ebea4949049842757e96f1a.php 第 224 行.
NOTIC: [8] Use of undefined constant starttime - assumed 'starttime' C:\wamp\www\Cars\APP\Runtime\Cache\Index\dff44c8e9ebea4949049842757e96f1a.php 第 225 行.
NOTIC: [8] Use of undefined constant title - assumed 'title' C:\wamp\www\Cars\APP\Runtime\Cache\Index\dff44c8e9ebea4949049842757e96f1a.php 第 229 行.
NOTIC: [8] Use of undefined constant starttime - assumed 'starttime' C:\wamp\www\Cars\APP\Runtime\Cache\Index\dff44c8e9ebea4949049842757e96f1a.php 第 230 行.
NOTIC: [8] Use of undefined constant title - assumed 'title' C:\wamp\www\Cars\APP\Runtime\Cache\Index\dff44c8e9ebea4949049842757e96f1a.php 第 234 行.
NOTIC: [8] Use of undefined constant starttime - assumed 'starttime' C:\wamp\www\Cars\APP\Runtime\Cache\Index\dff44c8e9ebea4949049842757e96f1a.php 第 235 行.
NOTIC: [8] Use of undefined constant title - assumed 'title' C:\wamp\www\Cars\APP\Runtime\Cache\Index\dff44c8e9ebea4949049842757e96f1a.php 第 239 行.
NOTIC: [8] Use of undefined constant starttime - assumed 'starttime' C:\wamp\www\Cars\APP\Runtime\Cache\Index\dff44c8e9ebea4949049842757e96f1a.php 第 240 行.
NOTIC: [8] Use of undefined constant title - assumed 'title' C:\wamp\www\Cars\APP\Runtime\Cache\Index\dff44c8e9ebea4949049842757e96f1a.php 第 244 行.
NOTIC: [8] Use of undefined constant starttime - assumed 'starttime' C:\wamp\www\Cars\APP\Runtime\Cache\Index\dff44c8e9ebea4949049842757e96f1a.php 第 245 行.
NOTIC: [8] Use of undefined constant title - assumed 'title' C:\wamp\www\Cars\APP\Runtime\Cache\Index\dff44c8e9ebea4949049842757e96f1a.php 第 249 行.
NOTIC: [8] Use of undefined constant starttime - assumed 'starttime' C:\wamp\www\Cars\APP\Runtime\Cache\Index\dff44c8e9ebea4949049842757e96f1a.php 第 250 行.
NOTIC: [8] Use of undefined constant title - assumed 'title' C:\wamp\www\Cars\APP\Runtime\Cache\Index\dff44c8e9ebea4949049842757e96f1a.php 第 254 行.
NOTIC: [8] Use of undefined constant starttime - assumed 'starttime' C:\wamp\www\Cars\APP\Runtime\Cache\Index\dff44c8e9ebea4949049842757e96f1a.php 第 255 行.
INFO: ParseTemplate Behavior ::run [ RunTime:0.219310s ]
INFO: [ view_parse ] --END-- [ RunTime:0.219424s ]
INFO: [ view_filter ] --START--
INFO: ContentReplace Behavior ::run [ RunTime:0.042779s ]
INFO: TokenBuild Behavior ::run [ RunTime:0.014134s ]
INFO: WriteHtmlCache Behavior ::run [ RunTime:0.016026s ]
INFO: ShowRuntime Behavior ::run [ RunTime:0.007296s ]
INFO: [ view_filter ] --END-- [ RunTime:0.081028s ]
INFO: [ view_end ] --START--
INFO: ShowPageTrace Behavior ::run [ RunTime:0.020817s ]
INFO: [ view_end ] --END-- [ RunTime:0.021052s ]

[ 2014-09-17T08:29:59+08:00 ] 127.0.0.1 /Cars/index.php/Index/Login/index
INFO: [ route_check ] --START--
INFO: CheckRoute Behavior ::run [ RunTime:0.001495s ]
INFO: [ route_check ] --END-- [ RunTime:0.001675s ]
INFO: [ app_begin ] --START--
INFO: ReadHtmlCache Behavior ::run [ RunTime:0.001181s ]
INFO: [ app_begin ] --END-- [ RunTime:0.001334s ]
INFO: [ view_parse ] --START--
INFO: ParseTemplate Behavior ::run [ RunTime:0.038790s ]
INFO: [ view_parse ] --END-- [ RunTime:0.039065s ]
INFO: [ view_filter ] --START--
INFO: ContentReplace Behavior ::run [ RunTime:0.001705s ]
INFO: TokenBuild Behavior ::run [ RunTime:0.001851s ]
INFO: WriteHtmlCache Behavior ::run [ RunTime:0.001977s ]
INFO: ShowRuntime Behavior ::run [ RunTime:0.001772s ]
INFO: [ view_filter ] --END-- [ RunTime:0.007914s ]
INFO: [ view_end ] --START--
INFO: ShowPageTrace Behavior ::run [ RunTime:0.001216s ]
INFO: [ view_end ] --END-- [ RunTime:0.001331s ]

[ 2014-09-17T08:30:00+08:00 ] 127.0.0.1 /Cars/index.php/Index/Login/verify
INFO: [ route_check ] --START--
INFO: CheckRoute Behavior ::run [ RunTime:0.001120s ]
INFO: [ route_check ] --END-- [ RunTime:0.001292s ]
INFO: [ app_begin ] --START--
INFO: ReadHtmlCache Behavior ::run [ RunTime:0.000965s ]
INFO: [ app_begin ] --END-- [ RunTime:0.001116s ]

[ 2014-09-17T23:09:35+08:00 ] 127.0.0.1 /Cars/index.php
INFO: [ app_begin ] --START--
INFO: ReadHtmlCache Behavior ::run [ RunTime:0.136646s ]
INFO: [ app_begin ] --END-- [ RunTime:0.136796s ]
ERR: 无法加载模块:Index

[ 2014-09-17T23:09:41+08:00 ] 127.0.0.1 /Cars/index.php/Index
INFO: [ route_check ] --START--
INFO: CheckRoute Behavior ::run [ RunTime:0.056689s ]
INFO: [ route_check ] --END-- [ RunTime:0.056840s ]
INFO: [ app_begin ] --START--
INFO: ReadHtmlCache Behavior ::run [ RunTime:0.000679s ]
INFO: [ app_begin ] --END-- [ RunTime:0.000780s ]
SQL: SHOW COLUMNS FROM `up_inform` [ RunTime:0.502204s ]
SQL: SELECT * FROM `up_inform` ORDER BY time desc LIMIT 5   [ RunTime:0.141755s ]
SQL: SHOW COLUMNS FROM `up_activity` [ RunTime:0.016583s ]
SQL: SELECT * FROM `up_activity` ORDER BY starttime desc LIMIT 16   [ RunTime:0.049324s ]
SQL: SELECT * FROM `up_activity` ORDER BY starttime desc LIMIT 18   [ RunTime:0.000762s ]
SQL: SELECT * FROM `up_activity` ORDER BY starttime desc LIMIT 16   [ RunTime:0.000604s ]
SQL: SELECT * FROM `up_activity` ORDER BY starttime desc LIMIT 16   [ RunTime:0.083235s ]
INFO: [ view_parse ] --START--
NOTIC: [8] Use of undefined constant title - assumed 'title' C:\wamp\www\Cars\APP\Runtime\Cache\Index\dff44c8e9ebea4949049842757e96f1a.php 第 207 行.
NOTIC: [8] Use of undefined constant starttime - assumed 'starttime' C:\wamp\www\Cars\APP\Runtime\Cache\Index\dff44c8e9ebea4949049842757e96f1a.php 第 208 行.
NOTIC: [8] Use of undefined constant title - assumed 'title' C:\wamp\www\Cars\APP\Runtime\Cache\Index\dff44c8e9ebea4949049842757e96f1a.php 第 214 行.
NOTIC: [8] Use of undefined constant starttime - assumed 'starttime' C:\wamp\www\Cars\APP\Runtime\Cache\Index\dff44c8e9ebea4949049842757e96f1a.php 第 215 行.
NOTIC: [8] Use of undefined constant title - assumed 'title' C:\wamp\www\Cars\APP\Runtime\Cache\Index\dff44c8e9ebea4949049842757e96f1a.php 第 219 行.
NOTIC: [8] Use of undefined constant starttime - assumed 'starttime' C:\wamp\www\Cars\APP\Runtime\Cache\Index\dff44c8e9ebea4949049842757e96f1a.php 第 220 行.
NOTIC: [8] Use of undefined constant title - assumed 'title' C:\wamp\www\Cars\APP\Runtime\Cache\Index\dff44c8e9ebea4949049842757e96f1a.php 第 224 行.
NOTIC: [8] Use of undefined constant starttime - assumed 'starttime' C:\wamp\www\Cars\APP\Runtime\Cache\Index\dff44c8e9ebea4949049842757e96f1a.php 第 225 行.
NOTIC: [8] Use of undefined constant title - assumed 'title' C:\wamp\www\Cars\APP\Runtime\Cache\Index\dff44c8e9ebea4949049842757e96f1a.php 第 229 行.
NOTIC: [8] Use of undefined constant starttime - assumed 'starttime' C:\wamp\www\Cars\APP\Runtime\Cache\Index\dff44c8e9ebea4949049842757e96f1a.php 第 230 行.
NOTIC: [8] Use of undefined constant title - assumed 'title' C:\wamp\www\Cars\APP\Runtime\Cache\Index\dff44c8e9ebea4949049842757e96f1a.php 第 234 行.
NOTIC: [8] Use of undefined constant starttime - assumed 'starttime' C:\wamp\www\Cars\APP\Runtime\Cache\Index\dff44c8e9ebea4949049842757e96f1a.php 第 235 行.
NOTIC: [8] Use of undefined constant title - assumed 'title' C:\wamp\www\Cars\APP\Runtime\Cache\Index\dff44c8e9ebea4949049842757e96f1a.php 第 239 行.
NOTIC: [8] Use of undefined constant starttime - assumed 'starttime' C:\wamp\www\Cars\APP\Runtime\Cache\Index\dff44c8e9ebea4949049842757e96f1a.php 第 240 行.
NOTIC: [8] Use of undefined constant title - assumed 'title' C:\wamp\www\Cars\APP\Runtime\Cache\Index\dff44c8e9ebea4949049842757e96f1a.php 第 244 行.
NOTIC: [8] Use of undefined constant starttime - assumed 'starttime' C:\wamp\www\Cars\APP\Runtime\Cache\Index\dff44c8e9ebea4949049842757e96f1a.php 第 245 行.
NOTIC: [8] Use of undefined constant title - assumed 'title' C:\wamp\www\Cars\APP\Runtime\Cache\Index\dff44c8e9ebea4949049842757e96f1a.php 第 249 行.
NOTIC: [8] Use of undefined constant starttime - assumed 'starttime' C:\wamp\www\Cars\APP\Runtime\Cache\Index\dff44c8e9ebea4949049842757e96f1a.php 第 250 行.
NOTIC: [8] Use of undefined constant title - assumed 'title' C:\wamp\www\Cars\APP\Runtime\Cache\Index\dff44c8e9ebea4949049842757e96f1a.php 第 254 行.
NOTIC: [8] Use of undefined constant starttime - assumed 'starttime' C:\wamp\www\Cars\APP\Runtime\Cache\Index\dff44c8e9ebea4949049842757e96f1a.php 第 255 行.
INFO: ParseTemplate Behavior ::run [ RunTime:0.324312s ]
INFO: [ view_parse ] --END-- [ RunTime:0.324461s ]
INFO: [ view_filter ] --START--
INFO: ContentReplace Behavior ::run [ RunTime:0.038125s ]
INFO: TokenBuild Behavior ::run [ RunTime:0.013465s ]
INFO: WriteHtmlCache Behavior ::run [ RunTime:0.004606s ]
INFO: ShowRuntime Behavior ::run [ RunTime:0.010984s ]
INFO: [ view_filter ] --END-- [ RunTime:0.067579s ]
INFO: [ view_end ] --START--
INFO: ShowPageTrace Behavior ::run [ RunTime:0.028460s ]
INFO: [ view_end ] --END-- [ RunTime:0.028618s ]

[ 2014-09-17T23:09:43+08:00 ] 127.0.0.1 /Cars/index.php/Index/Login/index
INFO: [ route_check ] --START--
INFO: CheckRoute Behavior ::run [ RunTime:0.000834s ]
INFO: [ route_check ] --END-- [ RunTime:0.000960s ]
INFO: [ app_begin ] --START--
INFO: ReadHtmlCache Behavior ::run [ RunTime:0.000632s ]
INFO: [ app_begin ] --END-- [ RunTime:0.000724s ]
INFO: [ view_parse ] --START--
INFO: ParseTemplate Behavior ::run [ RunTime:0.046243s ]
INFO: [ view_parse ] --END-- [ RunTime:0.046404s ]
INFO: [ view_filter ] --START--
INFO: ContentReplace Behavior ::run [ RunTime:0.000629s ]
INFO: TokenBuild Behavior ::run [ RunTime:0.000498s ]
INFO: WriteHtmlCache Behavior ::run [ RunTime:0.000384s ]
INFO: ShowRuntime Behavior ::run [ RunTime:0.000683s ]
INFO: [ view_filter ] --END-- [ RunTime:0.002443s ]
INFO: [ view_end ] --START--
INFO: ShowPageTrace Behavior ::run [ RunTime:0.000757s ]
INFO: [ view_end ] --END-- [ RunTime:0.000853s ]

[ 2014-09-17T23:09:44+08:00 ] 127.0.0.1 /Cars/index.php/Index/Login/verify
INFO: [ route_check ] --START--
INFO: CheckRoute Behavior ::run [ RunTime:0.001172s ]
INFO: [ route_check ] --END-- [ RunTime:0.001301s ]
INFO: [ app_begin ] --START--
INFO: ReadHtmlCache Behavior ::run [ RunTime:0.001196s ]
INFO: [ app_begin ] --END-- [ RunTime:0.001340s ]

[ 2014-09-17T23:13:03+08:00 ] 127.0.0.1 /Cars/index.php/Index/Login/login
INFO: [ route_check ] --START--
INFO: CheckRoute Behavior ::run [ RunTime:0.001042s ]
INFO: [ route_check ] --END-- [ RunTime:0.001160s ]
INFO: [ app_begin ] --START--
INFO: ReadHtmlCache Behavior ::run [ RunTime:0.001036s ]
INFO: [ app_begin ] --END-- [ RunTime:0.001190s ]
INFO: [ view_parse ] --START--
INFO: ParseTemplate Behavior ::run [ RunTime:0.027134s ]
INFO: [ view_parse ] --END-- [ RunTime:0.027276s ]
INFO: [ view_filter ] --START--
INFO: ContentReplace Behavior ::run [ RunTime:0.000642s ]
INFO: TokenBuild Behavior ::run [ RunTime:0.000556s ]
INFO: WriteHtmlCache Behavior ::run [ RunTime:0.000545s ]
INFO: ShowRuntime Behavior ::run [ RunTime:0.000766s ]
INFO: [ view_filter ] --END-- [ RunTime:0.002816s ]
INFO: [ view_end ] --START--
INFO: ShowPageTrace Behavior ::run [ RunTime:0.000810s ]
INFO: [ view_end ] --END-- [ RunTime:0.000901s ]

[ 2014-09-17T23:13:06+08:00 ] 127.0.0.1 /Cars/index.php/Index/Login/index
INFO: [ route_check ] --START--
INFO: CheckRoute Behavior ::run [ RunTime:0.000912s ]
INFO: [ route_check ] --END-- [ RunTime:0.003250s ]
INFO: [ app_begin ] --START--
INFO: ReadHtmlCache Behavior ::run [ RunTime:0.000626s ]
INFO: [ app_begin ] --END-- [ RunTime:0.000718s ]
INFO: [ view_parse ] --START--
INFO: ParseTemplate Behavior ::run [ RunTime:0.013600s ]
INFO: [ view_parse ] --END-- [ RunTime:0.013725s ]
INFO: [ view_filter ] --START--
INFO: ContentReplace Behavior ::run [ RunTime:0.000654s ]
INFO: TokenBuild Behavior ::run [ RunTime:0.000625s ]
INFO: WriteHtmlCache Behavior ::run [ RunTime:0.000381s ]
INFO: ShowRuntime Behavior ::run [ RunTime:0.000641s ]
INFO: [ view_filter ] --END-- [ RunTime:0.002570s ]
INFO: [ view_end ] --START--
INFO: ShowPageTrace Behavior ::run [ RunTime:0.000660s ]
INFO: [ view_end ] --END-- [ RunTime:0.000744s ]

[ 2014-09-17T23:13:06+08:00 ] 127.0.0.1 /Cars/index.php/Index/Login/verify
INFO: [ route_check ] --START--
INFO: CheckRoute Behavior ::run [ RunTime:0.000960s ]
INFO: [ route_check ] --END-- [ RunTime:0.001069s ]
INFO: [ app_begin ] --START--
INFO: ReadHtmlCache Behavior ::run [ RunTime:0.000655s ]
INFO: [ app_begin ] --END-- [ RunTime:0.000746s ]

[ 2014-09-17T23:13:08+08:00 ] 127.0.0.1 /Cars/index.php/Index/Login/index
INFO: [ route_check ] --START--
INFO: CheckRoute Behavior ::run [ RunTime:0.001160s ]
INFO: [ route_check ] --END-- [ RunTime:0.001305s ]
INFO: [ app_begin ] --START--
INFO: ReadHtmlCache Behavior ::run [ RunTime:0.000741s ]
INFO: [ app_begin ] --END-- [ RunTime:0.000849s ]
INFO: [ view_parse ] --START--
INFO: ParseTemplate Behavior ::run [ RunTime:0.013102s ]
INFO: [ view_parse ] --END-- [ RunTime:0.013214s ]
INFO: [ view_filter ] --START--
INFO: ContentReplace Behavior ::run [ RunTime:0.000705s ]
INFO: TokenBuild Behavior ::run [ RunTime:0.000551s ]
INFO: WriteHtmlCache Behavior ::run [ RunTime:0.000438s ]
INFO: ShowRuntime Behavior ::run [ RunTime:0.000626s ]
INFO: [ view_filter ] --END-- [ RunTime:0.002548s ]
INFO: [ view_end ] --START--
INFO: ShowPageTrace Behavior ::run [ RunTime:0.000694s ]
INFO: [ view_end ] --END-- [ RunTime:0.000778s ]

[ 2014-09-17T23:13:25+08:00 ] 127.0.0.1 /Cars/index.php/Index/Login/login
INFO: [ route_check ] --START--
INFO: CheckRoute Behavior ::run [ RunTime:0.000948s ]
INFO: [ route_check ] --END-- [ RunTime:0.001057s ]
INFO: [ app_begin ] --START--
INFO: ReadHtmlCache Behavior ::run [ RunTime:0.000719s ]
INFO: [ app_begin ] --END-- [ RunTime:0.000809s ]
SQL: SHOW COLUMNS FROM `up_user` [ RunTime:0.429186s ]
SQL: SELECT * FROM `up_user` WHERE ( `uid` = 1208067024 ) LIMIT 1   [ RunTime:0.056142s ]
SQL: UPDATE `up_user` SET `logintime`=1410966804,`loginip`='127.0.0.1' WHERE ( `id` = 50 ) [ RunTime:0.459565s ]

[ 2014-09-17T23:13:25+08:00 ] 127.0.0.1 /Cars/index.php/Index
INFO: [ route_check ] --START--
INFO: CheckRoute Behavior ::run [ RunTime:0.001355s ]
INFO: [ route_check ] --END-- [ RunTime:0.001522s ]
INFO: [ app_begin ] --START--
INFO: ReadHtmlCache Behavior ::run [ RunTime:0.001444s ]
INFO: [ app_begin ] --END-- [ RunTime:0.001773s ]
SQL: SHOW COLUMNS FROM `up_inform` [ RunTime:0.041363s ]
SQL: SELECT * FROM `up_inform` ORDER BY time desc LIMIT 5   [ RunTime:0.001246s ]
SQL: SHOW COLUMNS FROM `up_activity` [ RunTime:0.011537s ]
SQL: SELECT * FROM `up_activity` ORDER BY starttime desc LIMIT 16   [ RunTime:0.028227s ]
SQL: SELECT * FROM `up_activity` ORDER BY starttime desc LIMIT 18   [ RunTime:0.001003s ]
SQL: SELECT * FROM `up_activity` ORDER BY starttime desc LIMIT 16   [ RunTime:0.000828s ]
SQL: SELECT * FROM `up_activity` ORDER BY starttime desc LIMIT 16   [ RunTime:0.000689s ]
INFO: [ view_parse ] --START--
NOTIC: [8] Use of undefined constant title - assumed 'title' C:\wamp\www\Cars\APP\Runtime\Cache\Index\dff44c8e9ebea4949049842757e96f1a.php 第 207 行.
NOTIC: [8] Use of undefined constant starttime - assumed 'starttime' C:\wamp\www\Cars\APP\Runtime\Cache\Index\dff44c8e9ebea4949049842757e96f1a.php 第 208 行.
NOTIC: [8] Use of undefined constant title - assumed 'title' C:\wamp\www\Cars\APP\Runtime\Cache\Index\dff44c8e9ebea4949049842757e96f1a.php 第 214 行.
NOTIC: [8] Use of undefined constant starttime - assumed 'starttime' C:\wamp\www\Cars\APP\Runtime\Cache\Index\dff44c8e9ebea4949049842757e96f1a.php 第 215 行.
NOTIC: [8] Use of undefined constant title - assumed 'title' C:\wamp\www\Cars\APP\Runtime\Cache\Index\dff44c8e9ebea4949049842757e96f1a.php 第 219 行.
NOTIC: [8] Use of undefined constant starttime - assumed 'starttime' C:\wamp\www\Cars\APP\Runtime\Cache\Index\dff44c8e9ebea4949049842757e96f1a.php 第 220 行.
NOTIC: [8] Use of undefined constant title - assumed 'title' C:\wamp\www\Cars\APP\Runtime\Cache\Index\dff44c8e9ebea4949049842757e96f1a.php 第 224 行.
NOTIC: [8] Use of undefined constant starttime - assumed 'starttime' C:\wamp\www\Cars\APP\Runtime\Cache\Index\dff44c8e9ebea4949049842757e96f1a.php 第 225 行.
NOTIC: [8] Use of undefined constant title - assumed 'title' C:\wamp\www\Cars\APP\Runtime\Cache\Index\dff44c8e9ebea4949049842757e96f1a.php 第 229 行.
NOTIC: [8] Use of undefined constant starttime - assumed 'starttime' C:\wamp\www\Cars\APP\Runtime\Cache\Index\dff44c8e9ebea4949049842757e96f1a.php 第 230 行.
NOTIC: [8] Use of undefined constant title - assumed 'title' C:\wamp\www\Cars\APP\Runtime\Cache\Index\dff44c8e9ebea4949049842757e96f1a.php 第 234 行.
NOTIC: [8] Use of undefined constant starttime - assumed 'starttime' C:\wamp\www\Cars\APP\Runtime\Cache\Index\dff44c8e9ebea4949049842757e96f1a.php 第 235 行.
NOTIC: [8] Use of undefined constant title - assumed 'title' C:\wamp\www\Cars\APP\Runtime\Cache\Index\dff44c8e9ebea4949049842757e96f1a.php 第 239 行.
NOTIC: [8] Use of undefined constant starttime - assumed 'starttime' C:\wamp\www\Cars\APP\Runtime\Cache\Index\dff44c8e9ebea4949049842757e96f1a.php 第 240 行.
NOTIC: [8] Use of undefined constant title - assumed 'title' C:\wamp\www\Cars\APP\Runtime\Cache\Index\dff44c8e9ebea4949049842757e96f1a.php 第 244 行.
NOTIC: [8] Use of undefined constant starttime - assumed 'starttime' C:\wamp\www\Cars\APP\Runtime\Cache\Index\dff44c8e9ebea4949049842757e96f1a.php 第 245 行.
NOTIC: [8] Use of undefined constant title - assumed 'title' C:\wamp\www\Cars\APP\Runtime\Cache\Index\dff44c8e9ebea4949049842757e96f1a.php 第 249 行.
NOTIC: [8] Use of undefined constant starttime - assumed 'starttime' C:\wamp\www\Cars\APP\Runtime\Cache\Index\dff44c8e9ebea4949049842757e96f1a.php 第 250 行.
NOTIC: [8] Use of undefined constant title - assumed 'title' C:\wamp\www\Cars\APP\Runtime\Cache\Index\dff44c8e9ebea4949049842757e96f1a.php 第 254 行.
NOTIC: [8] Use of undefined constant starttime - assumed 'starttime' C:\wamp\www\Cars\APP\Runtime\Cache\Index\dff44c8e9ebea4949049842757e96f1a.php 第 255 行.
INFO: ParseTemplate Behavior ::run [ RunTime:0.064106s ]
INFO: [ view_parse ] --END-- [ RunTime:0.064251s ]
INFO: [ view_filter ] --START--
INFO: ContentReplace Behavior ::run [ RunTime:0.001306s ]
INFO: TokenBuild Behavior ::run [ RunTime:0.000891s ]
INFO: WriteHtmlCache Behavior ::run [ RunTime:0.000663s ]
INFO: ShowRuntime Behavior ::run [ RunTime:0.000937s ]
INFO: [ view_filter ] --END-- [ RunTime:0.004148s ]
INFO: [ view_end ] --START--
INFO: ShowPageTrace Behavior ::run [ RunTime:0.000746s ]
INFO: [ view_end ] --END-- [ RunTime:0.000832s ]

[ 2014-09-17T23:13:30+08:00 ] 127.0.0.1 /Cars/index.php/Index/Read/detailActivity/aid/39/position/%E6%A0%A1%E7%BA%A7%E6%B4%BB%E5%8A%A8
INFO: [ route_check ] --START--
INFO: CheckRoute Behavior ::run [ RunTime:0.000748s ]
INFO: [ route_check ] --END-- [ RunTime:0.000891s ]
INFO: [ app_begin ] --START--
INFO: ReadHtmlCache Behavior ::run [ RunTime:0.000693s ]
INFO: [ app_begin ] --END-- [ RunTime:0.000794s ]
SQL: SHOW COLUMNS FROM `up_regform` [ RunTime:0.115575s ]
SQL: SELECT * FROM `up_regform` WHERE ( aid=39 )  [ RunTime:0.023678s ]
SQL: SHOW COLUMNS FROM `up_activity` [ RunTime:0.005541s ]
SQL: SELECT * FROM `up_activity` WHERE ( aid=39 )  [ RunTime:0.000380s ]
NOTIC: [8] Use of undefined constant state - assumed 'state' C:\wamp\www\Cars\APP\Modules\Index\Action\ReadAction.class.php 第 26 行.
NOTIC: [8] Use of undefined constant link - assumed 'link' C:\wamp\www\Cars\APP\Modules\Index\Action\ReadAction.class.php 第 27 行.
NOTIC: [8] Use of undefined constant state - assumed 'state' C:\wamp\www\Cars\APP\Modules\Index\Action\ReadAction.class.php 第 33 行.
NOTIC: [8] Use of undefined constant link - assumed 'link' C:\wamp\www\Cars\APP\Modules\Index\Action\ReadAction.class.php 第 34 行.
SQL: SELECT * FROM `up_activity` LIMIT 10   [ RunTime:0.000292s ]
SQL: SHOW COLUMNS FROM `up_activity` [ RunTime:0.004542s ]
SQL: SELECT * FROM `up_activity` ORDER BY starttime desc LIMIT 16   [ RunTime:0.000501s ]
NOTIC: [8] Use of undefined constant index - assumed 'index' C:\wamp\www\Cars\APP\Modules\Index\Action\ReadAction.class.php 第 67 行.
INFO: [ view_parse ] --START--
NOTIC: [8] Use of undefined constant title - assumed 'title' C:\wamp\www\Cars\APP\Runtime\Cache\Index\fe625d9b2787a9ca7643042b4c647e46.php 第 353 行.
NOTIC: [8] Use of undefined constant starttime - assumed 'starttime' C:\wamp\www\Cars\APP\Runtime\Cache\Index\fe625d9b2787a9ca7643042b4c647e46.php 第 354 行.
NOTIC: [8] Use of undefined constant title - assumed 'title' C:\wamp\www\Cars\APP\Runtime\Cache\Index\fe625d9b2787a9ca7643042b4c647e46.php 第 360 行.
NOTIC: [8] Use of undefined constant starttime - assumed 'starttime' C:\wamp\www\Cars\APP\Runtime\Cache\Index\fe625d9b2787a9ca7643042b4c647e46.php 第 361 行.
NOTIC: [8] Use of undefined constant title - assumed 'title' C:\wamp\www\Cars\APP\Runtime\Cache\Index\fe625d9b2787a9ca7643042b4c647e46.php 第 365 行.
NOTIC: [8] Use of undefined constant starttime - assumed 'starttime' C:\wamp\www\Cars\APP\Runtime\Cache\Index\fe625d9b2787a9ca7643042b4c647e46.php 第 366 行.
NOTIC: [8] Use of undefined constant title - assumed 'title' C:\wamp\www\Cars\APP\Runtime\Cache\Index\fe625d9b2787a9ca7643042b4c647e46.php 第 370 行.
NOTIC: [8] Use of undefined constant starttime - assumed 'starttime' C:\wamp\www\Cars\APP\Runtime\Cache\Index\fe625d9b2787a9ca7643042b4c647e46.php 第 371 行.
NOTIC: [8] Use of undefined constant title - assumed 'title' C:\wamp\www\Cars\APP\Runtime\Cache\Index\fe625d9b2787a9ca7643042b4c647e46.php 第 375 行.
NOTIC: [8] Use of undefined constant starttime - assumed 'starttime' C:\wamp\www\Cars\APP\Runtime\Cache\Index\fe625d9b2787a9ca7643042b4c647e46.php 第 376 行.
NOTIC: [8] Use of undefined constant title - assumed 'title' C:\wamp\www\Cars\APP\Runtime\Cache\Index\fe625d9b2787a9ca7643042b4c647e46.php 第 380 行.
NOTIC: [8] Use of undefined constant starttime - assumed 'starttime' C:\wamp\www\Cars\APP\Runtime\Cache\Index\fe625d9b2787a9ca7643042b4c647e46.php 第 381 行.
NOTIC: [8] Use of undefined constant title - assumed 'title' C:\wamp\www\Cars\APP\Runtime\Cache\Index\fe625d9b2787a9ca7643042b4c647e46.php 第 385 行.
NOTIC: [8] Use of undefined constant starttime - assumed 'starttime' C:\wamp\www\Cars\APP\Runtime\Cache\Index\fe625d9b2787a9ca7643042b4c647e46.php 第 386 行.
NOTIC: [8] Use of undefined constant title - assumed 'title' C:\wamp\www\Cars\APP\Runtime\Cache\Index\fe625d9b2787a9ca7643042b4c647e46.php 第 390 行.
NOTIC: [8] Use of undefined constant starttime - assumed 'starttime' C:\wamp\www\Cars\APP\Runtime\Cache\Index\fe625d9b2787a9ca7643042b4c647e46.php 第 391 行.
NOTIC: [8] Use of undefined constant title - assumed 'title' C:\wamp\www\Cars\APP\Runtime\Cache\Index\fe625d9b2787a9ca7643042b4c647e46.php 第 395 行.
NOTIC: [8] Use of undefined constant starttime - assumed 'starttime' C:\wamp\www\Cars\APP\Runtime\Cache\Index\fe625d9b2787a9ca7643042b4c647e46.php 第 396 行.
NOTIC: [8] Use of undefined constant title - assumed 'title' C:\wamp\www\Cars\APP\Runtime\Cache\Index\fe625d9b2787a9ca7643042b4c647e46.php 第 400 行.
NOTIC: [8] Use of undefined constant starttime - assumed 'starttime' C:\wamp\www\Cars\APP\Runtime\Cache\Index\fe625d9b2787a9ca7643042b4c647e46.php 第 401 行.
INFO: ParseTemplate Behavior ::run [ RunTime:0.062214s ]
INFO: [ view_parse ] --END-- [ RunTime:0.062309s ]
INFO: [ view_filter ] --START--
INFO: ContentReplace Behavior ::run [ RunTime:0.000827s ]
INFO: TokenBuild Behavior ::run [ RunTime:0.000761s ]
INFO: WriteHtmlCache Behavior ::run [ RunTime:0.000536s ]
INFO: ShowRuntime Behavior ::run [ RunTime:0.000871s ]
INFO: [ view_filter ] --END-- [ RunTime:0.003330s ]
INFO: [ view_end ] --START--
INFO: ShowPageTrace Behavior ::run [ RunTime:0.000706s ]
INFO: [ view_end ] --END-- [ RunTime:0.000802s ]

[ 2014-09-17T23:14:05+08:00 ] 127.0.0.1 /Cars/index.php/Index/Index/index
INFO: [ route_check ] --START--
INFO: CheckRoute Behavior ::run [ RunTime:0.001616s ]
INFO: [ route_check ] --END-- [ RunTime:0.001787s ]
INFO: [ app_begin ] --START--
INFO: ReadHtmlCache Behavior ::run [ RunTime:0.000953s ]
INFO: [ app_begin ] --END-- [ RunTime:0.001093s ]
SQL: SHOW COLUMNS FROM `up_inform` [ RunTime:0.018920s ]
SQL: SELECT * FROM `up_inform` ORDER BY time desc LIMIT 5   [ RunTime:0.000565s ]
SQL: SHOW COLUMNS FROM `up_activity` [ RunTime:0.004708s ]
SQL: SELECT * FROM `up_activity` ORDER BY starttime desc LIMIT 16   [ RunTime:0.000503s ]
SQL: SELECT * FROM `up_activity` ORDER BY starttime desc LIMIT 18   [ RunTime:0.000369s ]
SQL: SELECT * FROM `up_activity` ORDER BY starttime desc LIMIT 16   [ RunTime:0.000358s ]
SQL: SELECT * FROM `up_activity` ORDER BY starttime desc LIMIT 16   [ RunTime:0.000339s ]
INFO: [ view_parse ] --START--
NOTIC: [8] Use of undefined constant title - assumed 'title' C:\wamp\www\Cars\APP\Runtime\Cache\Index\dff44c8e9ebea4949049842757e96f1a.php 第 207 行.
NOTIC: [8] Use of undefined constant starttime - assumed 'starttime' C:\wamp\www\Cars\APP\Runtime\Cache\Index\dff44c8e9ebea4949049842757e96f1a.php 第 208 行.
NOTIC: [8] Use of undefined constant title - assumed 'title' C:\wamp\www\Cars\APP\Runtime\Cache\Index\dff44c8e9ebea4949049842757e96f1a.php 第 214 行.
NOTIC: [8] Use of undefined constant starttime - assumed 'starttime' C:\wamp\www\Cars\APP\Runtime\Cache\Index\dff44c8e9ebea4949049842757e96f1a.php 第 215 行.
NOTIC: [8] Use of undefined constant title - assumed 'title' C:\wamp\www\Cars\APP\Runtime\Cache\Index\dff44c8e9ebea4949049842757e96f1a.php 第 219 行.
NOTIC: [8] Use of undefined constant starttime - assumed 'starttime' C:\wamp\www\Cars\APP\Runtime\Cache\Index\dff44c8e9ebea4949049842757e96f1a.php 第 220 行.
NOTIC: [8] Use of undefined constant title - assumed 'title' C:\wamp\www\Cars\APP\Runtime\Cache\Index\dff44c8e9ebea4949049842757e96f1a.php 第 224 行.
NOTIC: [8] Use of undefined constant starttime - assumed 'starttime' C:\wamp\www\Cars\APP\Runtime\Cache\Index\dff44c8e9ebea4949049842757e96f1a.php 第 225 行.
NOTIC: [8] Use of undefined constant title - assumed 'title' C:\wamp\www\Cars\APP\Runtime\Cache\Index\dff44c8e9ebea4949049842757e96f1a.php 第 229 行.
NOTIC: [8] Use of undefined constant starttime - assumed 'starttime' C:\wamp\www\Cars\APP\Runtime\Cache\Index\dff44c8e9ebea4949049842757e96f1a.php 第 230 行.
NOTIC: [8] Use of undefined constant title - assumed 'title' C:\wamp\www\Cars\APP\Runtime\Cache\Index\dff44c8e9ebea4949049842757e96f1a.php 第 234 行.
NOTIC: [8] Use of undefined constant starttime - assumed 'starttime' C:\wamp\www\Cars\APP\Runtime\Cache\Index\dff44c8e9ebea4949049842757e96f1a.php 第 235 行.
NOTIC: [8] Use of undefined constant title - assumed 'title' C:\wamp\www\Cars\APP\Runtime\Cache\Index\dff44c8e9ebea4949049842757e96f1a.php 第 239 行.
NOTIC: [8] Use of undefined constant starttime - assumed 'starttime' C:\wamp\www\Cars\APP\Runtime\Cache\Index\dff44c8e9ebea4949049842757e96f1a.php 第 240 行.
NOTIC: [8] Use of undefined constant title - assumed 'title' C:\wamp\www\Cars\APP\Runtime\Cache\Index\dff44c8e9ebea4949049842757e96f1a.php 第 244 行.
NOTIC: [8] Use of undefined constant starttime - assumed 'starttime' C:\wamp\www\Cars\APP\Runtime\Cache\Index\dff44c8e9ebea4949049842757e96f1a.php 第 245 行.
NOTIC: [8] Use of undefined constant title - assumed 'title' C:\wamp\www\Cars\APP\Runtime\Cache\Index\dff44c8e9ebea4949049842757e96f1a.php 第 249 行.
NOTIC: [8] Use of undefined constant starttime - assumed 'starttime' C:\wamp\www\Cars\APP\Runtime\Cache\Index\dff44c8e9ebea4949049842757e96f1a.php 第 250 行.
NOTIC: [8] Use of undefined constant title - assumed 'title' C:\wamp\www\Cars\APP\Runtime\Cache\Index\dff44c8e9ebea4949049842757e96f1a.php 第 254 行.
NOTIC: [8] Use of undefined constant starttime - assumed 'starttime' C:\wamp\www\Cars\APP\Runtime\Cache\Index\dff44c8e9ebea4949049842757e96f1a.php 第 255 行.
INFO: ParseTemplate Behavior ::run [ RunTime:0.050754s ]
INFO: [ view_parse ] --END-- [ RunTime:0.050908s ]
INFO: [ view_filter ] --START--
INFO: ContentReplace Behavior ::run [ RunTime:0.000995s ]
INFO: TokenBuild Behavior ::run [ RunTime:0.000575s ]
INFO: WriteHtmlCache Behavior ::run [ RunTime:0.000431s ]
INFO: ShowRuntime Behavior ::run [ RunTime:0.000651s ]
INFO: [ view_filter ] --END-- [ RunTime:0.002884s ]
INFO: [ view_end ] --START--
INFO: ShowPageTrace Behavior ::run [ RunTime:0.000682s ]
INFO: [ view_end ] --END-- [ RunTime:0.000762s ]

[ 2014-09-17T23:14:09+08:00 ] 127.0.0.1 /Cars/index.php/Index/Read/allActivity
INFO: [ route_check ] --START--
INFO: CheckRoute Behavior ::run [ RunTime:0.001289s ]
INFO: [ route_check ] --END-- [ RunTime:0.001477s ]
INFO: [ app_begin ] --START--
INFO: ReadHtmlCache Behavior ::run [ RunTime:0.001079s ]
INFO: [ app_begin ] --END-- [ RunTime:0.001226s ]
SQL: SHOW COLUMNS FROM `up_activity` [ RunTime:0.005766s ]
SQL: SELECT * FROM `up_activity` ORDER BY starttime desc  [ RunTime:0.000987s ]
NOTIC: [8] Use of undefined constant showList - assumed 'showList' C:\wamp\www\Cars\APP\Modules\Index\Action\ReadAction.class.php 第 102 行.
INFO: [ view_parse ] --START--
INFO: ParseTemplate Behavior ::run [ RunTime:0.029054s ]
INFO: [ view_parse ] --END-- [ RunTime:0.029199s ]
INFO: [ view_filter ] --START--
INFO: ContentReplace Behavior ::run [ RunTime:0.001072s ]
INFO: TokenBuild Behavior ::run [ RunTime:0.000668s ]
INFO: WriteHtmlCache Behavior ::run [ RunTime:0.000418s ]
INFO: ShowRuntime Behavior ::run [ RunTime:0.000683s ]
INFO: [ view_filter ] --END-- [ RunTime:0.003169s ]
INFO: [ view_end ] --START--
INFO: ShowPageTrace Behavior ::run [ RunTime:0.000764s ]
INFO: [ view_end ] --END-- [ RunTime:0.000873s ]

[ 2014-09-17T23:14:46+08:00 ] 127.0.0.1 /Cars/index.php/Index/Index/index
INFO: [ route_check ] --START--
INFO: CheckRoute Behavior ::run [ RunTime:0.001451s ]
INFO: [ route_check ] --END-- [ RunTime:0.001654s ]
INFO: [ app_begin ] --START--
INFO: ReadHtmlCache Behavior ::run [ RunTime:0.000655s ]
INFO: [ app_begin ] --END-- [ RunTime:0.000750s ]
SQL: SHOW COLUMNS FROM `up_inform` [ RunTime:0.005404s ]
SQL: SELECT * FROM `up_inform` ORDER BY time desc LIMIT 5   [ RunTime:0.000475s ]
SQL: SHOW COLUMNS FROM `up_activity` [ RunTime:0.004256s ]
SQL: SELECT * FROM `up_activity` ORDER BY starttime desc LIMIT 16   [ RunTime:0.000483s ]
SQL: SELECT * FROM `up_activity` ORDER BY starttime desc LIMIT 18   [ RunTime:0.000464s ]
SQL: SELECT * FROM `up_activity` ORDER BY starttime desc LIMIT 16   [ RunTime:0.000469s ]
SQL: SELECT * FROM `up_activity` ORDER BY starttime desc LIMIT 16   [ RunTime:0.000385s ]
INFO: [ view_parse ] --START--
NOTIC: [8] Use of undefined constant title - assumed 'title' C:\wamp\www\Cars\APP\Runtime\Cache\Index\dff44c8e9ebea4949049842757e96f1a.php 第 207 行.
NOTIC: [8] Use of undefined constant starttime - assumed 'starttime' C:\wamp\www\Cars\APP\Runtime\Cache\Index\dff44c8e9ebea4949049842757e96f1a.php 第 208 行.
NOTIC: [8] Use of undefined constant title - assumed 'title' C:\wamp\www\Cars\APP\Runtime\Cache\Index\dff44c8e9ebea4949049842757e96f1a.php 第 214 行.
NOTIC: [8] Use of undefined constant starttime - assumed 'starttime' C:\wamp\www\Cars\APP\Runtime\Cache\Index\dff44c8e9ebea4949049842757e96f1a.php 第 215 行.
NOTIC: [8] Use of undefined constant title - assumed 'title' C:\wamp\www\Cars\APP\Runtime\Cache\Index\dff44c8e9ebea4949049842757e96f1a.php 第 219 行.
NOTIC: [8] Use of undefined constant starttime - assumed 'starttime' C:\wamp\www\Cars\APP\Runtime\Cache\Index\dff44c8e9ebea4949049842757e96f1a.php 第 220 行.
NOTIC: [8] Use of undefined constant title - assumed 'title' C:\wamp\www\Cars\APP\Runtime\Cache\Index\dff44c8e9ebea4949049842757e96f1a.php 第 224 行.
NOTIC: [8] Use of undefined constant starttime - assumed 'starttime' C:\wamp\www\Cars\APP\Runtime\Cache\Index\dff44c8e9ebea4949049842757e96f1a.php 第 225 行.
NOTIC: [8] Use of undefined constant title - assumed 'title' C:\wamp\www\Cars\APP\Runtime\Cache\Index\dff44c8e9ebea4949049842757e96f1a.php 第 229 行.
NOTIC: [8] Use of undefined constant starttime - assumed 'starttime' C:\wamp\www\Cars\APP\Runtime\Cache\Index\dff44c8e9ebea4949049842757e96f1a.php 第 230 行.
NOTIC: [8] Use of undefined constant title - assumed 'title' C:\wamp\www\Cars\APP\Runtime\Cache\Index\dff44c8e9ebea4949049842757e96f1a.php 第 234 行.
NOTIC: [8] Use of undefined constant starttime - assumed 'starttime' C:\wamp\www\Cars\APP\Runtime\Cache\Index\dff44c8e9ebea4949049842757e96f1a.php 第 235 行.
NOTIC: [8] Use of undefined constant title - assumed 'title' C:\wamp\www\Cars\APP\Runtime\Cache\Index\dff44c8e9ebea4949049842757e96f1a.php 第 239 行.
NOTIC: [8] Use of undefined constant starttime - assumed 'starttime' C:\wamp\www\Cars\APP\Runtime\Cache\Index\dff44c8e9ebea4949049842757e96f1a.php 第 240 行.
NOTIC: [8] Use of undefined constant title - assumed 'title' C:\wamp\www\Cars\APP\Runtime\Cache\Index\dff44c8e9ebea4949049842757e96f1a.php 第 244 行.
NOTIC: [8] Use of undefined constant starttime - assumed 'starttime' C:\wamp\www\Cars\APP\Runtime\Cache\Index\dff44c8e9ebea4949049842757e96f1a.php 第 245 行.
NOTIC: [8] Use of undefined constant title - assumed 'title' C:\wamp\www\Cars\APP\Runtime\Cache\Index\dff44c8e9ebea4949049842757e96f1a.php 第 249 行.
NOTIC: [8] Use of undefined constant starttime - assumed 'starttime' C:\wamp\www\Cars\APP\Runtime\Cache\Index\dff44c8e9ebea4949049842757e96f1a.php 第 250 行.
NOTIC: [8] Use of undefined constant title - assumed 'title' C:\wamp\www\Cars\APP\Runtime\Cache\Index\dff44c8e9ebea4949049842757e96f1a.php 第 254 行.
NOTIC: [8] Use of undefined constant starttime - assumed 'starttime' C:\wamp\www\Cars\APP\Runtime\Cache\Index\dff44c8e9ebea4949049842757e96f1a.php 第 255 行.
INFO: ParseTemplate Behavior ::run [ RunTime:0.044208s ]
INFO: [ view_parse ] --END-- [ RunTime:0.044319s ]
INFO: [ view_filter ] --START--
INFO: ContentReplace Behavior ::run [ RunTime:0.000943s ]
INFO: TokenBuild Behavior ::run [ RunTime:0.000596s ]
INFO: WriteHtmlCache Behavior ::run [ RunTime:0.000450s ]
INFO: ShowRuntime Behavior ::run [ RunTime:0.000579s ]
INFO: [ view_filter ] --END-- [ RunTime:0.002866s ]
INFO: [ view_end ] --START--
INFO: ShowPageTrace Behavior ::run [ RunTime:0.000876s ]
INFO: [ view_end ] --END-- [ RunTime:0.001034s ]

[ 2014-09-17T23:14:55+08:00 ] 127.0.0.1 /Cars/index.php/Index/Read/allActivity
INFO: [ route_check ] --START--
INFO: CheckRoute Behavior ::run [ RunTime:0.000716s ]
INFO: [ route_check ] --END-- [ RunTime:0.000825s ]
INFO: [ app_begin ] --START--
INFO: ReadHtmlCache Behavior ::run [ RunTime:0.000598s ]
INFO: [ app_begin ] --END-- [ RunTime:0.000684s ]
SQL: SHOW COLUMNS FROM `up_activity` [ RunTime:0.005382s ]
SQL: SELECT * FROM `up_activity` ORDER BY starttime desc  [ RunTime:0.000462s ]
NOTIC: [8] Use of undefined constant showList - assumed 'showList' C:\wamp\www\Cars\APP\Modules\Index\Action\ReadAction.class.php 第 102 行.
INFO: [ view_parse ] --START--
INFO: ParseTemplate Behavior ::run [ RunTime:0.016150s ]
INFO: [ view_parse ] --END-- [ RunTime:0.016294s ]
INFO: [ view_filter ] --START--
INFO: ContentReplace Behavior ::run [ RunTime:0.001015s ]
INFO: TokenBuild Behavior ::run [ RunTime:0.000784s ]
INFO: WriteHtmlCache Behavior ::run [ RunTime:0.000540s ]
INFO: ShowRuntime Behavior ::run [ RunTime:0.000877s ]
INFO: [ view_filter ] --END-- [ RunTime:0.003604s ]
INFO: [ view_end ] --START--
INFO: ShowPageTrace Behavior ::run [ RunTime:0.000736s ]
INFO: [ view_end ] --END-- [ RunTime:0.000847s ]

[ 2014-09-17T23:14:56+08:00 ] 127.0.0.1 /Cars/index.php/Index/Index/index
INFO: [ route_check ] --START--
INFO: CheckRoute Behavior ::run [ RunTime:0.001239s ]
INFO: [ route_check ] --END-- [ RunTime:0.001400s ]
INFO: [ app_begin ] --START--
INFO: ReadHtmlCache Behavior ::run [ RunTime:0.000920s ]
INFO: [ app_begin ] --END-- [ RunTime:0.001058s ]
SQL: SHOW COLUMNS FROM `up_inform` [ RunTime:0.004482s ]
SQL: SELECT * FROM `up_inform` ORDER BY time desc LIMIT 5   [ RunTime:0.000784s ]
SQL: SHOW COLUMNS FROM `up_activity` [ RunTime:0.004623s ]
SQL: SELECT * FROM `up_activity` ORDER BY starttime desc LIMIT 16   [ RunTime:0.000511s ]
SQL: SELECT * FROM `up_activity` ORDER BY starttime desc LIMIT 18   [ RunTime:0.000465s ]
SQL: SELECT * FROM `up_activity` ORDER BY starttime desc LIMIT 16   [ RunTime:0.000520s ]
SQL: SELECT * FROM `up_activity` ORDER BY starttime desc LIMIT 16   [ RunTime:0.000401s ]
INFO: [ view_parse ] --START--
NOTIC: [8] Use of undefined constant title - assumed 'title' C:\wamp\www\Cars\APP\Runtime\Cache\Index\dff44c8e9ebea4949049842757e96f1a.php 第 207 行.
NOTIC: [8] Use of undefined constant starttime - assumed 'starttime' C:\wamp\www\Cars\APP\Runtime\Cache\Index\dff44c8e9ebea4949049842757e96f1a.php 第 208 行.
NOTIC: [8] Use of undefined constant title - assumed 'title' C:\wamp\www\Cars\APP\Runtime\Cache\Index\dff44c8e9ebea4949049842757e96f1a.php 第 214 行.
NOTIC: [8] Use of undefined constant starttime - assumed 'starttime' C:\wamp\www\Cars\APP\Runtime\Cache\Index\dff44c8e9ebea4949049842757e96f1a.php 第 215 行.
NOTIC: [8] Use of undefined constant title - assumed 'title' C:\wamp\www\Cars\APP\Runtime\Cache\Index\dff44c8e9ebea4949049842757e96f1a.php 第 219 行.
NOTIC: [8] Use of undefined constant starttime - assumed 'starttime' C:\wamp\www\Cars\APP\Runtime\Cache\Index\dff44c8e9ebea4949049842757e96f1a.php 第 220 行.
NOTIC: [8] Use of undefined constant title - assumed 'title' C:\wamp\www\Cars\APP\Runtime\Cache\Index\dff44c8e9ebea4949049842757e96f1a.php 第 224 行.
NOTIC: [8] Use of undefined constant starttime - assumed 'starttime' C:\wamp\www\Cars\APP\Runtime\Cache\Index\dff44c8e9ebea4949049842757e96f1a.php 第 225 行.
NOTIC: [8] Use of undefined constant title - assumed 'title' C:\wamp\www\Cars\APP\Runtime\Cache\Index\dff44c8e9ebea4949049842757e96f1a.php 第 229 行.
NOTIC: [8] Use of undefined constant starttime - assumed 'starttime' C:\wamp\www\Cars\APP\Runtime\Cache\Index\dff44c8e9ebea4949049842757e96f1a.php 第 230 行.
NOTIC: [8] Use of undefined constant title - assumed 'title' C:\wamp\www\Cars\APP\Runtime\Cache\Index\dff44c8e9ebea4949049842757e96f1a.php 第 234 行.
NOTIC: [8] Use of undefined constant starttime - assumed 'starttime' C:\wamp\www\Cars\APP\Runtime\Cache\Index\dff44c8e9ebea4949049842757e96f1a.php 第 235 行.
NOTIC: [8] Use of undefined constant title - assumed 'title' C:\wamp\www\Cars\APP\Runtime\Cache\Index\dff44c8e9ebea4949049842757e96f1a.php 第 239 行.
NOTIC: [8] Use of undefined constant starttime - assumed 'starttime' C:\wamp\www\Cars\APP\Runtime\Cache\Index\dff44c8e9ebea4949049842757e96f1a.php 第 240 行.
NOTIC: [8] Use of undefined constant title - assumed 'title' C:\wamp\www\Cars\APP\Runtime\Cache\Index\dff44c8e9ebea4949049842757e96f1a.php 第 244 行.
NOTIC: [8] Use of undefined constant starttime - assumed 'starttime' C:\wamp\www\Cars\APP\Runtime\Cache\Index\dff44c8e9ebea4949049842757e96f1a.php 第 245 行.
NOTIC: [8] Use of undefined constant title - assumed 'title' C:\wamp\www\Cars\APP\Runtime\Cache\Index\dff44c8e9ebea4949049842757e96f1a.php 第 249 行.
NOTIC: [8] Use of undefined constant starttime - assumed 'starttime' C:\wamp\www\Cars\APP\Runtime\Cache\Index\dff44c8e9ebea4949049842757e96f1a.php 第 250 行.
NOTIC: [8] Use of undefined constant title - assumed 'title' C:\wamp\www\Cars\APP\Runtime\Cache\Index\dff44c8e9ebea4949049842757e96f1a.php 第 254 行.
NOTIC: [8] Use of undefined constant starttime - assumed 'starttime' C:\wamp\www\Cars\APP\Runtime\Cache\Index\dff44c8e9ebea4949049842757e96f1a.php 第 255 行.
INFO: ParseTemplate Behavior ::run [ RunTime:0.036375s ]
INFO: [ view_parse ] --END-- [ RunTime:0.036477s ]
INFO: [ view_filter ] --START--
INFO: ContentReplace Behavior ::run [ RunTime:0.000833s ]
INFO: TokenBuild Behavior ::run [ RunTime:0.000505s ]
INFO: WriteHtmlCache Behavior ::run [ RunTime:0.000367s ]
INFO: ShowRuntime Behavior ::run [ RunTime:0.000579s ]
INFO: [ view_filter ] --END-- [ RunTime:0.002514s ]
INFO: [ view_end ] --START--
INFO: ShowPageTrace Behavior ::run [ RunTime:0.000645s ]
INFO: [ view_end ] --END-- [ RunTime:0.000726s ]

