[ 2014-08-14T08:55:25+08:00 ] 127.0.0.1 /Cars/index.php/Admin
INFO: [ route_check ] --START--
INFO: CheckRoute Behavior ::run [ RunTime:0.001105s ]
INFO: [ route_check ] --END-- [ RunTime:0.001236s ]
INFO: [ app_begin ] --START--
INFO: ReadHtmlCache Behavior ::run [ RunTime:0.000703s ]
INFO: [ app_begin ] --END-- [ RunTime:0.000828s ]
NOTIC: [8] Use of undefined constant uid - assumed 'uid' D:\wamp\www\Cars\APP\Lib\Action\CommonAction.class.php 第 4 行.

[ 2014-08-14T08:55:25+08:00 ] 127.0.0.1 /Cars/index.php/Admin/Login/index
INFO: [ route_check ] --START--
INFO: CheckRoute Behavior ::run [ RunTime:0.001386s ]
INFO: [ route_check ] --END-- [ RunTime:0.001577s ]
INFO: [ app_begin ] --START--
INFO: ReadHtmlCache Behavior ::run [ RunTime:0.001090s ]
INFO: [ app_begin ] --END-- [ RunTime:0.001305s ]
INFO: [ view_parse ] --START--
INFO: ParseTemplate Behavior ::run [ RunTime:0.054130s ]
INFO: [ view_parse ] --END-- [ RunTime:0.054339s ]
INFO: [ view_filter ] --START--
INFO: ContentReplace Behavior ::run [ RunTime:0.000747s ]
INFO: TokenBuild Behavior ::run [ RunTime:0.000716s ]
INFO: WriteHtmlCache Behavior ::run [ RunTime:0.000390s ]
INFO: ShowRuntime Behavior ::run [ RunTime:0.000772s ]
INFO: [ view_filter ] --END-- [ RunTime:0.002894s ]
INFO: [ view_end ] --START--
INFO: ShowPageTrace Behavior ::run [ RunTime:0.000726s ]
INFO: [ view_end ] --END-- [ RunTime:0.000828s ]

[ 2014-08-14T08:55:25+08:00 ] 127.0.0.1 /Cars/index.php/Admin/Login/verify
INFO: [ route_check ] --START--
INFO: CheckRoute Behavior ::run [ RunTime:0.001354s ]
INFO: [ route_check ] --END-- [ RunTime:0.001492s ]
INFO: [ app_begin ] --START--
INFO: ReadHtmlCache Behavior ::run [ RunTime:0.000729s ]
INFO: [ app_begin ] --END-- [ RunTime:0.000909s ]

[ 2014-08-14T08:55:33+08:00 ] 127.0.0.1 /Cars/index.php/Admin/Login/login
INFO: [ route_check ] --START--
INFO: CheckRoute Behavior ::run [ RunTime:0.000956s ]
INFO: [ route_check ] --END-- [ RunTime:0.001113s ]
INFO: [ app_begin ] --START--
INFO: ReadHtmlCache Behavior ::run [ RunTime:0.000716s ]
INFO: [ app_begin ] --END-- [ RunTime:0.000831s ]
SQL: SHOW COLUMNS FROM `up_user` [ RunTime:0.087397s ]
SQL: SELECT * FROM `up_user` WHERE ( `uid` = 1208067024 ) LIMIT 1   [ RunTime:0.010489s ]
SQL: UPDATE `up_user` SET `logintime`=1407977733,`loginip`='127.0.0.1' WHERE ( `id` = 50 ) [ RunTime:0.101095s ]

[ 2014-08-14T08:55:33+08:00 ] 127.0.0.1 /Cars/index.php/Admin
INFO: [ route_check ] --START--
INFO: CheckRoute Behavior ::run [ RunTime:0.000798s ]
INFO: [ route_check ] --END-- [ RunTime:0.000927s ]
INFO: [ app_begin ] --START--
INFO: ReadHtmlCache Behavior ::run [ RunTime:0.000570s ]
INFO: [ app_begin ] --END-- [ RunTime:0.000681s ]
NOTIC: [8] Use of undefined constant uid - assumed 'uid' D:\wamp\www\Cars\APP\Lib\Action\CommonAction.class.php 第 4 行.
NOTIC: [8] Use of undefined constant username - assumed 'username' D:\wamp\www\Cars\APP\Modules\Admin\Action\IndexAction.class.php 第 4 行.
NOTIC: [8] Use of undefined constant time - assumed 'time' D:\wamp\www\Cars\APP\Modules\Admin\Action\IndexAction.class.php 第 5 行.
NOTIC: [8] Undefined index: time D:\wamp\www\Cars\APP\Modules\Admin\Action\IndexAction.class.php 第 5 行.
INFO: [ view_parse ] --START--
INFO: ParseTemplate Behavior ::run [ RunTime:0.038983s ]
INFO: [ view_parse ] --END-- [ RunTime:0.039215s ]
INFO: [ view_filter ] --START--
INFO: ContentReplace Behavior ::run [ RunTime:0.000980s ]
INFO: TokenBuild Behavior ::run [ RunTime:0.000958s ]
INFO: WriteHtmlCache Behavior ::run [ RunTime:0.001231s ]
INFO: ShowRuntime Behavior ::run [ RunTime:0.001294s ]
INFO: [ view_filter ] --END-- [ RunTime:0.005037s ]
INFO: [ view_end ] --START--
INFO: ShowPageTrace Behavior ::run [ RunTime:0.001541s ]
INFO: [ view_end ] --END-- [ RunTime:0.001758s ]

[ 2014-08-14T08:55:34+08:00 ] 127.0.0.1 /Cars/index.php/Admin/Activity/showRunActivity
INFO: [ route_check ] --START--
INFO: CheckRoute Behavior ::run [ RunTime:0.000919s ]
INFO: [ route_check ] --END-- [ RunTime:0.001040s ]
INFO: [ app_begin ] --START--
INFO: ReadHtmlCache Behavior ::run [ RunTime:0.001326s ]
INFO: [ app_begin ] --END-- [ RunTime:0.001710s ]
SQL: SHOW COLUMNS FROM `up_activity` [ RunTime:0.039508s ]
SQL: SELECT COUNT(*) AS tp_count FROM `up_activity` WHERE ( `endtime` >= '2014-08-14' ) LIMIT 1   [ RunTime:0.000381s ]
SQL: SELECT * FROM `up_activity` WHERE ( `endtime` >= '2014-08-14' ) ORDER BY starttime LIMIT 0,5   [ RunTime:0.000357s ]
NOTIC: [8] Use of undefined constant index - assumed 'index' D:\wamp\www\Cars\APP\Modules\Admin\Action\ActivityAction.class.php 第 8 行.
INFO: [ view_parse ] --START--
INFO: ParseTemplate Behavior ::run [ RunTime:0.035976s ]
INFO: [ view_parse ] --END-- [ RunTime:0.036106s ]
INFO: [ view_filter ] --START--
INFO: ContentReplace Behavior ::run [ RunTime:0.000546s ]
INFO: TokenBuild Behavior ::run [ RunTime:0.000495s ]
INFO: WriteHtmlCache Behavior ::run [ RunTime:0.000349s ]
INFO: ShowRuntime Behavior ::run [ RunTime:0.000756s ]
INFO: [ view_filter ] --END-- [ RunTime:0.002425s ]
INFO: [ view_end ] --START--
INFO: ShowPageTrace Behavior ::run [ RunTime:0.000710s ]
INFO: [ view_end ] --END-- [ RunTime:0.000812s ]

[ 2014-08-14T08:55:36+08:00 ] 127.0.0.1 /Cars/index.php/Admin/User/index
INFO: [ route_check ] --START--
INFO: CheckRoute Behavior ::run [ RunTime:0.001458s ]
INFO: [ route_check ] --END-- [ RunTime:0.001643s ]
INFO: [ app_begin ] --START--
INFO: ReadHtmlCache Behavior ::run [ RunTime:0.000541s ]
INFO: [ app_begin ] --END-- [ RunTime:0.000642s ]
NOTIC: [8] Use of undefined constant uid - assumed 'uid' D:\wamp\www\Cars\APP\Lib\Action\CommonAction.class.php 第 4 行.
SQL: SHOW COLUMNS FROM `up_user` [ RunTime:0.002955s ]
SQL: SELECT COUNT(*) AS tp_count FROM `up_user` WHERE ( type=0 ) LIMIT 1   [ RunTime:0.005336s ]
SQL: SELECT * FROM `up_user` WHERE ( type=0 ) LIMIT 0,5   [ RunTime:0.003145s ]
INFO: [ view_parse ] --START--
NOTIC: [8] Use of undefined constant __GROUP_NAME__ - assumed '__GROUP_NAME__' D:\wamp\www\Cars\APP\Runtime\Cache\Admin\0af99c6145f464d4841eb41b389029cc.php 第 71 行.
NOTIC: [8] Use of undefined constant __GROUP_NAME__ - assumed '__GROUP_NAME__' D:\wamp\www\Cars\APP\Runtime\Cache\Admin\0af99c6145f464d4841eb41b389029cc.php 第 72 行.
NOTIC: [8] Use of undefined constant __GROUP_NAME__ - assumed '__GROUP_NAME__' D:\wamp\www\Cars\APP\Runtime\Cache\Admin\0af99c6145f464d4841eb41b389029cc.php 第 71 行.
NOTIC: [8] Use of undefined constant __GROUP_NAME__ - assumed '__GROUP_NAME__' D:\wamp\www\Cars\APP\Runtime\Cache\Admin\0af99c6145f464d4841eb41b389029cc.php 第 72 行.
NOTIC: [8] Use of undefined constant __GROUP_NAME__ - assumed '__GROUP_NAME__' D:\wamp\www\Cars\APP\Runtime\Cache\Admin\0af99c6145f464d4841eb41b389029cc.php 第 71 行.
NOTIC: [8] Use of undefined constant __GROUP_NAME__ - assumed '__GROUP_NAME__' D:\wamp\www\Cars\APP\Runtime\Cache\Admin\0af99c6145f464d4841eb41b389029cc.php 第 72 行.
NOTIC: [8] Use of undefined constant __GROUP_NAME__ - assumed '__GROUP_NAME__' D:\wamp\www\Cars\APP\Runtime\Cache\Admin\0af99c6145f464d4841eb41b389029cc.php 第 71 行.
NOTIC: [8] Use of undefined constant __GROUP_NAME__ - assumed '__GROUP_NAME__' D:\wamp\www\Cars\APP\Runtime\Cache\Admin\0af99c6145f464d4841eb41b389029cc.php 第 72 行.
NOTIC: [8] Use of undefined constant __GROUP_NAME__ - assumed '__GROUP_NAME__' D:\wamp\www\Cars\APP\Runtime\Cache\Admin\0af99c6145f464d4841eb41b389029cc.php 第 71 行.
NOTIC: [8] Use of undefined constant __GROUP_NAME__ - assumed '__GROUP_NAME__' D:\wamp\www\Cars\APP\Runtime\Cache\Admin\0af99c6145f464d4841eb41b389029cc.php 第 72 行.
INFO: ParseTemplate Behavior ::run [ RunTime:0.067006s ]
INFO: [ view_parse ] --END-- [ RunTime:0.067221s ]
INFO: [ view_filter ] --START--
INFO: ContentReplace Behavior ::run [ RunTime:0.000832s ]
INFO: TokenBuild Behavior ::run [ RunTime:0.000490s ]
INFO: WriteHtmlCache Behavior ::run [ RunTime:0.000253s ]
INFO: ShowRuntime Behavior ::run [ RunTime:0.000459s ]
INFO: [ view_filter ] --END-- [ RunTime:0.002331s ]
INFO: [ view_end ] --START--
INFO: ShowPageTrace Behavior ::run [ RunTime:0.000642s ]
INFO: [ view_end ] --END-- [ RunTime:0.000762s ]

[ 2014-08-14T08:55:37+08:00 ] 127.0.0.1 /Cars/index.php/Admin/Search/searchActivity
INFO: [ route_check ] --START--
INFO: CheckRoute Behavior ::run [ RunTime:0.001806s ]
INFO: [ route_check ] --END-- [ RunTime:0.002119s ]
INFO: [ app_begin ] --START--
INFO: ReadHtmlCache Behavior ::run [ RunTime:0.000993s ]
INFO: [ app_begin ] --END-- [ RunTime:0.001178s ]
NOTIC: [8] Use of undefined constant id - assumed 'id' D:\wamp\www\Cars\APP\Modules\Admin\Action\SearchAction.class.php 第 7 行.
NOTIC: [8] Use of undefined constant type - assumed 'type' D:\wamp\www\Cars\APP\Modules\Admin\Action\SearchAction.class.php 第 7 行.
NOTIC: [8] Use of undefined constant title - assumed 'title' D:\wamp\www\Cars\APP\Modules\Admin\Action\SearchAction.class.php 第 7 行.
NOTIC: [8] Use of undefined constant time - assumed 'time' D:\wamp\www\Cars\APP\Modules\Admin\Action\SearchAction.class.php 第 7 行.
NOTIC: [8] Use of undefined constant college - assumed 'college' D:\wamp\www\Cars\APP\Modules\Admin\Action\SearchAction.class.php 第 7 行.
NOTIC: [8] Use of undefined constant state - assumed 'state' D:\wamp\www\Cars\APP\Modules\Admin\Action\SearchAction.class.php 第 7 行.
NOTIC: [8] Use of undefined constant opera - assumed 'opera' D:\wamp\www\Cars\APP\Modules\Admin\Action\SearchAction.class.php 第 7 行.
INFO: [ view_parse ] --START--
NOTIC: [8] Undefined variable: aa D:\wamp\www\Cars\APP\Runtime\Cache\Admin\9e0807de8c7a6fe07eefc328817ac63a.php 第 69 行.
NOTIC: [8] Undefined variable: aa D:\wamp\www\Cars\APP\Runtime\Cache\Admin\9e0807de8c7a6fe07eefc328817ac63a.php 第 70 行.
NOTIC: [8] Undefined variable: aa D:\wamp\www\Cars\APP\Runtime\Cache\Admin\9e0807de8c7a6fe07eefc328817ac63a.php 第 71 行.
NOTIC: [8] Undefined variable: aa D:\wamp\www\Cars\APP\Runtime\Cache\Admin\9e0807de8c7a6fe07eefc328817ac63a.php 第 72 行.
NOTIC: [8] Undefined variable: aa D:\wamp\www\Cars\APP\Runtime\Cache\Admin\9e0807de8c7a6fe07eefc328817ac63a.php 第 73 行.
NOTIC: [8] Undefined variable: aa D:\wamp\www\Cars\APP\Runtime\Cache\Admin\9e0807de8c7a6fe07eefc328817ac63a.php 第 74 行.
NOTIC: [8] Undefined variable: aa D:\wamp\www\Cars\APP\Runtime\Cache\Admin\9e0807de8c7a6fe07eefc328817ac63a.php 第 75 行.
INFO: ParseTemplate Behavior ::run [ RunTime:0.074630s ]
INFO: [ view_parse ] --END-- [ RunTime:0.074918s ]
INFO: [ view_filter ] --START--
INFO: ContentReplace Behavior ::run [ RunTime:0.002764s ]
INFO: TokenBuild Behavior ::run [ RunTime:0.000431s ]
INFO: WriteHtmlCache Behavior ::run [ RunTime:0.000251s ]
INFO: ShowRuntime Behavior ::run [ RunTime:0.000476s ]
INFO: [ view_filter ] --END-- [ RunTime:0.004242s ]
INFO: [ view_end ] --START--
INFO: ShowPageTrace Behavior ::run [ RunTime:0.000554s ]
INFO: [ view_end ] --END-- [ RunTime:0.000646s ]

[ 2014-08-14T08:55:37+08:00 ] 127.0.0.1 /Cars/index.php/Admin/Chart/index
INFO: [ route_check ] --START--
INFO: CheckRoute Behavior ::run [ RunTime:0.000880s ]
INFO: [ route_check ] --END-- [ RunTime:0.001169s ]
INFO: [ app_begin ] --START--
INFO: ReadHtmlCache Behavior ::run [ RunTime:0.000504s ]
INFO: [ app_begin ] --END-- [ RunTime:0.000622s ]
INFO: [ view_parse ] --START--
INFO: ParseTemplate Behavior ::run [ RunTime:0.023091s ]
INFO: [ view_parse ] --END-- [ RunTime:0.025917s ]
INFO: [ view_filter ] --START--
INFO: ContentReplace Behavior ::run [ RunTime:0.000483s ]
INFO: TokenBuild Behavior ::run [ RunTime:0.000378s ]
INFO: WriteHtmlCache Behavior ::run [ RunTime:0.000276s ]
INFO: ShowRuntime Behavior ::run [ RunTime:0.000456s ]
INFO: [ view_filter ] --END-- [ RunTime:0.001864s ]
INFO: [ view_end ] --START--
INFO: ShowPageTrace Behavior ::run [ RunTime:0.000586s ]
INFO: [ view_end ] --END-- [ RunTime:0.000677s ]

[ 2014-08-14T08:55:37+08:00 ] 127.0.0.1 /Cars/index.php/Admin/assets/js/prettify.js
INFO: [ route_check ] --START--
INFO: CheckRoute Behavior ::run [ RunTime:0.000946s ]
INFO: [ route_check ] --END-- [ RunTime:0.001116s ]
INFO: [ app_begin ] --START--
INFO: ReadHtmlCache Behavior ::run [ RunTime:0.000556s ]
INFO: [ app_begin ] --END-- [ RunTime:0.000660s ]
ERR: 无法加载模块:assets

[ 2014-08-14T08:55:38+08:00 ] 127.0.0.1 /Cars/index.php/Admin/Inform/showAllInform
INFO: [ route_check ] --START--
INFO: CheckRoute Behavior ::run [ RunTime:0.000946s ]
INFO: [ route_check ] --END-- [ RunTime:0.001131s ]
INFO: [ app_begin ] --START--
INFO: ReadHtmlCache Behavior ::run [ RunTime:0.000541s ]
INFO: [ app_begin ] --END-- [ RunTime:0.000647s ]
SQL: SHOW COLUMNS FROM `up_inform` [ RunTime:0.037179s ]
SQL: SELECT COUNT(*) AS tp_count FROM `up_inform` LIMIT 1   [ RunTime:0.000515s ]
SQL: SELECT * FROM `up_inform` LIMIT 0,5   [ RunTime:0.000266s ]
NOTIC: [8] Use of undefined constant index - assumed 'index' D:\wamp\www\Cars\APP\Modules\Admin\Action\InformAction.class.php 第 10 行.
INFO: [ view_parse ] --START--
INFO: ParseTemplate Behavior ::run [ RunTime:0.011945s ]
INFO: [ view_parse ] --END-- [ RunTime:0.012062s ]
INFO: [ view_filter ] --START--
INFO: ContentReplace Behavior ::run [ RunTime:0.000458s ]
INFO: TokenBuild Behavior ::run [ RunTime:0.000397s ]
INFO: WriteHtmlCache Behavior ::run [ RunTime:0.000325s ]
INFO: ShowRuntime Behavior ::run [ RunTime:0.000525s ]
INFO: [ view_filter ] --END-- [ RunTime:0.001972s ]
INFO: [ view_end ] --START--
INFO: ShowPageTrace Behavior ::run [ RunTime:0.000553s ]
INFO: [ view_end ] --END-- [ RunTime:0.000667s ]

[ 2014-08-14T08:55:40+08:00 ] 127.0.0.1 /Cars/index.php/Admin/Activity/historyActivity
INFO: [ route_check ] --START--
INFO: CheckRoute Behavior ::run [ RunTime:0.000676s ]
INFO: [ route_check ] --END-- [ RunTime:0.000788s ]
INFO: [ app_begin ] --START--
INFO: ReadHtmlCache Behavior ::run [ RunTime:0.000504s ]
INFO: [ app_begin ] --END-- [ RunTime:0.000600s ]
SQL: SHOW COLUMNS FROM `up_activity` [ RunTime:0.002068s ]
SQL: SELECT COUNT(*) AS tp_count FROM `up_activity` WHERE ( `endtime` <= '2014-08-14' ) LIMIT 1   [ RunTime:0.000615s ]
SQL: SELECT * FROM `up_activity` WHERE ( `endtime` <= '2014-08-14' ) ORDER BY starttime LIMIT 0,5   [ RunTime:0.000266s ]
NOTIC: [8] Use of undefined constant index - assumed 'index' D:\wamp\www\Cars\APP\Modules\Admin\Action\ActivityAction.class.php 第 8 行.
INFO: [ view_parse ] --START--
INFO: ParseTemplate Behavior ::run [ RunTime:0.009614s ]
INFO: [ view_parse ] --END-- [ RunTime:0.009727s ]
INFO: [ view_filter ] --START--
INFO: ContentReplace Behavior ::run [ RunTime:0.000372s ]
INFO: TokenBuild Behavior ::run [ RunTime:0.000363s ]
INFO: WriteHtmlCache Behavior ::run [ RunTime:0.000250s ]
INFO: ShowRuntime Behavior ::run [ RunTime:0.000441s ]
INFO: [ view_filter ] --END-- [ RunTime:0.001688s ]
INFO: [ view_end ] --START--
INFO: ShowPageTrace Behavior ::run [ RunTime:0.000545s ]
INFO: [ view_end ] --END-- [ RunTime:0.000633s ]

[ 2014-08-14T08:55:41+08:00 ] 127.0.0.1 /Cars/index.php/Admin/Activity/addActivity
INFO: [ route_check ] --START--
INFO: CheckRoute Behavior ::run [ RunTime:0.001087s ]
INFO: [ route_check ] --END-- [ RunTime:0.001323s ]
INFO: [ app_begin ] --START--
INFO: ReadHtmlCache Behavior ::run [ RunTime:0.001030s ]
INFO: [ app_begin ] --END-- [ RunTime:0.001235s ]
INFO: [ view_parse ] --START--
NOTIC: [8] Undefined variable: cate D:\wamp\www\Cars\APP\Runtime\Cache\Admin\47db927369742f984c818ea5a9938cfb.php 第 45 行.
INFO: ParseTemplate Behavior ::run [ RunTime:0.018434s ]
INFO: [ view_parse ] --END-- [ RunTime:0.018585s ]
INFO: [ view_filter ] --START--
INFO: ContentReplace Behavior ::run [ RunTime:0.001043s ]
INFO: TokenBuild Behavior ::run [ RunTime:0.003394s ]
INFO: WriteHtmlCache Behavior ::run [ RunTime:0.000358s ]
INFO: ShowRuntime Behavior ::run [ RunTime:0.000478s ]
INFO: [ view_filter ] --END-- [ RunTime:0.005746s ]
INFO: [ view_end ] --START--
INFO: ShowPageTrace Behavior ::run [ RunTime:0.000575s ]
INFO: [ view_end ] --END-- [ RunTime:0.000667s ]

[ 2014-08-14T08:55:41+08:00 ] 127.0.0.1 /Cars/index.php/Admin/Activity/nearMonthActivity
INFO: [ route_check ] --START--
INFO: CheckRoute Behavior ::run [ RunTime:0.001429s ]
INFO: [ route_check ] --END-- [ RunTime:0.001730s ]
INFO: [ app_begin ] --START--
INFO: ReadHtmlCache Behavior ::run [ RunTime:0.000671s ]
INFO: [ app_begin ] --END-- [ RunTime:0.000796s ]
SQL: SHOW COLUMNS FROM `up_activity` [ RunTime:0.004442s ]
NOTIC: [2] strtoupper() expects parameter 1 to be string, array given D:\wamp\www\Cars\ThinkPHP\Lib\Core\Db.class.php 第 508 行.
SQL: SELECT COUNT(*) AS tp_count FROM `up_activity` WHERE ( (`starttime` > '2014-07-14') AND (`starttime` < '2014-08-14')  ) LIMIT 1   [ RunTime:0.001051s ]
NOTIC: [2] strtoupper() expects parameter 1 to be string, array given D:\wamp\www\Cars\ThinkPHP\Lib\Core\Db.class.php 第 508 行.
SQL: SELECT * FROM `up_activity` WHERE ( (`starttime` > '2014-07-14') AND (`starttime` < '2014-08-14')  ) ORDER BY starttime LIMIT 0,5   [ RunTime:0.001140s ]
NOTIC: [8] Use of undefined constant index - assumed 'index' D:\wamp\www\Cars\APP\Modules\Admin\Action\ActivityAction.class.php 第 8 行.
INFO: [ view_parse ] --START--
INFO: ParseTemplate Behavior ::run [ RunTime:0.014078s ]
INFO: [ view_parse ] --END-- [ RunTime:0.014222s ]
INFO: [ view_filter ] --START--
INFO: ContentReplace Behavior ::run [ RunTime:0.001381s ]
INFO: TokenBuild Behavior ::run [ RunTime:0.000682s ]
INFO: WriteHtmlCache Behavior ::run [ RunTime:0.000403s ]
INFO: ShowRuntime Behavior ::run [ RunTime:0.000613s ]
INFO: [ view_filter ] --END-- [ RunTime:0.003562s ]
INFO: [ view_end ] --START--
INFO: ShowPageTrace Behavior ::run [ RunTime:0.001216s ]
INFO: [ view_end ] --END-- [ RunTime:0.001453s ]

[ 2014-08-14T08:55:43+08:00 ] 127.0.0.1 /Cars/index.php/Admin/Activity/historyActivity
INFO: [ route_check ] --START--
INFO: CheckRoute Behavior ::run [ RunTime:0.000963s ]
INFO: [ route_check ] --END-- [ RunTime:0.001107s ]
INFO: [ app_begin ] --START--
INFO: ReadHtmlCache Behavior ::run [ RunTime:0.000514s ]
INFO: [ app_begin ] --END-- [ RunTime:0.000614s ]
SQL: SHOW COLUMNS FROM `up_activity` [ RunTime:0.002526s ]
SQL: SELECT COUNT(*) AS tp_count FROM `up_activity` WHERE ( `endtime` <= '2014-08-14' ) LIMIT 1   [ RunTime:0.000857s ]
SQL: SELECT * FROM `up_activity` WHERE ( `endtime` <= '2014-08-14' ) ORDER BY starttime LIMIT 0,5   [ RunTime:0.006343s ]
NOTIC: [8] Use of undefined constant index - assumed 'index' D:\wamp\www\Cars\APP\Modules\Admin\Action\ActivityAction.class.php 第 8 行.
INFO: [ view_parse ] --START--
INFO: ParseTemplate Behavior ::run [ RunTime:0.010899s ]
INFO: [ view_parse ] --END-- [ RunTime:0.011064s ]
INFO: [ view_filter ] --START--
INFO: ContentReplace Behavior ::run [ RunTime:0.000760s ]
INFO: TokenBuild Behavior ::run [ RunTime:0.000424s ]
INFO: WriteHtmlCache Behavior ::run [ RunTime:0.000259s ]
INFO: ShowRuntime Behavior ::run [ RunTime:0.000782s ]
INFO: [ view_filter ] --END-- [ RunTime:0.002551s ]
INFO: [ view_end ] --START--
INFO: ShowPageTrace Behavior ::run [ RunTime:0.000572s ]
INFO: [ view_end ] --END-- [ RunTime:0.000667s ]

[ 2014-08-14T08:55:44+08:00 ] 127.0.0.1 /Cars/index.php/Admin/Activity/addActivity
INFO: [ route_check ] --START--
INFO: CheckRoute Behavior ::run [ RunTime:0.000797s ]
INFO: [ route_check ] --END-- [ RunTime:0.000971s ]
INFO: [ app_begin ] --START--
INFO: ReadHtmlCache Behavior ::run [ RunTime:0.000710s ]
INFO: [ app_begin ] --END-- [ RunTime:0.000847s ]
INFO: [ view_parse ] --START--
NOTIC: [8] Undefined variable: cate D:\wamp\www\Cars\APP\Runtime\Cache\Admin\47db927369742f984c818ea5a9938cfb.php 第 45 行.
INFO: ParseTemplate Behavior ::run [ RunTime:0.010908s ]
INFO: [ view_parse ] --END-- [ RunTime:0.011066s ]
INFO: [ view_filter ] --START--
INFO: ContentReplace Behavior ::run [ RunTime:0.000424s ]
INFO: TokenBuild Behavior ::run [ RunTime:0.000391s ]
INFO: WriteHtmlCache Behavior ::run [ RunTime:0.000241s ]
INFO: ShowRuntime Behavior ::run [ RunTime:0.000464s ]
INFO: [ view_filter ] --END-- [ RunTime:0.001787s ]
INFO: [ view_end ] --START--
INFO: ShowPageTrace Behavior ::run [ RunTime:0.001238s ]
INFO: [ view_end ] --END-- [ RunTime:0.001437s ]

[ 2014-08-14T08:56:10+08:00 ] 127.0.0.1 /Cars/index.php/Admin/Inform/nearMonthInform
INFO: [ route_check ] --START--
INFO: CheckRoute Behavior ::run [ RunTime:0.000725s ]
INFO: [ route_check ] --END-- [ RunTime:0.000844s ]
INFO: [ app_begin ] --START--
INFO: ReadHtmlCache Behavior ::run [ RunTime:0.000507s ]
INFO: [ app_begin ] --END-- [ RunTime:0.000605s ]
SQL: SHOW COLUMNS FROM `up_inform` [ RunTime:0.004069s ]
NOTIC: [2] strtoupper() expects parameter 1 to be string, array given D:\wamp\www\Cars\ThinkPHP\Lib\Core\Db.class.php 第 508 行.
SQL: SELECT COUNT(*) AS tp_count FROM `up_inform` WHERE ( (`time` >= '2014-07-14') AND (`time` <= '2014-08-14')  ) LIMIT 1   [ RunTime:0.003370s ]
NOTIC: [2] strtoupper() expects parameter 1 to be string, array given D:\wamp\www\Cars\ThinkPHP\Lib\Core\Db.class.php 第 508 行.
SQL: SELECT * FROM `up_inform` WHERE ( (`time` >= '2014-07-14') AND (`time` <= '2014-08-14')  ) ORDER BY time LIMIT 0,5   [ RunTime:0.000852s ]
NOTIC: [8] Use of undefined constant index - assumed 'index' D:\wamp\www\Cars\APP\Modules\Admin\Action\InformAction.class.php 第 10 行.
INFO: [ view_parse ] --START--
INFO: ParseTemplate Behavior ::run [ RunTime:0.013972s ]
INFO: [ view_parse ] --END-- [ RunTime:0.014199s ]
INFO: [ view_filter ] --START--
INFO: ContentReplace Behavior ::run [ RunTime:0.001050s ]
INFO: TokenBuild Behavior ::run [ RunTime:0.000511s ]
INFO: WriteHtmlCache Behavior ::run [ RunTime:0.001029s ]
INFO: ShowRuntime Behavior ::run [ RunTime:0.000742s ]
INFO: [ view_filter ] --END-- [ RunTime:0.003766s ]
INFO: [ view_end ] --START--
INFO: ShowPageTrace Behavior ::run [ RunTime:0.000601s ]
INFO: [ view_end ] --END-- [ RunTime:0.000692s ]

[ 2014-08-14T08:56:10+08:00 ] 127.0.0.1 /Cars/index.php/Admin/Inform/nearHalfYearInform
INFO: [ route_check ] --START--
INFO: CheckRoute Behavior ::run [ RunTime:0.001218s ]
INFO: [ route_check ] --END-- [ RunTime:0.001410s ]
INFO: [ app_begin ] --START--
INFO: ReadHtmlCache Behavior ::run [ RunTime:0.000888s ]
INFO: [ app_begin ] --END-- [ RunTime:0.001060s ]
SQL: SHOW COLUMNS FROM `up_inform` [ RunTime:0.002484s ]
NOTIC: [2] strtoupper() expects parameter 1 to be string, array given D:\wamp\www\Cars\ThinkPHP\Lib\Core\Db.class.php 第 508 行.
SQL: SELECT COUNT(*) AS tp_count FROM `up_inform` WHERE ( (`time` >= '2014-02-14') AND (`time` <= '2014-08-14')  ) LIMIT 1   [ RunTime:0.000706s ]
NOTIC: [2] strtoupper() expects parameter 1 to be string, array given D:\wamp\www\Cars\ThinkPHP\Lib\Core\Db.class.php 第 508 行.
SQL: SELECT * FROM `up_inform` WHERE ( (`time` >= '2014-02-14') AND (`time` <= '2014-08-14')  ) ORDER BY time LIMIT 0,5   [ RunTime:0.000391s ]
NOTIC: [8] Use of undefined constant index - assumed 'index' D:\wamp\www\Cars\APP\Modules\Admin\Action\InformAction.class.php 第 10 行.
INFO: [ view_parse ] --START--
INFO: ParseTemplate Behavior ::run [ RunTime:0.009648s ]
INFO: [ view_parse ] --END-- [ RunTime:0.009769s ]
INFO: [ view_filter ] --START--
INFO: ContentReplace Behavior ::run [ RunTime:0.000364s ]
INFO: TokenBuild Behavior ::run [ RunTime:0.000362s ]
INFO: WriteHtmlCache Behavior ::run [ RunTime:0.000234s ]
INFO: ShowRuntime Behavior ::run [ RunTime:0.000450s ]
INFO: [ view_filter ] --END-- [ RunTime:0.001652s ]
INFO: [ view_end ] --START--
INFO: ShowPageTrace Behavior ::run [ RunTime:0.000596s ]
INFO: [ view_end ] --END-- [ RunTime:0.000687s ]

[ 2014-08-14T08:56:11+08:00 ] 127.0.0.1 /Cars/index.php/Admin/Inform/nearThreeMonthInform
INFO: [ route_check ] --START--
INFO: CheckRoute Behavior ::run [ RunTime:0.000700s ]
INFO: [ route_check ] --END-- [ RunTime:0.000817s ]
INFO: [ app_begin ] --START--
INFO: ReadHtmlCache Behavior ::run [ RunTime:0.000764s ]
INFO: [ app_begin ] --END-- [ RunTime:0.000910s ]
SQL: SHOW COLUMNS FROM `up_inform` [ RunTime:0.001980s ]
NOTIC: [2] strtoupper() expects parameter 1 to be string, array given D:\wamp\www\Cars\ThinkPHP\Lib\Core\Db.class.php 第 508 行.
SQL: SELECT COUNT(*) AS tp_count FROM `up_inform` WHERE ( (`time` >= '2014-05-14') AND (`time` <= '2014-08-14')  ) LIMIT 1   [ RunTime:0.000360s ]
NOTIC: [2] strtoupper() expects parameter 1 to be string, array given D:\wamp\www\Cars\ThinkPHP\Lib\Core\Db.class.php 第 508 行.
SQL: SELECT * FROM `up_inform` WHERE ( (`time` >= '2014-05-14') AND (`time` <= '2014-08-14')  ) ORDER BY time LIMIT 0,5   [ RunTime:0.000296s ]
NOTIC: [8] Use of undefined constant index - assumed 'index' D:\wamp\www\Cars\APP\Modules\Admin\Action\InformAction.class.php 第 10 行.
INFO: [ view_parse ] --START--
INFO: ParseTemplate Behavior ::run [ RunTime:0.009511s ]
INFO: [ view_parse ] --END-- [ RunTime:0.009632s ]
INFO: [ view_filter ] --START--
INFO: ContentReplace Behavior ::run [ RunTime:0.001213s ]
INFO: TokenBuild Behavior ::run [ RunTime:0.000599s ]
INFO: WriteHtmlCache Behavior ::run [ RunTime:0.000332s ]
INFO: ShowRuntime Behavior ::run [ RunTime:0.000548s ]
INFO: [ view_filter ] --END-- [ RunTime:0.003029s ]
INFO: [ view_end ] --START--
INFO: ShowPageTrace Behavior ::run [ RunTime:0.000676s ]
INFO: [ view_end ] --END-- [ RunTime:0.000776s ]

[ 2014-08-14T08:56:12+08:00 ] 127.0.0.1 /Cars/index.php/Admin/Inform/nearHalfYearInform
INFO: [ route_check ] --START--
INFO: CheckRoute Behavior ::run [ RunTime:0.001272s ]
INFO: [ route_check ] --END-- [ RunTime:0.001431s ]
INFO: [ app_begin ] --START--
INFO: ReadHtmlCache Behavior ::run [ RunTime:0.000501s ]
INFO: [ app_begin ] --END-- [ RunTime:0.000596s ]
SQL: SHOW COLUMNS FROM `up_inform` [ RunTime:0.002031s ]
NOTIC: [2] strtoupper() expects parameter 1 to be string, array given D:\wamp\www\Cars\ThinkPHP\Lib\Core\Db.class.php 第 508 行.
SQL: SELECT COUNT(*) AS tp_count FROM `up_inform` WHERE ( (`time` >= '2014-02-14') AND (`time` <= '2014-08-14')  ) LIMIT 1   [ RunTime:0.000267s ]
NOTIC: [2] strtoupper() expects parameter 1 to be string, array given D:\wamp\www\Cars\ThinkPHP\Lib\Core\Db.class.php 第 508 行.
SQL: SELECT * FROM `up_inform` WHERE ( (`time` >= '2014-02-14') AND (`time` <= '2014-08-14')  ) ORDER BY time LIMIT 0,5   [ RunTime:0.000255s ]
NOTIC: [8] Use of undefined constant index - assumed 'index' D:\wamp\www\Cars\APP\Modules\Admin\Action\InformAction.class.php 第 10 行.
INFO: [ view_parse ] --START--
INFO: ParseTemplate Behavior ::run [ RunTime:0.010423s ]
INFO: [ view_parse ] --END-- [ RunTime:0.010548s ]
INFO: [ view_filter ] --START--
INFO: ContentReplace Behavior ::run [ RunTime:0.000428s ]
INFO: TokenBuild Behavior ::run [ RunTime:0.000407s ]
INFO: WriteHtmlCache Behavior ::run [ RunTime:0.000247s ]
INFO: ShowRuntime Behavior ::run [ RunTime:0.000466s ]
INFO: [ view_filter ] --END-- [ RunTime:0.001798s ]
INFO: [ view_end ] --START--
INFO: ShowPageTrace Behavior ::run [ RunTime:0.000526s ]
INFO: [ view_end ] --END-- [ RunTime:0.000614s ]

[ 2014-08-14T08:56:28+08:00 ] 127.0.0.1 /Cars/index.php/Admin/User/index/p/3
INFO: [ route_check ] --START--
INFO: CheckRoute Behavior ::run [ RunTime:0.001294s ]
INFO: [ route_check ] --END-- [ RunTime:0.001616s ]
INFO: [ app_begin ] --START--
INFO: ReadHtmlCache Behavior ::run [ RunTime:0.001548s ]
INFO: [ app_begin ] --END-- [ RunTime:0.001781s ]
NOTIC: [8] Use of undefined constant uid - assumed 'uid' D:\wamp\www\Cars\APP\Lib\Action\CommonAction.class.php 第 4 行.
SQL: SHOW COLUMNS FROM `up_user` [ RunTime:0.002111s ]
SQL: SELECT COUNT(*) AS tp_count FROM `up_user` WHERE ( type=0 ) LIMIT 1   [ RunTime:0.000315s ]
SQL: SELECT * FROM `up_user` WHERE ( type=0 ) LIMIT 10,5   [ RunTime:0.000254s ]
INFO: [ view_parse ] --START--
NOTIC: [8] Use of undefined constant __GROUP_NAME__ - assumed '__GROUP_NAME__' D:\wamp\www\Cars\APP\Runtime\Cache\Admin\0af99c6145f464d4841eb41b389029cc.php 第 71 行.
NOTIC: [8] Use of undefined constant __GROUP_NAME__ - assumed '__GROUP_NAME__' D:\wamp\www\Cars\APP\Runtime\Cache\Admin\0af99c6145f464d4841eb41b389029cc.php 第 72 行.
INFO: ParseTemplate Behavior ::run [ RunTime:0.009070s ]
INFO: [ view_parse ] --END-- [ RunTime:0.009171s ]
INFO: [ view_filter ] --START--
INFO: ContentReplace Behavior ::run [ RunTime:0.000438s ]
INFO: TokenBuild Behavior ::run [ RunTime:0.000367s ]
INFO: WriteHtmlCache Behavior ::run [ RunTime:0.000238s ]
INFO: ShowRuntime Behavior ::run [ RunTime:0.000452s ]
INFO: [ view_filter ] --END-- [ RunTime:0.001742s ]
INFO: [ view_end ] --START--
INFO: ShowPageTrace Behavior ::run [ RunTime:0.000519s ]
INFO: [ view_end ] --END-- [ RunTime:0.000607s ]

[ 2014-08-14T08:56:31+08:00 ] 127.0.0.1 /Cars/index.php/Admin/User/index/p/1
INFO: [ route_check ] --START--
INFO: CheckRoute Behavior ::run [ RunTime:0.000678s ]
INFO: [ route_check ] --END-- [ RunTime:0.000787s ]
INFO: [ app_begin ] --START--
INFO: ReadHtmlCache Behavior ::run [ RunTime:0.000721s ]
INFO: [ app_begin ] --END-- [ RunTime:0.000830s ]
NOTIC: [8] Use of undefined constant uid - assumed 'uid' D:\wamp\www\Cars\APP\Lib\Action\CommonAction.class.php 第 4 行.
SQL: SHOW COLUMNS FROM `up_user` [ RunTime:0.002352s ]
SQL: SELECT COUNT(*) AS tp_count FROM `up_user` WHERE ( type=0 ) LIMIT 1   [ RunTime:0.000329s ]
SQL: SELECT * FROM `up_user` WHERE ( type=0 ) LIMIT 0,5   [ RunTime:0.000270s ]
INFO: [ view_parse ] --START--
NOTIC: [8] Use of undefined constant __GROUP_NAME__ - assumed '__GROUP_NAME__' D:\wamp\www\Cars\APP\Runtime\Cache\Admin\0af99c6145f464d4841eb41b389029cc.php 第 71 行.
NOTIC: [8] Use of undefined constant __GROUP_NAME__ - assumed '__GROUP_NAME__' D:\wamp\www\Cars\APP\Runtime\Cache\Admin\0af99c6145f464d4841eb41b389029cc.php 第 72 行.
NOTIC: [8] Use of undefined constant __GROUP_NAME__ - assumed '__GROUP_NAME__' D:\wamp\www\Cars\APP\Runtime\Cache\Admin\0af99c6145f464d4841eb41b389029cc.php 第 71 行.
NOTIC: [8] Use of undefined constant __GROUP_NAME__ - assumed '__GROUP_NAME__' D:\wamp\www\Cars\APP\Runtime\Cache\Admin\0af99c6145f464d4841eb41b389029cc.php 第 72 行.
NOTIC: [8] Use of undefined constant __GROUP_NAME__ - assumed '__GROUP_NAME__' D:\wamp\www\Cars\APP\Runtime\Cache\Admin\0af99c6145f464d4841eb41b389029cc.php 第 71 行.
NOTIC: [8] Use of undefined constant __GROUP_NAME__ - assumed '__GROUP_NAME__' D:\wamp\www\Cars\APP\Runtime\Cache\Admin\0af99c6145f464d4841eb41b389029cc.php 第 72 行.
NOTIC: [8] Use of undefined constant __GROUP_NAME__ - assumed '__GROUP_NAME__' D:\wamp\www\Cars\APP\Runtime\Cache\Admin\0af99c6145f464d4841eb41b389029cc.php 第 71 行.
NOTIC: [8] Use of undefined constant __GROUP_NAME__ - assumed '__GROUP_NAME__' D:\wamp\www\Cars\APP\Runtime\Cache\Admin\0af99c6145f464d4841eb41b389029cc.php 第 72 行.
NOTIC: [8] Use of undefined constant __GROUP_NAME__ - assumed '__GROUP_NAME__' D:\wamp\www\Cars\APP\Runtime\Cache\Admin\0af99c6145f464d4841eb41b389029cc.php 第 71 行.
NOTIC: [8] Use of undefined constant __GROUP_NAME__ - assumed '__GROUP_NAME__' D:\wamp\www\Cars\APP\Runtime\Cache\Admin\0af99c6145f464d4841eb41b389029cc.php 第 72 行.
INFO: ParseTemplate Behavior ::run [ RunTime:0.011128s ]
INFO: [ view_parse ] --END-- [ RunTime:0.011231s ]
INFO: [ view_filter ] --START--
INFO: ContentReplace Behavior ::run [ RunTime:0.000389s ]
INFO: TokenBuild Behavior ::run [ RunTime:0.000360s ]
INFO: WriteHtmlCache Behavior ::run [ RunTime:0.000233s ]
INFO: ShowRuntime Behavior ::run [ RunTime:0.000449s ]
INFO: [ view_filter ] --END-- [ RunTime:0.001669s ]
INFO: [ view_end ] --START--
INFO: ShowPageTrace Behavior ::run [ RunTime:0.000535s ]
INFO: [ view_end ] --END-- [ RunTime:0.000622s ]

[ 2014-08-14T08:56:33+08:00 ] 127.0.0.1 /Cars/index.php/Admin/User/index/p/2
INFO: [ route_check ] --START--
INFO: CheckRoute Behavior ::run [ RunTime:0.000698s ]
INFO: [ route_check ] --END-- [ RunTime:0.000816s ]
INFO: [ app_begin ] --START--
INFO: ReadHtmlCache Behavior ::run [ RunTime:0.000614s ]
INFO: [ app_begin ] --END-- [ RunTime:0.000736s ]
NOTIC: [8] Use of undefined constant uid - assumed 'uid' D:\wamp\www\Cars\APP\Lib\Action\CommonAction.class.php 第 4 行.
SQL: SHOW COLUMNS FROM `up_user` [ RunTime:0.002257s ]
SQL: SELECT COUNT(*) AS tp_count FROM `up_user` WHERE ( type=0 ) LIMIT 1   [ RunTime:0.000283s ]
SQL: SELECT * FROM `up_user` WHERE ( type=0 ) LIMIT 5,5   [ RunTime:0.000266s ]
INFO: [ view_parse ] --START--
NOTIC: [8] Use of undefined constant __GROUP_NAME__ - assumed '__GROUP_NAME__' D:\wamp\www\Cars\APP\Runtime\Cache\Admin\0af99c6145f464d4841eb41b389029cc.php 第 71 行.
NOTIC: [8] Use of undefined constant __GROUP_NAME__ - assumed '__GROUP_NAME__' D:\wamp\www\Cars\APP\Runtime\Cache\Admin\0af99c6145f464d4841eb41b389029cc.php 第 72 行.
NOTIC: [8] Use of undefined constant __GROUP_NAME__ - assumed '__GROUP_NAME__' D:\wamp\www\Cars\APP\Runtime\Cache\Admin\0af99c6145f464d4841eb41b389029cc.php 第 71 行.
NOTIC: [8] Use of undefined constant __GROUP_NAME__ - assumed '__GROUP_NAME__' D:\wamp\www\Cars\APP\Runtime\Cache\Admin\0af99c6145f464d4841eb41b389029cc.php 第 72 行.
NOTIC: [8] Use of undefined constant __GROUP_NAME__ - assumed '__GROUP_NAME__' D:\wamp\www\Cars\APP\Runtime\Cache\Admin\0af99c6145f464d4841eb41b389029cc.php 第 71 行.
NOTIC: [8] Use of undefined constant __GROUP_NAME__ - assumed '__GROUP_NAME__' D:\wamp\www\Cars\APP\Runtime\Cache\Admin\0af99c6145f464d4841eb41b389029cc.php 第 72 行.
NOTIC: [8] Use of undefined constant __GROUP_NAME__ - assumed '__GROUP_NAME__' D:\wamp\www\Cars\APP\Runtime\Cache\Admin\0af99c6145f464d4841eb41b389029cc.php 第 71 行.
NOTIC: [8] Use of undefined constant __GROUP_NAME__ - assumed '__GROUP_NAME__' D:\wamp\www\Cars\APP\Runtime\Cache\Admin\0af99c6145f464d4841eb41b389029cc.php 第 72 行.
NOTIC: [8] Use of undefined constant __GROUP_NAME__ - assumed '__GROUP_NAME__' D:\wamp\www\Cars\APP\Runtime\Cache\Admin\0af99c6145f464d4841eb41b389029cc.php 第 71 行.
NOTIC: [8] Use of undefined constant __GROUP_NAME__ - assumed '__GROUP_NAME__' D:\wamp\www\Cars\APP\Runtime\Cache\Admin\0af99c6145f464d4841eb41b389029cc.php 第 72 行.
INFO: ParseTemplate Behavior ::run [ RunTime:0.010825s ]
INFO: [ view_parse ] --END-- [ RunTime:0.010927s ]
INFO: [ view_filter ] --START--
INFO: ContentReplace Behavior ::run [ RunTime:0.000377s ]
INFO: TokenBuild Behavior ::run [ RunTime:0.000359s ]
INFO: WriteHtmlCache Behavior ::run [ RunTime:0.000233s ]
INFO: ShowRuntime Behavior ::run [ RunTime:0.000471s ]
INFO: [ view_filter ] --END-- [ RunTime:0.001680s ]
INFO: [ view_end ] --START--
INFO: ShowPageTrace Behavior ::run [ RunTime:0.000515s ]
INFO: [ view_end ] --END-- [ RunTime:0.000602s ]

[ 2014-08-14T08:56:34+08:00 ] 127.0.0.1 /Cars/index.php/Admin/User/index/p/1
INFO: [ route_check ] --START--
INFO: CheckRoute Behavior ::run [ RunTime:0.000705s ]
INFO: [ route_check ] --END-- [ RunTime:0.000824s ]
INFO: [ app_begin ] --START--
INFO: ReadHtmlCache Behavior ::run [ RunTime:0.000766s ]
INFO: [ app_begin ] --END-- [ RunTime:0.000919s ]
NOTIC: [8] Use of undefined constant uid - assumed 'uid' D:\wamp\www\Cars\APP\Lib\Action\CommonAction.class.php 第 4 行.
SQL: SHOW COLUMNS FROM `up_user` [ RunTime:0.002214s ]
SQL: SELECT COUNT(*) AS tp_count FROM `up_user` WHERE ( type=0 ) LIMIT 1   [ RunTime:0.000254s ]
SQL: SELECT * FROM `up_user` WHERE ( type=0 ) LIMIT 0,5   [ RunTime:0.000253s ]
INFO: [ view_parse ] --START--
NOTIC: [8] Use of undefined constant __GROUP_NAME__ - assumed '__GROUP_NAME__' D:\wamp\www\Cars\APP\Runtime\Cache\Admin\0af99c6145f464d4841eb41b389029cc.php 第 71 行.
NOTIC: [8] Use of undefined constant __GROUP_NAME__ - assumed '__GROUP_NAME__' D:\wamp\www\Cars\APP\Runtime\Cache\Admin\0af99c6145f464d4841eb41b389029cc.php 第 72 行.
NOTIC: [8] Use of undefined constant __GROUP_NAME__ - assumed '__GROUP_NAME__' D:\wamp\www\Cars\APP\Runtime\Cache\Admin\0af99c6145f464d4841eb41b389029cc.php 第 71 行.
NOTIC: [8] Use of undefined constant __GROUP_NAME__ - assumed '__GROUP_NAME__' D:\wamp\www\Cars\APP\Runtime\Cache\Admin\0af99c6145f464d4841eb41b389029cc.php 第 72 行.
NOTIC: [8] Use of undefined constant __GROUP_NAME__ - assumed '__GROUP_NAME__' D:\wamp\www\Cars\APP\Runtime\Cache\Admin\0af99c6145f464d4841eb41b389029cc.php 第 71 行.
NOTIC: [8] Use of undefined constant __GROUP_NAME__ - assumed '__GROUP_NAME__' D:\wamp\www\Cars\APP\Runtime\Cache\Admin\0af99c6145f464d4841eb41b389029cc.php 第 72 行.
NOTIC: [8] Use of undefined constant __GROUP_NAME__ - assumed '__GROUP_NAME__' D:\wamp\www\Cars\APP\Runtime\Cache\Admin\0af99c6145f464d4841eb41b389029cc.php 第 71 行.
NOTIC: [8] Use of undefined constant __GROUP_NAME__ - assumed '__GROUP_NAME__' D:\wamp\www\Cars\APP\Runtime\Cache\Admin\0af99c6145f464d4841eb41b389029cc.php 第 72 行.
NOTIC: [8] Use of undefined constant __GROUP_NAME__ - assumed '__GROUP_NAME__' D:\wamp\www\Cars\APP\Runtime\Cache\Admin\0af99c6145f464d4841eb41b389029cc.php 第 71 行.
NOTIC: [8] Use of undefined constant __GROUP_NAME__ - assumed '__GROUP_NAME__' D:\wamp\www\Cars\APP\Runtime\Cache\Admin\0af99c6145f464d4841eb41b389029cc.php 第 72 行.
INFO: ParseTemplate Behavior ::run [ RunTime:0.010967s ]
INFO: [ view_parse ] --END-- [ RunTime:0.011070s ]
INFO: [ view_filter ] --START--
INFO: ContentReplace Behavior ::run [ RunTime:0.000393s ]
INFO: TokenBuild Behavior ::run [ RunTime:0.000367s ]
INFO: WriteHtmlCache Behavior ::run [ RunTime:0.000236s ]
INFO: ShowRuntime Behavior ::run [ RunTime:0.000513s ]
INFO: [ view_filter ] --END-- [ RunTime:0.001811s ]
INFO: [ view_end ] --START--
INFO: ShowPageTrace Behavior ::run [ RunTime:0.000585s ]
INFO: [ view_end ] --END-- [ RunTime:0.000676s ]

[ 2014-08-14T08:56:35+08:00 ] 127.0.0.1 /Cars/index.php/Admin/User/index/p/3
INFO: [ route_check ] --START--
INFO: CheckRoute Behavior ::run [ RunTime:0.001333s ]
INFO: [ route_check ] --END-- [ RunTime:0.001540s ]
INFO: [ app_begin ] --START--
INFO: ReadHtmlCache Behavior ::run [ RunTime:0.000969s ]
INFO: [ app_begin ] --END-- [ RunTime:0.001154s ]
NOTIC: [8] Use of undefined constant uid - assumed 'uid' D:\wamp\www\Cars\APP\Lib\Action\CommonAction.class.php 第 4 行.
SQL: SHOW COLUMNS FROM `up_user` [ RunTime:0.002109s ]
SQL: SELECT COUNT(*) AS tp_count FROM `up_user` WHERE ( type=0 ) LIMIT 1   [ RunTime:0.000287s ]
SQL: SELECT * FROM `up_user` WHERE ( type=0 ) LIMIT 10,5   [ RunTime:0.000234s ]
INFO: [ view_parse ] --START--
NOTIC: [8] Use of undefined constant __GROUP_NAME__ - assumed '__GROUP_NAME__' D:\wamp\www\Cars\APP\Runtime\Cache\Admin\0af99c6145f464d4841eb41b389029cc.php 第 71 行.
NOTIC: [8] Use of undefined constant __GROUP_NAME__ - assumed '__GROUP_NAME__' D:\wamp\www\Cars\APP\Runtime\Cache\Admin\0af99c6145f464d4841eb41b389029cc.php 第 72 行.
INFO: ParseTemplate Behavior ::run [ RunTime:0.009914s ]
INFO: [ view_parse ] --END-- [ RunTime:0.010019s ]
INFO: [ view_filter ] --START--
INFO: ContentReplace Behavior ::run [ RunTime:0.000385s ]
INFO: TokenBuild Behavior ::run [ RunTime:0.000359s ]
INFO: WriteHtmlCache Behavior ::run [ RunTime:0.000232s ]
INFO: ShowRuntime Behavior ::run [ RunTime:0.000447s ]
INFO: [ view_filter ] --END-- [ RunTime:0.001666s ]
INFO: [ view_end ] --START--
INFO: ShowPageTrace Behavior ::run [ RunTime:0.000516s ]
INFO: [ view_end ] --END-- [ RunTime:0.000603s ]

[ 2014-08-14T08:56:37+08:00 ] 127.0.0.1 /Cars/index.php/Admin/User/index/p/2
INFO: [ route_check ] --START--
INFO: CheckRoute Behavior ::run [ RunTime:0.001354s ]
INFO: [ route_check ] --END-- [ RunTime:0.001585s ]
INFO: [ app_begin ] --START--
INFO: ReadHtmlCache Behavior ::run [ RunTime:0.000507s ]
INFO: [ app_begin ] --END-- [ RunTime:0.000685s ]
NOTIC: [8] Use of undefined constant uid - assumed 'uid' D:\wamp\www\Cars\APP\Lib\Action\CommonAction.class.php 第 4 行.
SQL: SHOW COLUMNS FROM `up_user` [ RunTime:0.002374s ]
SQL: SELECT COUNT(*) AS tp_count FROM `up_user` WHERE ( type=0 ) LIMIT 1   [ RunTime:0.000241s ]
SQL: SELECT * FROM `up_user` WHERE ( type=0 ) LIMIT 5,5   [ RunTime:0.000214s ]
INFO: [ view_parse ] --START--
NOTIC: [8] Use of undefined constant __GROUP_NAME__ - assumed '__GROUP_NAME__' D:\wamp\www\Cars\APP\Runtime\Cache\Admin\0af99c6145f464d4841eb41b389029cc.php 第 71 行.
NOTIC: [8] Use of undefined constant __GROUP_NAME__ - assumed '__GROUP_NAME__' D:\wamp\www\Cars\APP\Runtime\Cache\Admin\0af99c6145f464d4841eb41b389029cc.php 第 72 行.
NOTIC: [8] Use of undefined constant __GROUP_NAME__ - assumed '__GROUP_NAME__' D:\wamp\www\Cars\APP\Runtime\Cache\Admin\0af99c6145f464d4841eb41b389029cc.php 第 71 行.
NOTIC: [8] Use of undefined constant __GROUP_NAME__ - assumed '__GROUP_NAME__' D:\wamp\www\Cars\APP\Runtime\Cache\Admin\0af99c6145f464d4841eb41b389029cc.php 第 72 行.
NOTIC: [8] Use of undefined constant __GROUP_NAME__ - assumed '__GROUP_NAME__' D:\wamp\www\Cars\APP\Runtime\Cache\Admin\0af99c6145f464d4841eb41b389029cc.php 第 71 行.
NOTIC: [8] Use of undefined constant __GROUP_NAME__ - assumed '__GROUP_NAME__' D:\wamp\www\Cars\APP\Runtime\Cache\Admin\0af99c6145f464d4841eb41b389029cc.php 第 72 行.
NOTIC: [8] Use of undefined constant __GROUP_NAME__ - assumed '__GROUP_NAME__' D:\wamp\www\Cars\APP\Runtime\Cache\Admin\0af99c6145f464d4841eb41b389029cc.php 第 71 行.
NOTIC: [8] Use of undefined constant __GROUP_NAME__ - assumed '__GROUP_NAME__' D:\wamp\www\Cars\APP\Runtime\Cache\Admin\0af99c6145f464d4841eb41b389029cc.php 第 72 行.
NOTIC: [8] Use of undefined constant __GROUP_NAME__ - assumed '__GROUP_NAME__' D:\wamp\www\Cars\APP\Runtime\Cache\Admin\0af99c6145f464d4841eb41b389029cc.php 第 71 行.
NOTIC: [8] Use of undefined constant __GROUP_NAME__ - assumed '__GROUP_NAME__' D:\wamp\www\Cars\APP\Runtime\Cache\Admin\0af99c6145f464d4841eb41b389029cc.php 第 72 行.
INFO: ParseTemplate Behavior ::run [ RunTime:0.011292s ]
INFO: [ view_parse ] --END-- [ RunTime:0.011395s ]
INFO: [ view_filter ] --START--
INFO: ContentReplace Behavior ::run [ RunTime:0.000428s ]
INFO: TokenBuild Behavior ::run [ RunTime:0.000364s ]
INFO: WriteHtmlCache Behavior ::run [ RunTime:0.000234s ]
INFO: ShowRuntime Behavior ::run [ RunTime:0.000452s ]
INFO: [ view_filter ] --END-- [ RunTime:0.001735s ]
INFO: [ view_end ] --START--
INFO: ShowPageTrace Behavior ::run [ RunTime:0.000525s ]
INFO: [ view_end ] --END-- [ RunTime:0.000664s ]

[ 2014-08-14T14:27:32+08:00 ] 127.0.0.1 /Cars/
INFO: [ app_begin ] --START--
INFO: ReadHtmlCache Behavior ::run [ RunTime:0.002900s ]
INFO: [ app_begin ] --END-- [ RunTime:0.003072s ]
ERR: 无法加载模块:Index

[ 2014-08-14T14:27:42+08:00 ] 127.0.0.1 /Cars/index.php/Admin
INFO: [ route_check ] --START--
INFO: CheckRoute Behavior ::run [ RunTime:0.003555s ]
INFO: [ route_check ] --END-- [ RunTime:0.003759s ]
INFO: [ app_begin ] --START--
INFO: ReadHtmlCache Behavior ::run [ RunTime:0.002459s ]
INFO: [ app_begin ] --END-- [ RunTime:0.002598s ]
NOTIC: [8] Use of undefined constant uid - assumed 'uid' C:\wamp\www\Cars\APP\Lib\Action\CommonAction.class.php 第 4 行.

[ 2014-08-14T14:27:42+08:00 ] 127.0.0.1 /Cars/index.php/Admin/Login/index
INFO: [ route_check ] --START--
INFO: CheckRoute Behavior ::run [ RunTime:0.003815s ]
INFO: [ route_check ] --END-- [ RunTime:0.003943s ]
INFO: [ app_begin ] --START--
INFO: ReadHtmlCache Behavior ::run [ RunTime:0.002041s ]
INFO: [ app_begin ] --END-- [ RunTime:0.002195s ]
INFO: [ view_parse ] --START--
INFO: ParseTemplate Behavior ::run [ RunTime:0.053621s ]
INFO: [ view_parse ] --END-- [ RunTime:0.053795s ]
INFO: [ view_filter ] --START--
INFO: ContentReplace Behavior ::run [ RunTime:0.005043s ]
INFO: TokenBuild Behavior ::run [ RunTime:0.005887s ]
INFO: WriteHtmlCache Behavior ::run [ RunTime:0.003529s ]
INFO: ShowRuntime Behavior ::run [ RunTime:0.003315s ]
INFO: [ view_filter ] --END-- [ RunTime:0.018246s ]
INFO: [ view_end ] --START--
INFO: ShowPageTrace Behavior ::run [ RunTime:0.006050s ]
INFO: [ view_end ] --END-- [ RunTime:0.006216s ]

[ 2014-08-14T14:27:42+08:00 ] 127.0.0.1 /Cars/index.php/Admin/Login/verify
INFO: [ route_check ] --START--
INFO: CheckRoute Behavior ::run [ RunTime:0.009543s ]
INFO: [ route_check ] --END-- [ RunTime:0.009751s ]
INFO: [ app_begin ] --START--
INFO: ReadHtmlCache Behavior ::run [ RunTime:0.004356s ]
INFO: [ app_begin ] --END-- [ RunTime:0.004555s ]

[ 2014-08-14T14:27:56+08:00 ] 127.0.0.1 /Cars/index.php/Admin/Login/login
INFO: [ route_check ] --START--
INFO: CheckRoute Behavior ::run [ RunTime:0.007931s ]
INFO: [ route_check ] --END-- [ RunTime:0.008159s ]
INFO: [ app_begin ] --START--
INFO: ReadHtmlCache Behavior ::run [ RunTime:0.012928s ]
INFO: [ app_begin ] --END-- [ RunTime:0.013058s ]
INFO: [ view_parse ] --START--
INFO: ParseTemplate Behavior ::run [ RunTime:0.095048s ]
INFO: [ view_parse ] --END-- [ RunTime:0.095287s ]
INFO: [ view_filter ] --START--
INFO: ContentReplace Behavior ::run [ RunTime:0.015727s ]
INFO: TokenBuild Behavior ::run [ RunTime:0.014732s ]
INFO: WriteHtmlCache Behavior ::run [ RunTime:0.007914s ]
INFO: ShowRuntime Behavior ::run [ RunTime:0.010769s ]
INFO: [ view_filter ] --END-- [ RunTime:0.049536s ]
INFO: [ view_end ] --START--
INFO: ShowPageTrace Behavior ::run [ RunTime:0.001429s ]
INFO: [ view_end ] --END-- [ RunTime:0.001520s ]

[ 2014-08-14T14:28:01+08:00 ] 127.0.0.1 /Cars/index.php/Admin/Login/verify/0.5100340759381652
INFO: [ route_check ] --START--
INFO: CheckRoute Behavior ::run [ RunTime:0.007363s ]
INFO: [ route_check ] --END-- [ RunTime:0.007628s ]
INFO: [ app_begin ] --START--
INFO: ReadHtmlCache Behavior ::run [ RunTime:0.013787s ]
INFO: [ app_begin ] --END-- [ RunTime:0.013983s ]

[ 2014-08-14T14:28:23+08:00 ] 127.0.0.1 /Cars/index.php/Admin/Login/login
INFO: [ route_check ] --START--
INFO: CheckRoute Behavior ::run [ RunTime:0.004107s ]
INFO: [ route_check ] --END-- [ RunTime:0.004305s ]
INFO: [ app_begin ] --START--
INFO: ReadHtmlCache Behavior ::run [ RunTime:0.002313s ]
INFO: [ app_begin ] --END-- [ RunTime:0.002506s ]
SQL: SHOW COLUMNS FROM `up_user` [ RunTime:0.006108s ]
SQL: SELECT * FROM `up_user` WHERE ( `uid` = 1208067024 ) LIMIT 1   [ RunTime:0.000424s ]
SQL: UPDATE `up_user` SET `logintime`=1407997703,`loginip`='127.0.0.1' WHERE ( `id` = 50 ) [ RunTime:0.085584s ]

[ 2014-08-14T14:28:23+08:00 ] 127.0.0.1 /Cars/index.php/Admin
INFO: [ route_check ] --START--
INFO: CheckRoute Behavior ::run [ RunTime:0.001743s ]
INFO: [ route_check ] --END-- [ RunTime:0.001896s ]
INFO: [ app_begin ] --START--
INFO: ReadHtmlCache Behavior ::run [ RunTime:0.001161s ]
INFO: [ app_begin ] --END-- [ RunTime:0.001265s ]
NOTIC: [8] Use of undefined constant uid - assumed 'uid' C:\wamp\www\Cars\APP\Lib\Action\CommonAction.class.php 第 4 行.
NOTIC: [8] Use of undefined constant username - assumed 'username' C:\wamp\www\Cars\APP\Modules\Admin\Action\IndexAction.class.php 第 4 行.
NOTIC: [8] Use of undefined constant time - assumed 'time' C:\wamp\www\Cars\APP\Modules\Admin\Action\IndexAction.class.php 第 5 行.
NOTIC: [8] Undefined index: time C:\wamp\www\Cars\APP\Modules\Admin\Action\IndexAction.class.php 第 5 行.
INFO: [ view_parse ] --START--
INFO: ParseTemplate Behavior ::run [ RunTime:0.183535s ]
INFO: [ view_parse ] --END-- [ RunTime:0.184011s ]
INFO: [ view_filter ] --START--
INFO: ContentReplace Behavior ::run [ RunTime:0.018796s ]
INFO: TokenBuild Behavior ::run [ RunTime:0.047308s ]
INFO: WriteHtmlCache Behavior ::run [ RunTime:0.063873s ]
INFO: ShowRuntime Behavior ::run [ RunTime:0.011199s ]
INFO: [ view_filter ] --END-- [ RunTime:0.143180s ]
INFO: [ view_end ] --START--
INFO: ShowPageTrace Behavior ::run [ RunTime:0.007840s ]
INFO: [ view_end ] --END-- [ RunTime:0.008040s ]

[ 2014-08-14T14:28:25+08:00 ] 127.0.0.1 /Cars/index.php/Admin/Activity/showRunActivity
INFO: [ route_check ] --START--
INFO: CheckRoute Behavior ::run [ RunTime:0.007397s ]
INFO: [ route_check ] --END-- [ RunTime:0.007558s ]
INFO: [ app_begin ] --START--
INFO: ReadHtmlCache Behavior ::run [ RunTime:0.004241s ]
INFO: [ app_begin ] --END-- [ RunTime:0.004382s ]
SQL: SHOW COLUMNS FROM `up_activity` [ RunTime:0.008984s ]
SQL: SELECT COUNT(*) AS tp_count FROM `up_activity` WHERE ( `endtime` >= '2014-08-14' ) LIMIT 1   [ RunTime:0.000435s ]
SQL: SELECT * FROM `up_activity` WHERE ( `endtime` >= '2014-08-14' ) ORDER BY starttime LIMIT 0,5   [ RunTime:0.009562s ]
NOTIC: [8] Use of undefined constant index - assumed 'index' C:\wamp\www\Cars\APP\Modules\Admin\Action\ActivityAction.class.php 第 8 行.
INFO: [ view_parse ] --START--
INFO: ParseTemplate Behavior ::run [ RunTime:0.032023s ]
INFO: [ view_parse ] --END-- [ RunTime:0.032155s ]
INFO: [ view_filter ] --START--
INFO: ContentReplace Behavior ::run [ RunTime:0.003484s ]
INFO: TokenBuild Behavior ::run [ RunTime:0.014901s ]
INFO: WriteHtmlCache Behavior ::run [ RunTime:0.008069s ]
INFO: ShowRuntime Behavior ::run [ RunTime:0.010738s ]
INFO: [ view_filter ] --END-- [ RunTime:0.037520s ]
INFO: [ view_end ] --START--
INFO: ShowPageTrace Behavior ::run [ RunTime:0.001185s ]
INFO: [ view_end ] --END-- [ RunTime:0.001315s ]

[ 2014-08-14T14:28:30+08:00 ] 127.0.0.1 /Cars/index.php/Admin/User/index
INFO: [ route_check ] --START--
INFO: CheckRoute Behavior ::run [ RunTime:0.008054s ]
INFO: [ route_check ] --END-- [ RunTime:0.008260s ]
INFO: [ app_begin ] --START--
INFO: ReadHtmlCache Behavior ::run [ RunTime:0.012618s ]
INFO: [ app_begin ] --END-- [ RunTime:0.012794s ]
NOTIC: [8] Use of undefined constant uid - assumed 'uid' C:\wamp\www\Cars\APP\Lib\Action\CommonAction.class.php 第 4 行.
SQL: SHOW COLUMNS FROM `up_user` [ RunTime:0.006149s ]
SQL: SELECT COUNT(*) AS tp_count FROM `up_user` WHERE ( type=0 ) LIMIT 1   [ RunTime:0.000492s ]
SQL: SELECT * FROM `up_user` WHERE ( type=0 ) LIMIT 0,5   [ RunTime:0.000665s ]
INFO: [ view_parse ] --START--
NOTIC: [8] Use of undefined constant __GROUP_NAME__ - assumed '__GROUP_NAME__' C:\wamp\www\Cars\APP\Runtime\Cache\Admin\0af99c6145f464d4841eb41b389029cc.php 第 71 行.
NOTIC: [8] Use of undefined constant __GROUP_NAME__ - assumed '__GROUP_NAME__' C:\wamp\www\Cars\APP\Runtime\Cache\Admin\0af99c6145f464d4841eb41b389029cc.php 第 72 行.
NOTIC: [8] Use of undefined constant __GROUP_NAME__ - assumed '__GROUP_NAME__' C:\wamp\www\Cars\APP\Runtime\Cache\Admin\0af99c6145f464d4841eb41b389029cc.php 第 71 行.
NOTIC: [8] Use of undefined constant __GROUP_NAME__ - assumed '__GROUP_NAME__' C:\wamp\www\Cars\APP\Runtime\Cache\Admin\0af99c6145f464d4841eb41b389029cc.php 第 72 行.
NOTIC: [8] Use of undefined constant __GROUP_NAME__ - assumed '__GROUP_NAME__' C:\wamp\www\Cars\APP\Runtime\Cache\Admin\0af99c6145f464d4841eb41b389029cc.php 第 71 行.
NOTIC: [8] Use of undefined constant __GROUP_NAME__ - assumed '__GROUP_NAME__' C:\wamp\www\Cars\APP\Runtime\Cache\Admin\0af99c6145f464d4841eb41b389029cc.php 第 72 行.
NOTIC: [8] Use of undefined constant __GROUP_NAME__ - assumed '__GROUP_NAME__' C:\wamp\www\Cars\APP\Runtime\Cache\Admin\0af99c6145f464d4841eb41b389029cc.php 第 71 行.
NOTIC: [8] Use of undefined constant __GROUP_NAME__ - assumed '__GROUP_NAME__' C:\wamp\www\Cars\APP\Runtime\Cache\Admin\0af99c6145f464d4841eb41b389029cc.php 第 72 行.
NOTIC: [8] Use of undefined constant __GROUP_NAME__ - assumed '__GROUP_NAME__' C:\wamp\www\Cars\APP\Runtime\Cache\Admin\0af99c6145f464d4841eb41b389029cc.php 第 71 行.
NOTIC: [8] Use of undefined constant __GROUP_NAME__ - assumed '__GROUP_NAME__' C:\wamp\www\Cars\APP\Runtime\Cache\Admin\0af99c6145f464d4841eb41b389029cc.php 第 72 行.
INFO: ParseTemplate Behavior ::run [ RunTime:0.015772s ]
INFO: [ view_parse ] --END-- [ RunTime:0.015963s ]
INFO: [ view_filter ] --START--
INFO: ContentReplace Behavior ::run [ RunTime:0.001052s ]
INFO: TokenBuild Behavior ::run [ RunTime:0.000826s ]
INFO: WriteHtmlCache Behavior ::run [ RunTime:0.000628s ]
INFO: ShowRuntime Behavior ::run [ RunTime:0.000851s ]
INFO: [ view_filter ] --END-- [ RunTime:0.003649s ]
INFO: [ view_end ] --START--
INFO: ShowPageTrace Behavior ::run [ RunTime:0.000905s ]
INFO: [ view_end ] --END-- [ RunTime:0.000998s ]

[ 2014-08-14T14:28:34+08:00 ] 127.0.0.1 /Cars/index.php/Admin/Search/searchActivity
INFO: [ route_check ] --START--
INFO: CheckRoute Behavior ::run [ RunTime:0.001452s ]
INFO: [ route_check ] --END-- [ RunTime:0.001682s ]
INFO: [ app_begin ] --START--
INFO: ReadHtmlCache Behavior ::run [ RunTime:0.004690s ]
INFO: [ app_begin ] --END-- [ RunTime:0.004926s ]
NOTIC: [8] Use of undefined constant id - assumed 'id' C:\wamp\www\Cars\APP\Modules\Admin\Action\SearchAction.class.php 第 7 行.
NOTIC: [8] Use of undefined constant type - assumed 'type' C:\wamp\www\Cars\APP\Modules\Admin\Action\SearchAction.class.php 第 7 行.
NOTIC: [8] Use of undefined constant title - assumed 'title' C:\wamp\www\Cars\APP\Modules\Admin\Action\SearchAction.class.php 第 7 行.
NOTIC: [8] Use of undefined constant time - assumed 'time' C:\wamp\www\Cars\APP\Modules\Admin\Action\SearchAction.class.php 第 7 行.
NOTIC: [8] Use of undefined constant college - assumed 'college' C:\wamp\www\Cars\APP\Modules\Admin\Action\SearchAction.class.php 第 7 行.
NOTIC: [8] Use of undefined constant state - assumed 'state' C:\wamp\www\Cars\APP\Modules\Admin\Action\SearchAction.class.php 第 7 行.
NOTIC: [8] Use of undefined constant opera - assumed 'opera' C:\wamp\www\Cars\APP\Modules\Admin\Action\SearchAction.class.php 第 7 行.
INFO: [ view_parse ] --START--
NOTIC: [8] Undefined variable: aa C:\wamp\www\Cars\APP\Runtime\Cache\Admin\9e0807de8c7a6fe07eefc328817ac63a.php 第 69 行.
NOTIC: [8] Undefined variable: aa C:\wamp\www\Cars\APP\Runtime\Cache\Admin\9e0807de8c7a6fe07eefc328817ac63a.php 第 70 行.
NOTIC: [8] Undefined variable: aa C:\wamp\www\Cars\APP\Runtime\Cache\Admin\9e0807de8c7a6fe07eefc328817ac63a.php 第 71 行.
NOTIC: [8] Undefined variable: aa C:\wamp\www\Cars\APP\Runtime\Cache\Admin\9e0807de8c7a6fe07eefc328817ac63a.php 第 72 行.
NOTIC: [8] Undefined variable: aa C:\wamp\www\Cars\APP\Runtime\Cache\Admin\9e0807de8c7a6fe07eefc328817ac63a.php 第 73 行.
NOTIC: [8] Undefined variable: aa C:\wamp\www\Cars\APP\Runtime\Cache\Admin\9e0807de8c7a6fe07eefc328817ac63a.php 第 74 行.
NOTIC: [8] Undefined variable: aa C:\wamp\www\Cars\APP\Runtime\Cache\Admin\9e0807de8c7a6fe07eefc328817ac63a.php 第 75 行.
INFO: ParseTemplate Behavior ::run [ RunTime:0.030713s ]
INFO: [ view_parse ] --END-- [ RunTime:0.030929s ]
INFO: [ view_filter ] --START--
INFO: ContentReplace Behavior ::run [ RunTime:0.000986s ]
INFO: TokenBuild Behavior ::run [ RunTime:0.001101s ]
INFO: WriteHtmlCache Behavior ::run [ RunTime:0.001460s ]
INFO: ShowRuntime Behavior ::run [ RunTime:0.001395s ]
INFO: [ view_filter ] --END-- [ RunTime:0.005417s ]
INFO: [ view_end ] --START--
INFO: ShowPageTrace Behavior ::run [ RunTime:0.001554s ]
INFO: [ view_end ] --END-- [ RunTime:0.001675s ]

[ 2014-08-14T14:28:36+08:00 ] 127.0.0.1 /Cars/index.php/Admin/Chart/index
INFO: [ route_check ] --START--
INFO: CheckRoute Behavior ::run [ RunTime:0.001756s ]
INFO: [ route_check ] --END-- [ RunTime:0.001943s ]
INFO: [ app_begin ] --START--
INFO: ReadHtmlCache Behavior ::run [ RunTime:0.001541s ]
INFO: [ app_begin ] --END-- [ RunTime:0.001766s ]
INFO: [ view_parse ] --START--
INFO: ParseTemplate Behavior ::run [ RunTime:0.026619s ]
INFO: [ view_parse ] --END-- [ RunTime:0.026904s ]
INFO: [ view_filter ] --START--
INFO: ContentReplace Behavior ::run [ RunTime:0.001418s ]
INFO: TokenBuild Behavior ::run [ RunTime:0.001755s ]
INFO: WriteHtmlCache Behavior ::run [ RunTime:0.001543s ]
INFO: ShowRuntime Behavior ::run [ RunTime:0.002162s ]
INFO: [ view_filter ] --END-- [ RunTime:0.007670s ]
INFO: [ view_end ] --START--
INFO: ShowPageTrace Behavior ::run [ RunTime:0.002004s ]
INFO: [ view_end ] --END-- [ RunTime:0.002203s ]

[ 2014-08-14T14:28:36+08:00 ] 127.0.0.1 /Cars/index.php/Admin/assets/js/prettify.js
INFO: [ route_check ] --START--
INFO: CheckRoute Behavior ::run [ RunTime:0.001575s ]
INFO: [ route_check ] --END-- [ RunTime:0.001857s ]
INFO: [ app_begin ] --START--
INFO: ReadHtmlCache Behavior ::run [ RunTime:0.001166s ]
INFO: [ app_begin ] --END-- [ RunTime:0.001385s ]
ERR: 无法加载模块:assets

[ 2014-08-14T14:28:40+08:00 ] 127.0.0.1 /Cars/index.php/Admin/Inform/showAllInform
INFO: [ route_check ] --START--
INFO: CheckRoute Behavior ::run [ RunTime:0.001406s ]
INFO: [ route_check ] --END-- [ RunTime:0.001622s ]
INFO: [ app_begin ] --START--
INFO: ReadHtmlCache Behavior ::run [ RunTime:0.005769s ]
INFO: [ app_begin ] --END-- [ RunTime:0.005969s ]
SQL: SHOW COLUMNS FROM `up_inform` [ RunTime:0.008912s ]
SQL: SELECT COUNT(*) AS tp_count FROM `up_inform` LIMIT 1   [ RunTime:0.000811s ]
SQL: SELECT * FROM `up_inform` LIMIT 0,5   [ RunTime:0.000821s ]
NOTIC: [8] Use of undefined constant index - assumed 'index' C:\wamp\www\Cars\APP\Modules\Admin\Action\InformAction.class.php 第 10 行.
INFO: [ view_parse ] --START--
INFO: ParseTemplate Behavior ::run [ RunTime:0.027825s ]
INFO: [ view_parse ] --END-- [ RunTime:0.028199s ]
INFO: [ view_filter ] --START--
INFO: ContentReplace Behavior ::run [ RunTime:0.001500s ]
INFO: TokenBuild Behavior ::run [ RunTime:0.001168s ]
INFO: WriteHtmlCache Behavior ::run [ RunTime:0.001413s ]
INFO: ShowRuntime Behavior ::run [ RunTime:0.002014s ]
INFO: [ view_filter ] --END-- [ RunTime:0.006656s ]
INFO: [ view_end ] --START--
INFO: ShowPageTrace Behavior ::run [ RunTime:0.002154s ]
INFO: [ view_end ] --END-- [ RunTime:0.002355s ]

[ 2014-08-14T14:28:43+08:00 ] 127.0.0.1 /Cars/index.php/Admin/Inform/showAllInform/p/2
INFO: [ route_check ] --START--
INFO: CheckRoute Behavior ::run [ RunTime:0.001190s ]
INFO: [ route_check ] --END-- [ RunTime:0.001335s ]
INFO: [ app_begin ] --START--
INFO: ReadHtmlCache Behavior ::run [ RunTime:0.000926s ]
INFO: [ app_begin ] --END-- [ RunTime:0.001053s ]
SQL: SHOW COLUMNS FROM `up_inform` [ RunTime:0.006333s ]
SQL: SELECT COUNT(*) AS tp_count FROM `up_inform` LIMIT 1   [ RunTime:0.000349s ]
SQL: SELECT * FROM `up_inform` LIMIT 5,5   [ RunTime:0.000345s ]
NOTIC: [8] Use of undefined constant index - assumed 'index' C:\wamp\www\Cars\APP\Modules\Admin\Action\InformAction.class.php 第 10 行.
INFO: [ view_parse ] --START--
INFO: ParseTemplate Behavior ::run [ RunTime:0.013560s ]
INFO: [ view_parse ] --END-- [ RunTime:0.013716s ]
INFO: [ view_filter ] --START--
INFO: ContentReplace Behavior ::run [ RunTime:0.001117s ]
INFO: TokenBuild Behavior ::run [ RunTime:0.000797s ]
INFO: WriteHtmlCache Behavior ::run [ RunTime:0.001000s ]
INFO: ShowRuntime Behavior ::run [ RunTime:0.001078s ]
INFO: [ view_filter ] --END-- [ RunTime:0.004343s ]
INFO: [ view_end ] --START--
INFO: ShowPageTrace Behavior ::run [ RunTime:0.001330s ]
INFO: [ view_end ] --END-- [ RunTime:0.001460s ]

[ 2014-08-14T14:28:45+08:00 ] 127.0.0.1 /Cars/index.php/Admin/Inform/nearMonthInform
INFO: [ route_check ] --START--
INFO: CheckRoute Behavior ::run [ RunTime:0.001410s ]
INFO: [ route_check ] --END-- [ RunTime:0.001623s ]
INFO: [ app_begin ] --START--
INFO: ReadHtmlCache Behavior ::run [ RunTime:0.001083s ]
INFO: [ app_begin ] --END-- [ RunTime:0.001259s ]
SQL: SHOW COLUMNS FROM `up_inform` [ RunTime:0.008718s ]
NOTIC: [2] strtoupper() expects parameter 1 to be string, array given C:\wamp\www\Cars\ThinkPHP\Lib\Core\Db.class.php 第 508 行.
SQL: SELECT COUNT(*) AS tp_count FROM `up_inform` WHERE ( (`time` >= '2014-07-14') AND (`time` <= '2014-08-14')  ) LIMIT 1   [ RunTime:0.001282s ]
NOTIC: [2] strtoupper() expects parameter 1 to be string, array given C:\wamp\www\Cars\ThinkPHP\Lib\Core\Db.class.php 第 508 行.
SQL: SELECT * FROM `up_inform` WHERE ( (`time` >= '2014-07-14') AND (`time` <= '2014-08-14')  ) ORDER BY time LIMIT 0,5   [ RunTime:0.001376s ]
NOTIC: [8] Use of undefined constant index - assumed 'index' C:\wamp\www\Cars\APP\Modules\Admin\Action\InformAction.class.php 第 10 行.
INFO: [ view_parse ] --START--
INFO: ParseTemplate Behavior ::run [ RunTime:0.020317s ]
INFO: [ view_parse ] --END-- [ RunTime:0.020548s ]
INFO: [ view_filter ] --START--
INFO: ContentReplace Behavior ::run [ RunTime:0.001288s ]
INFO: TokenBuild Behavior ::run [ RunTime:0.001133s ]
INFO: WriteHtmlCache Behavior ::run [ RunTime:0.001509s ]
INFO: ShowRuntime Behavior ::run [ RunTime:0.002969s ]
INFO: [ view_filter ] --END-- [ RunTime:0.007462s ]
INFO: [ view_end ] --START--
INFO: ShowPageTrace Behavior ::run [ RunTime:0.002277s ]
INFO: [ view_end ] --END-- [ RunTime:0.002462s ]

[ 2014-08-14T14:28:47+08:00 ] 127.0.0.1 /Cars/index.php/Admin/Inform/addInform
INFO: [ route_check ] --START--
INFO: CheckRoute Behavior ::run [ RunTime:0.000883s ]
INFO: [ route_check ] --END-- [ RunTime:0.001001s ]
INFO: [ app_begin ] --START--
INFO: ReadHtmlCache Behavior ::run [ RunTime:0.001157s ]
INFO: [ app_begin ] --END-- [ RunTime:0.001278s ]
INFO: [ view_parse ] --START--
INFO: ParseTemplate Behavior ::run [ RunTime:0.011679s ]
INFO: [ view_parse ] --END-- [ RunTime:0.011820s ]
INFO: [ view_filter ] --START--
INFO: ContentReplace Behavior ::run [ RunTime:0.000859s ]
INFO: TokenBuild Behavior ::run [ RunTime:0.000746s ]
INFO: WriteHtmlCache Behavior ::run [ RunTime:0.000642s ]
INFO: ShowRuntime Behavior ::run [ RunTime:0.000859s ]
INFO: [ view_filter ] --END-- [ RunTime:0.003394s ]
INFO: [ view_end ] --START--
INFO: ShowPageTrace Behavior ::run [ RunTime:0.000977s ]
INFO: [ view_end ] --END-- [ RunTime:0.001075s ]

[ 2014-08-14T14:28:57+08:00 ] 127.0.0.1 /Cars/index.php/Admin/User/adduser
INFO: [ route_check ] --START--
INFO: CheckRoute Behavior ::run [ RunTime:0.001232s ]
INFO: [ route_check ] --END-- [ RunTime:0.001427s ]
INFO: [ app_begin ] --START--
INFO: ReadHtmlCache Behavior ::run [ RunTime:0.001312s ]
INFO: [ app_begin ] --END-- [ RunTime:0.001516s ]
NOTIC: [8] Use of undefined constant uid - assumed 'uid' C:\wamp\www\Cars\APP\Lib\Action\CommonAction.class.php 第 4 行.
SQL: SHOW COLUMNS FROM `up_attr` [ RunTime:0.009091s ]
ERR: 1146:Table 'cars.up_attr' doesn't exist
 [ SQL语句 ] : SHOW COLUMNS FROM `up_attr`
SQL: SELECT * FROM `up_attr`  [ RunTime:0.000579s ]
ERR: 1146:Table 'cars.up_attr' doesn't exist
 [ SQL语句 ] : SELECT * FROM `up_attr` 
INFO: [ view_parse ] --START--
INFO: ParseTemplate Behavior ::run [ RunTime:0.014079s ]
INFO: [ view_parse ] --END-- [ RunTime:0.014238s ]
INFO: [ view_filter ] --START--
INFO: ContentReplace Behavior ::run [ RunTime:0.000940s ]
INFO: TokenBuild Behavior ::run [ RunTime:0.000767s ]
INFO: WriteHtmlCache Behavior ::run [ RunTime:0.000867s ]
INFO: ShowRuntime Behavior ::run [ RunTime:0.001983s ]
INFO: [ view_filter ] --END-- [ RunTime:0.004982s ]
INFO: [ view_end ] --START--
INFO: ShowPageTrace Behavior ::run [ RunTime:0.001730s ]
INFO: [ view_end ] --END-- [ RunTime:0.001952s ]

[ 2014-08-14T14:29:03+08:00 ] 127.0.0.1 /Cars/index.php/Admin/Login/loginOut
INFO: [ route_check ] --START--
INFO: CheckRoute Behavior ::run [ RunTime:0.000889s ]
INFO: [ route_check ] --END-- [ RunTime:0.001013s ]
INFO: [ app_begin ] --START--
INFO: ReadHtmlCache Behavior ::run [ RunTime:0.000885s ]
INFO: [ app_begin ] --END-- [ RunTime:0.001097s ]

[ 2014-08-14T14:29:03+08:00 ] 127.0.0.1 /Cars/index.php/Admin/Login/index
INFO: [ route_check ] --START--
INFO: CheckRoute Behavior ::run [ RunTime:0.001006s ]
INFO: [ route_check ] --END-- [ RunTime:0.001184s ]
INFO: [ app_begin ] --START--
INFO: ReadHtmlCache Behavior ::run [ RunTime:0.000723s ]
INFO: [ app_begin ] --END-- [ RunTime:0.000834s ]
INFO: [ view_parse ] --START--
INFO: ParseTemplate Behavior ::run [ RunTime:0.027563s ]
INFO: [ view_parse ] --END-- [ RunTime:0.027764s ]
INFO: [ view_filter ] --START--
INFO: ContentReplace Behavior ::run [ RunTime:0.002120s ]
INFO: TokenBuild Behavior ::run [ RunTime:0.002502s ]
INFO: WriteHtmlCache Behavior ::run [ RunTime:0.002044s ]
INFO: ShowRuntime Behavior ::run [ RunTime:0.002163s ]
INFO: [ view_filter ] --END-- [ RunTime:0.009498s ]
INFO: [ view_end ] --START--
INFO: ShowPageTrace Behavior ::run [ RunTime:0.002030s ]
INFO: [ view_end ] --END-- [ RunTime:0.002204s ]

[ 2014-08-14T14:29:03+08:00 ] 127.0.0.1 /Cars/index.php/Admin/Login/verify
INFO: [ route_check ] --START--
INFO: CheckRoute Behavior ::run [ RunTime:0.001470s ]
INFO: [ route_check ] --END-- [ RunTime:0.001881s ]
INFO: [ app_begin ] --START--
INFO: ReadHtmlCache Behavior ::run [ RunTime:0.001073s ]
INFO: [ app_begin ] --END-- [ RunTime:0.001220s ]

