[ 2014-11-05T18:01:57+08:00 ] 127.0.0.1 /Cars/index.php/Index
INFO: [ route_check ] --START--
INFO: CheckRoute Behavior ::run [ RunTime:0.030759s ]
INFO: [ route_check ] --END-- [ RunTime:0.030891s ]
INFO: [ app_begin ] --START--
INFO: ReadHtmlCache Behavior ::run [ RunTime:0.002374s ]
INFO: [ app_begin ] --END-- [ RunTime:0.002532s ]
SQL: SHOW COLUMNS FROM `up_inform` [ RunTime:0.073961s ]
SQL: SELECT * FROM `up_inform` ORDER BY time desc LIMIT 8   [ RunTime:0.001739s ]
SQL: SHOW COLUMNS FROM `up_activity` [ RunTime:0.041653s ]
SQL: SELECT * FROM `up_activity` ORDER BY starttime desc LIMIT 16   [ RunTime:0.001628s ]
SQL: SELECT * FROM `up_activity` ORDER BY starttime desc LIMIT 17   [ RunTime:0.000863s ]
SQL: SELECT * FROM `up_activity` ORDER BY starttime desc LIMIT 16   [ RunTime:0.000832s ]
SQL: SELECT * FROM `up_activity` ORDER BY starttime desc LIMIT 16   [ RunTime:0.000812s ]
INFO: [ view_parse ] --START--
NOTIC: [8] Use of undefined constant title - assumed 'title' D:\wamp\www\Cars\APP\Runtime\Cache\Index\dff44c8e9ebea4949049842757e96f1a.php 第 274 行.
NOTIC: [8] Use of undefined constant starttime - assumed 'starttime' D:\wamp\www\Cars\APP\Runtime\Cache\Index\dff44c8e9ebea4949049842757e96f1a.php 第 275 行.
NOTIC: [8] Use of undefined constant title - assumed 'title' D:\wamp\www\Cars\APP\Runtime\Cache\Index\dff44c8e9ebea4949049842757e96f1a.php 第 280 行.
NOTIC: [8] Use of undefined constant starttime - assumed 'starttime' D:\wamp\www\Cars\APP\Runtime\Cache\Index\dff44c8e9ebea4949049842757e96f1a.php 第 281 行.
NOTIC: [8] Use of undefined constant title - assumed 'title' D:\wamp\www\Cars\APP\Runtime\Cache\Index\dff44c8e9ebea4949049842757e96f1a.php 第 286 行.
NOTIC: [8] Use of undefined constant starttime - assumed 'starttime' D:\wamp\www\Cars\APP\Runtime\Cache\Index\dff44c8e9ebea4949049842757e96f1a.php 第 287 行.
NOTIC: [8] Use of undefined constant title - assumed 'title' D:\wamp\www\Cars\APP\Runtime\Cache\Index\dff44c8e9ebea4949049842757e96f1a.php 第 292 行.
NOTIC: [8] Use of undefined constant starttime - assumed 'starttime' D:\wamp\www\Cars\APP\Runtime\Cache\Index\dff44c8e9ebea4949049842757e96f1a.php 第 293 行.
NOTIC: [8] Use of undefined constant title - assumed 'title' D:\wamp\www\Cars\APP\Runtime\Cache\Index\dff44c8e9ebea4949049842757e96f1a.php 第 298 行.
NOTIC: [8] Use of undefined constant starttime - assumed 'starttime' D:\wamp\www\Cars\APP\Runtime\Cache\Index\dff44c8e9ebea4949049842757e96f1a.php 第 299 行.
NOTIC: [8] Use of undefined constant title - assumed 'title' D:\wamp\www\Cars\APP\Runtime\Cache\Index\dff44c8e9ebea4949049842757e96f1a.php 第 304 行.
NOTIC: [8] Use of undefined constant starttime - assumed 'starttime' D:\wamp\www\Cars\APP\Runtime\Cache\Index\dff44c8e9ebea4949049842757e96f1a.php 第 305 行.
NOTIC: [8] Use of undefined constant title - assumed 'title' D:\wamp\www\Cars\APP\Runtime\Cache\Index\dff44c8e9ebea4949049842757e96f1a.php 第 310 行.
NOTIC: [8] Use of undefined constant starttime - assumed 'starttime' D:\wamp\www\Cars\APP\Runtime\Cache\Index\dff44c8e9ebea4949049842757e96f1a.php 第 311 行.
NOTIC: [8] Use of undefined constant title - assumed 'title' D:\wamp\www\Cars\APP\Runtime\Cache\Index\dff44c8e9ebea4949049842757e96f1a.php 第 316 行.
NOTIC: [8] Use of undefined constant starttime - assumed 'starttime' D:\wamp\www\Cars\APP\Runtime\Cache\Index\dff44c8e9ebea4949049842757e96f1a.php 第 317 行.
NOTIC: [8] Use of undefined constant title - assumed 'title' D:\wamp\www\Cars\APP\Runtime\Cache\Index\dff44c8e9ebea4949049842757e96f1a.php 第 322 行.
NOTIC: [8] Use of undefined constant starttime - assumed 'starttime' D:\wamp\www\Cars\APP\Runtime\Cache\Index\dff44c8e9ebea4949049842757e96f1a.php 第 323 行.
NOTIC: [8] Use of undefined constant title - assumed 'title' D:\wamp\www\Cars\APP\Runtime\Cache\Index\dff44c8e9ebea4949049842757e96f1a.php 第 328 行.
NOTIC: [8] Use of undefined constant starttime - assumed 'starttime' D:\wamp\www\Cars\APP\Runtime\Cache\Index\dff44c8e9ebea4949049842757e96f1a.php 第 329 行.
INFO: ParseTemplate Behavior ::run [ RunTime:0.214068s ]
INFO: [ view_parse ] --END-- [ RunTime:0.214213s ]
INFO: [ view_filter ] --START--
INFO: ContentReplace Behavior ::run [ RunTime:0.044412s ]
INFO: TokenBuild Behavior ::run [ RunTime:0.020294s ]
INFO: WriteHtmlCache Behavior ::run [ RunTime:0.002007s ]
INFO: ShowRuntime Behavior ::run [ RunTime:0.002819s ]
INFO: [ view_filter ] --END-- [ RunTime:0.069918s ]
INFO: [ view_end ] --START--
INFO: ShowPageTrace Behavior ::run [ RunTime:0.002958s ]
INFO: [ view_end ] --END-- [ RunTime:0.003094s ]

[ 2014-11-05T18:02:34+08:00 ] 127.0.0.1 /Cars/index.php/Index
INFO: [ route_check ] --START--
INFO: CheckRoute Behavior ::run [ RunTime:0.001207s ]
INFO: [ route_check ] --END-- [ RunTime:0.001336s ]
INFO: [ app_begin ] --START--
INFO: ReadHtmlCache Behavior ::run [ RunTime:0.000831s ]
INFO: [ app_begin ] --END-- [ RunTime:0.000951s ]
SQL: SHOW COLUMNS FROM `up_inform` [ RunTime:0.003630s ]
SQL: SELECT * FROM `up_inform` ORDER BY time desc LIMIT 8   [ RunTime:0.000825s ]
SQL: SHOW COLUMNS FROM `up_activity` [ RunTime:0.004547s ]
SQL: SELECT * FROM `up_activity` ORDER BY starttime desc LIMIT 16   [ RunTime:0.000753s ]
SQL: SELECT * FROM `up_activity` ORDER BY starttime desc LIMIT 17   [ RunTime:0.000639s ]
SQL: SELECT * FROM `up_activity` ORDER BY starttime desc LIMIT 16   [ RunTime:0.000593s ]
SQL: SELECT * FROM `up_activity` ORDER BY starttime desc LIMIT 16   [ RunTime:0.000582s ]
INFO: [ view_parse ] --START--
NOTIC: [8] Use of undefined constant title - assumed 'title' D:\wamp\www\Cars\APP\Runtime\Cache\Index\dff44c8e9ebea4949049842757e96f1a.php 第 274 行.
NOTIC: [8] Use of undefined constant starttime - assumed 'starttime' D:\wamp\www\Cars\APP\Runtime\Cache\Index\dff44c8e9ebea4949049842757e96f1a.php 第 275 行.
NOTIC: [8] Use of undefined constant title - assumed 'title' D:\wamp\www\Cars\APP\Runtime\Cache\Index\dff44c8e9ebea4949049842757e96f1a.php 第 280 行.
NOTIC: [8] Use of undefined constant starttime - assumed 'starttime' D:\wamp\www\Cars\APP\Runtime\Cache\Index\dff44c8e9ebea4949049842757e96f1a.php 第 281 行.
NOTIC: [8] Use of undefined constant title - assumed 'title' D:\wamp\www\Cars\APP\Runtime\Cache\Index\dff44c8e9ebea4949049842757e96f1a.php 第 286 行.
NOTIC: [8] Use of undefined constant starttime - assumed 'starttime' D:\wamp\www\Cars\APP\Runtime\Cache\Index\dff44c8e9ebea4949049842757e96f1a.php 第 287 行.
NOTIC: [8] Use of undefined constant title - assumed 'title' D:\wamp\www\Cars\APP\Runtime\Cache\Index\dff44c8e9ebea4949049842757e96f1a.php 第 292 行.
NOTIC: [8] Use of undefined constant starttime - assumed 'starttime' D:\wamp\www\Cars\APP\Runtime\Cache\Index\dff44c8e9ebea4949049842757e96f1a.php 第 293 行.
NOTIC: [8] Use of undefined constant title - assumed 'title' D:\wamp\www\Cars\APP\Runtime\Cache\Index\dff44c8e9ebea4949049842757e96f1a.php 第 298 行.
NOTIC: [8] Use of undefined constant starttime - assumed 'starttime' D:\wamp\www\Cars\APP\Runtime\Cache\Index\dff44c8e9ebea4949049842757e96f1a.php 第 299 行.
NOTIC: [8] Use of undefined constant title - assumed 'title' D:\wamp\www\Cars\APP\Runtime\Cache\Index\dff44c8e9ebea4949049842757e96f1a.php 第 304 行.
NOTIC: [8] Use of undefined constant starttime - assumed 'starttime' D:\wamp\www\Cars\APP\Runtime\Cache\Index\dff44c8e9ebea4949049842757e96f1a.php 第 305 行.
NOTIC: [8] Use of undefined constant title - assumed 'title' D:\wamp\www\Cars\APP\Runtime\Cache\Index\dff44c8e9ebea4949049842757e96f1a.php 第 310 行.
NOTIC: [8] Use of undefined constant starttime - assumed 'starttime' D:\wamp\www\Cars\APP\Runtime\Cache\Index\dff44c8e9ebea4949049842757e96f1a.php 第 311 行.
NOTIC: [8] Use of undefined constant title - assumed 'title' D:\wamp\www\Cars\APP\Runtime\Cache\Index\dff44c8e9ebea4949049842757e96f1a.php 第 316 行.
NOTIC: [8] Use of undefined constant starttime - assumed 'starttime' D:\wamp\www\Cars\APP\Runtime\Cache\Index\dff44c8e9ebea4949049842757e96f1a.php 第 317 行.
NOTIC: [8] Use of undefined constant title - assumed 'title' D:\wamp\www\Cars\APP\Runtime\Cache\Index\dff44c8e9ebea4949049842757e96f1a.php 第 322 行.
NOTIC: [8] Use of undefined constant starttime - assumed 'starttime' D:\wamp\www\Cars\APP\Runtime\Cache\Index\dff44c8e9ebea4949049842757e96f1a.php 第 323 行.
NOTIC: [8] Use of undefined constant title - assumed 'title' D:\wamp\www\Cars\APP\Runtime\Cache\Index\dff44c8e9ebea4949049842757e96f1a.php 第 328 行.
NOTIC: [8] Use of undefined constant starttime - assumed 'starttime' D:\wamp\www\Cars\APP\Runtime\Cache\Index\dff44c8e9ebea4949049842757e96f1a.php 第 329 行.
INFO: ParseTemplate Behavior ::run [ RunTime:0.051721s ]
INFO: [ view_parse ] --END-- [ RunTime:0.051835s ]
INFO: [ view_filter ] --START--
INFO: ContentReplace Behavior ::run [ RunTime:0.000933s ]
INFO: TokenBuild Behavior ::run [ RunTime:0.000636s ]
INFO: WriteHtmlCache Behavior ::run [ RunTime:0.000473s ]
INFO: ShowRuntime Behavior ::run [ RunTime:0.000714s ]
INFO: [ view_filter ] --END-- [ RunTime:0.003022s ]
INFO: [ view_end ] --START--
INFO: ShowPageTrace Behavior ::run [ RunTime:0.000794s ]
INFO: [ view_end ] --END-- [ RunTime:0.000891s ]

[ 2014-11-05T18:02:36+08:00 ] 127.0.0.1 /Cars/index.php/Index/Login/index
INFO: [ route_check ] --START--
INFO: CheckRoute Behavior ::run [ RunTime:0.000884s ]
INFO: [ route_check ] --END-- [ RunTime:0.001000s ]
INFO: [ app_begin ] --START--
INFO: ReadHtmlCache Behavior ::run [ RunTime:0.000650s ]
INFO: [ app_begin ] --END-- [ RunTime:0.000750s ]
INFO: [ view_parse ] --START--
INFO: ParseTemplate Behavior ::run [ RunTime:0.032109s ]
INFO: [ view_parse ] --END-- [ RunTime:0.032280s ]
INFO: [ view_filter ] --START--
INFO: ContentReplace Behavior ::run [ RunTime:0.000692s ]
INFO: TokenBuild Behavior ::run [ RunTime:0.000522s ]
INFO: WriteHtmlCache Behavior ::run [ RunTime:0.000370s ]
INFO: ShowRuntime Behavior ::run [ RunTime:0.000586s ]
INFO: [ view_filter ] --END-- [ RunTime:0.002474s ]
INFO: [ view_end ] --START--
INFO: ShowPageTrace Behavior ::run [ RunTime:0.001313s ]
INFO: [ view_end ] --END-- [ RunTime:0.001427s ]

[ 2014-11-05T18:02:36+08:00 ] 127.0.0.1 /Cars/index.php/Index/Login/verify
INFO: [ route_check ] --START--
INFO: CheckRoute Behavior ::run [ RunTime:0.001665s ]
INFO: [ route_check ] --END-- [ RunTime:0.001881s ]
INFO: [ app_begin ] --START--
INFO: ReadHtmlCache Behavior ::run [ RunTime:0.001057s ]
INFO: [ app_begin ] --END-- [ RunTime:0.001570s ]

[ 2014-11-05T18:02:41+08:00 ] 127.0.0.1 /Cars/index.php/Index/Login/login
INFO: [ route_check ] --START--
INFO: CheckRoute Behavior ::run [ RunTime:0.001169s ]
INFO: [ route_check ] --END-- [ RunTime:0.001327s ]
INFO: [ app_begin ] --START--
INFO: ReadHtmlCache Behavior ::run [ RunTime:0.000947s ]
INFO: [ app_begin ] --END-- [ RunTime:0.001091s ]
INFO: [ view_parse ] --START--
INFO: ParseTemplate Behavior ::run [ RunTime:0.044384s ]
INFO: [ view_parse ] --END-- [ RunTime:0.044573s ]
INFO: [ view_filter ] --START--
INFO: ContentReplace Behavior ::run [ RunTime:0.000788s ]
INFO: TokenBuild Behavior ::run [ RunTime:0.000616s ]
INFO: WriteHtmlCache Behavior ::run [ RunTime:0.000371s ]
INFO: ShowRuntime Behavior ::run [ RunTime:0.000614s ]
INFO: [ view_filter ] --END-- [ RunTime:0.002731s ]
INFO: [ view_end ] --START--
INFO: ShowPageTrace Behavior ::run [ RunTime:0.000696s ]
INFO: [ view_end ] --END-- [ RunTime:0.000793s ]

[ 2014-11-05T18:02:53+08:00 ] 127.0.0.1 /Cars/index.php/Admin
INFO: [ route_check ] --START--
INFO: CheckRoute Behavior ::run [ RunTime:0.001468s ]
INFO: [ route_check ] --END-- [ RunTime:0.001676s ]
INFO: [ app_begin ] --START--
INFO: ReadHtmlCache Behavior ::run [ RunTime:0.000841s ]
INFO: [ app_begin ] --END-- [ RunTime:0.000965s ]
NOTIC: [8] Use of undefined constant uid - assumed 'uid' D:\wamp\www\Cars\APP\Lib\Action\CommonAction.class.php 第 4 行.

[ 2014-11-05T18:02:53+08:00 ] 127.0.0.1 /Cars/index.php/Admin/Login/index
INFO: [ route_check ] --START--
INFO: CheckRoute Behavior ::run [ RunTime:0.001115s ]
INFO: [ route_check ] --END-- [ RunTime:0.001260s ]
INFO: [ app_begin ] --START--
INFO: ReadHtmlCache Behavior ::run [ RunTime:0.000788s ]
INFO: [ app_begin ] --END-- [ RunTime:0.000912s ]
INFO: [ view_parse ] --START--
INFO: ParseTemplate Behavior ::run [ RunTime:0.028283s ]
INFO: [ view_parse ] --END-- [ RunTime:0.028462s ]
INFO: [ view_filter ] --START--
INFO: ContentReplace Behavior ::run [ RunTime:0.000960s ]
INFO: TokenBuild Behavior ::run [ RunTime:0.000667s ]
INFO: WriteHtmlCache Behavior ::run [ RunTime:0.000478s ]
INFO: ShowRuntime Behavior ::run [ RunTime:0.000761s ]
INFO: [ view_filter ] --END-- [ RunTime:0.003140s ]
INFO: [ view_end ] --START--
INFO: ShowPageTrace Behavior ::run [ RunTime:0.000788s ]
INFO: [ view_end ] --END-- [ RunTime:0.000878s ]

[ 2014-11-05T18:02:53+08:00 ] 127.0.0.1 /Cars/index.php/Admin/Login/verify
INFO: [ route_check ] --START--
INFO: CheckRoute Behavior ::run [ RunTime:0.001924s ]
INFO: [ route_check ] --END-- [ RunTime:0.002141s ]
INFO: [ app_begin ] --START--
INFO: ReadHtmlCache Behavior ::run [ RunTime:0.000854s ]
INFO: [ app_begin ] --END-- [ RunTime:0.000970s ]

[ 2014-11-05T18:02:55+08:00 ] 127.0.0.1 /Cars/index.php/Admin/Login/verify/0.9063528550323099
INFO: [ route_check ] --START--
INFO: CheckRoute Behavior ::run [ RunTime:0.001059s ]
INFO: [ route_check ] --END-- [ RunTime:0.001200s ]
INFO: [ app_begin ] --START--
INFO: ReadHtmlCache Behavior ::run [ RunTime:0.000903s ]
INFO: [ app_begin ] --END-- [ RunTime:0.001032s ]

[ 2014-11-05T18:02:55+08:00 ] 127.0.0.1 /Cars/index.php/Admin/Login/verify/0.06257694540545344
INFO: [ route_check ] --START--
INFO: CheckRoute Behavior ::run [ RunTime:0.001036s ]
INFO: [ route_check ] --END-- [ RunTime:0.001154s ]
INFO: [ app_begin ] --START--
INFO: ReadHtmlCache Behavior ::run [ RunTime:0.000622s ]
INFO: [ app_begin ] --END-- [ RunTime:0.000721s ]

[ 2014-11-05T18:02:56+08:00 ] 127.0.0.1 /Cars/index.php/Admin/Login/verify/0.22141471388749778
INFO: [ route_check ] --START--
INFO: CheckRoute Behavior ::run [ RunTime:0.001159s ]
INFO: [ route_check ] --END-- [ RunTime:0.001310s ]
INFO: [ app_begin ] --START--
INFO: ReadHtmlCache Behavior ::run [ RunTime:0.000834s ]
INFO: [ app_begin ] --END-- [ RunTime:0.000967s ]

[ 2014-11-05T18:02:57+08:00 ] 127.0.0.1 /Cars/index.php/Admin/Login/verify/0.1939522393513471
INFO: [ route_check ] --START--
INFO: CheckRoute Behavior ::run [ RunTime:0.000920s ]
INFO: [ route_check ] --END-- [ RunTime:0.001037s ]
INFO: [ app_begin ] --START--
INFO: ReadHtmlCache Behavior ::run [ RunTime:0.000658s ]
INFO: [ app_begin ] --END-- [ RunTime:0.000760s ]

[ 2014-11-05T18:02:57+08:00 ] 127.0.0.1 /Cars/index.php/Admin/Login/verify/0.07645166199654341
INFO: [ route_check ] --START--
INFO: CheckRoute Behavior ::run [ RunTime:0.001287s ]
INFO: [ route_check ] --END-- [ RunTime:0.001477s ]
INFO: [ app_begin ] --START--
INFO: ReadHtmlCache Behavior ::run [ RunTime:0.000759s ]
INFO: [ app_begin ] --END-- [ RunTime:0.000907s ]

[ 2014-11-05T18:02:59+08:00 ] 127.0.0.1 /Cars/index.php/Admin/Login/verify/0.4039539243094623
INFO: [ route_check ] --START--
INFO: CheckRoute Behavior ::run [ RunTime:0.000941s ]
INFO: [ route_check ] --END-- [ RunTime:0.001060s ]
INFO: [ app_begin ] --START--
INFO: ReadHtmlCache Behavior ::run [ RunTime:0.000762s ]
INFO: [ app_begin ] --END-- [ RunTime:0.000918s ]

[ 2014-11-05T18:02:59+08:00 ] 127.0.0.1 /Cars/index.php/Admin/Login/verify/0.5175380688160658
INFO: [ route_check ] --START--
INFO: CheckRoute Behavior ::run [ RunTime:0.001036s ]
INFO: [ route_check ] --END-- [ RunTime:0.001161s ]
INFO: [ app_begin ] --START--
INFO: ReadHtmlCache Behavior ::run [ RunTime:0.000639s ]
INFO: [ app_begin ] --END-- [ RunTime:0.000777s ]

[ 2014-11-05T18:03:01+08:00 ] 127.0.0.1 /Cars/index.php/Admin/Login/verify/0.9235940244980156
INFO: [ route_check ] --START--
INFO: CheckRoute Behavior ::run [ RunTime:0.001060s ]
INFO: [ route_check ] --END-- [ RunTime:0.001201s ]
INFO: [ app_begin ] --START--
INFO: ReadHtmlCache Behavior ::run [ RunTime:0.000749s ]
INFO: [ app_begin ] --END-- [ RunTime:0.000870s ]

[ 2014-11-05T18:03:02+08:00 ] 127.0.0.1 /Cars/index.php/Admin/Login/verify/0.8353734486736357
INFO: [ route_check ] --START--
INFO: CheckRoute Behavior ::run [ RunTime:0.001224s ]
INFO: [ route_check ] --END-- [ RunTime:0.001384s ]
INFO: [ app_begin ] --START--
INFO: ReadHtmlCache Behavior ::run [ RunTime:0.000980s ]
INFO: [ app_begin ] --END-- [ RunTime:0.001121s ]

[ 2014-11-05T18:03:08+08:00 ] 127.0.0.1 /Cars/index.php/Admin/Login/login
INFO: [ route_check ] --START--
INFO: CheckRoute Behavior ::run [ RunTime:0.003136s ]
INFO: [ route_check ] --END-- [ RunTime:0.003333s ]
INFO: [ app_begin ] --START--
INFO: ReadHtmlCache Behavior ::run [ RunTime:0.001065s ]
INFO: [ app_begin ] --END-- [ RunTime:0.001274s ]
SQL: SHOW COLUMNS FROM `up_user` [ RunTime:0.101866s ]
SQL: SELECT * FROM `up_user` WHERE ( `uid` = 1208067040 ) LIMIT 1   [ RunTime:0.161495s ]
SQL: UPDATE `up_user` SET `logintime`=1415181787,`loginip`='127.0.0.1' WHERE ( `id` = 51 ) [ RunTime:0.219412s ]

[ 2014-11-05T18:03:08+08:00 ] 127.0.0.1 /Cars/index.php/Admin
INFO: [ route_check ] --START--
INFO: CheckRoute Behavior ::run [ RunTime:0.000953s ]
INFO: [ route_check ] --END-- [ RunTime:0.001074s ]
INFO: [ app_begin ] --START--
INFO: ReadHtmlCache Behavior ::run [ RunTime:0.000685s ]
INFO: [ app_begin ] --END-- [ RunTime:0.000790s ]
NOTIC: [8] Use of undefined constant uid - assumed 'uid' D:\wamp\www\Cars\APP\Lib\Action\CommonAction.class.php 第 4 行.
NOTIC: [8] Use of undefined constant username - assumed 'username' D:\wamp\www\Cars\APP\Modules\Admin\Action\IndexAction.class.php 第 4 行.
NOTIC: [8] Use of undefined constant time - assumed 'time' D:\wamp\www\Cars\APP\Modules\Admin\Action\IndexAction.class.php 第 5 行.
NOTIC: [8] Undefined index: time D:\wamp\www\Cars\APP\Modules\Admin\Action\IndexAction.class.php 第 5 行.
INFO: [ view_parse ] --START--
INFO: ParseTemplate Behavior ::run [ RunTime:0.057280s ]
INFO: [ view_parse ] --END-- [ RunTime:0.057411s ]
INFO: [ view_filter ] --START--
INFO: ContentReplace Behavior ::run [ RunTime:0.000650s ]
INFO: TokenBuild Behavior ::run [ RunTime:0.000513s ]
INFO: WriteHtmlCache Behavior ::run [ RunTime:0.000378s ]
INFO: ShowRuntime Behavior ::run [ RunTime:0.000623s ]
INFO: [ view_filter ] --END-- [ RunTime:0.002431s ]
INFO: [ view_end ] --START--
INFO: ShowPageTrace Behavior ::run [ RunTime:0.000738s ]
INFO: [ view_end ] --END-- [ RunTime:0.000836s ]

[ 2014-11-05T18:03:08+08:00 ] 127.0.0.1 /Cars/index.php/Admin/Activity/showRunActivity
INFO: [ route_check ] --START--
INFO: CheckRoute Behavior ::run [ RunTime:0.001077s ]
INFO: [ route_check ] --END-- [ RunTime:0.001216s ]
INFO: [ app_begin ] --START--
INFO: ReadHtmlCache Behavior ::run [ RunTime:0.000784s ]
INFO: [ app_begin ] --END-- [ RunTime:0.000915s ]
SQL: SHOW COLUMNS FROM `up_activity` [ RunTime:0.004454s ]
SQL: SELECT COUNT(*) AS tp_count FROM `up_activity` WHERE ( `endtime` >= '2014-11-05' ) LIMIT 1   [ RunTime:0.000572s ]
SQL: SELECT * FROM `up_activity` WHERE ( `endtime` >= '2014-11-05' ) ORDER BY starttime LIMIT 0,5   [ RunTime:0.000447s ]
NOTIC: [2] Invalid argument supplied for foreach() D:\wamp\www\Cars\APP\Modules\Admin\Action\ActivityAction.class.php 第 25 行.
NOTIC: [8] Use of undefined constant index - assumed 'index' D:\wamp\www\Cars\APP\Modules\Admin\Action\ActivityAction.class.php 第 8 行.
INFO: [ view_parse ] --START--
INFO: ParseTemplate Behavior ::run [ RunTime:0.027629s ]
INFO: [ view_parse ] --END-- [ RunTime:0.027769s ]
INFO: [ view_filter ] --START--
INFO: ContentReplace Behavior ::run [ RunTime:0.000537s ]
INFO: TokenBuild Behavior ::run [ RunTime:0.000503s ]
INFO: WriteHtmlCache Behavior ::run [ RunTime:0.000369s ]
INFO: ShowRuntime Behavior ::run [ RunTime:0.000746s ]
INFO: [ view_filter ] --END-- [ RunTime:0.002471s ]
INFO: [ view_end ] --START--
INFO: ShowPageTrace Behavior ::run [ RunTime:0.001169s ]
INFO: [ view_end ] --END-- [ RunTime:0.001370s ]

[ 2014-11-05T18:03:10+08:00 ] 127.0.0.1 /Cars/index.php/Admin/Activity/historyActivity
INFO: [ route_check ] --START--
INFO: CheckRoute Behavior ::run [ RunTime:0.001627s ]
INFO: [ route_check ] --END-- [ RunTime:0.001823s ]
INFO: [ app_begin ] --START--
INFO: ReadHtmlCache Behavior ::run [ RunTime:0.001055s ]
INFO: [ app_begin ] --END-- [ RunTime:0.001248s ]
SQL: SHOW COLUMNS FROM `up_activity` [ RunTime:0.003873s ]
SQL: SELECT COUNT(*) AS tp_count FROM `up_activity` WHERE ( `endtime` <= '2014-11-05' ) LIMIT 1   [ RunTime:0.000516s ]
SQL: SELECT * FROM `up_activity` WHERE ( `endtime` <= '2014-11-05' ) ORDER BY starttime LIMIT 0,5   [ RunTime:0.000572s ]
NOTIC: [8] Use of undefined constant index - assumed 'index' D:\wamp\www\Cars\APP\Modules\Admin\Action\ActivityAction.class.php 第 8 行.
INFO: [ view_parse ] --START--
INFO: ParseTemplate Behavior ::run [ RunTime:0.014074s ]
INFO: [ view_parse ] --END-- [ RunTime:0.014206s ]
INFO: [ view_filter ] --START--
INFO: ContentReplace Behavior ::run [ RunTime:0.000559s ]
INFO: TokenBuild Behavior ::run [ RunTime:0.000500s ]
INFO: WriteHtmlCache Behavior ::run [ RunTime:0.000354s ]
INFO: ShowRuntime Behavior ::run [ RunTime:0.000604s ]
INFO: [ view_filter ] --END-- [ RunTime:0.002279s ]
INFO: [ view_end ] --START--
INFO: ShowPageTrace Behavior ::run [ RunTime:0.000740s ]
INFO: [ view_end ] --END-- [ RunTime:0.000836s ]

[ 2014-11-05T18:03:11+08:00 ] 127.0.0.1 /Cars/index.php/Admin/User/index
INFO: [ route_check ] --START--
INFO: CheckRoute Behavior ::run [ RunTime:0.001404s ]
INFO: [ route_check ] --END-- [ RunTime:0.001600s ]
INFO: [ app_begin ] --START--
INFO: ReadHtmlCache Behavior ::run [ RunTime:0.000702s ]
INFO: [ app_begin ] --END-- [ RunTime:0.000826s ]
NOTIC: [8] Use of undefined constant uid - assumed 'uid' D:\wamp\www\Cars\APP\Lib\Action\CommonAction.class.php 第 4 行.
SQL: SHOW COLUMNS FROM `up_user` [ RunTime:0.004592s ]
SQL: SELECT COUNT(*) AS tp_count FROM `up_user` WHERE ( type=0 ) LIMIT 1   [ RunTime:0.000510s ]
SQL: SELECT * FROM `up_user` WHERE ( type=0 ) LIMIT 0,5   [ RunTime:0.000767s ]
INFO: [ view_parse ] --START--
NOTIC: [8] Use of undefined constant __GROUP_NAME__ - assumed '__GROUP_NAME__' D:\wamp\www\Cars\APP\Runtime\Cache\Admin\0af99c6145f464d4841eb41b389029cc.php 第 71 行.
NOTIC: [8] Use of undefined constant __GROUP_NAME__ - assumed '__GROUP_NAME__' D:\wamp\www\Cars\APP\Runtime\Cache\Admin\0af99c6145f464d4841eb41b389029cc.php 第 72 行.
NOTIC: [8] Use of undefined constant __GROUP_NAME__ - assumed '__GROUP_NAME__' D:\wamp\www\Cars\APP\Runtime\Cache\Admin\0af99c6145f464d4841eb41b389029cc.php 第 71 行.
NOTIC: [8] Use of undefined constant __GROUP_NAME__ - assumed '__GROUP_NAME__' D:\wamp\www\Cars\APP\Runtime\Cache\Admin\0af99c6145f464d4841eb41b389029cc.php 第 72 行.
NOTIC: [8] Use of undefined constant __GROUP_NAME__ - assumed '__GROUP_NAME__' D:\wamp\www\Cars\APP\Runtime\Cache\Admin\0af99c6145f464d4841eb41b389029cc.php 第 71 行.
NOTIC: [8] Use of undefined constant __GROUP_NAME__ - assumed '__GROUP_NAME__' D:\wamp\www\Cars\APP\Runtime\Cache\Admin\0af99c6145f464d4841eb41b389029cc.php 第 72 行.
NOTIC: [8] Use of undefined constant __GROUP_NAME__ - assumed '__GROUP_NAME__' D:\wamp\www\Cars\APP\Runtime\Cache\Admin\0af99c6145f464d4841eb41b389029cc.php 第 71 行.
NOTIC: [8] Use of undefined constant __GROUP_NAME__ - assumed '__GROUP_NAME__' D:\wamp\www\Cars\APP\Runtime\Cache\Admin\0af99c6145f464d4841eb41b389029cc.php 第 72 行.
NOTIC: [8] Use of undefined constant __GROUP_NAME__ - assumed '__GROUP_NAME__' D:\wamp\www\Cars\APP\Runtime\Cache\Admin\0af99c6145f464d4841eb41b389029cc.php 第 71 行.
NOTIC: [8] Use of undefined constant __GROUP_NAME__ - assumed '__GROUP_NAME__' D:\wamp\www\Cars\APP\Runtime\Cache\Admin\0af99c6145f464d4841eb41b389029cc.php 第 72 行.
INFO: ParseTemplate Behavior ::run [ RunTime:0.024489s ]
INFO: [ view_parse ] --END-- [ RunTime:0.024679s ]
INFO: [ view_filter ] --START--
INFO: ContentReplace Behavior ::run [ RunTime:0.001067s ]
INFO: TokenBuild Behavior ::run [ RunTime:0.001096s ]
INFO: WriteHtmlCache Behavior ::run [ RunTime:0.000852s ]
INFO: ShowRuntime Behavior ::run [ RunTime:0.001070s ]
INFO: [ view_filter ] --END-- [ RunTime:0.004688s ]
INFO: [ view_end ] --START--
INFO: ShowPageTrace Behavior ::run [ RunTime:0.001162s ]
INFO: [ view_end ] --END-- [ RunTime:0.001359s ]

[ 2014-11-05T18:03:15+08:00 ] 127.0.0.1 /Cars/index.php/Admin/Search/searchActivity
INFO: [ route_check ] --START--
INFO: CheckRoute Behavior ::run [ RunTime:0.000962s ]
INFO: [ route_check ] --END-- [ RunTime:0.001092s ]
INFO: [ app_begin ] --START--
INFO: ReadHtmlCache Behavior ::run [ RunTime:0.000674s ]
INFO: [ app_begin ] --END-- [ RunTime:0.000804s ]
NOTIC: [8] Use of undefined constant id - assumed 'id' D:\wamp\www\Cars\APP\Modules\Admin\Action\SearchAction.class.php 第 7 行.
NOTIC: [8] Use of undefined constant type - assumed 'type' D:\wamp\www\Cars\APP\Modules\Admin\Action\SearchAction.class.php 第 7 行.
NOTIC: [8] Use of undefined constant title - assumed 'title' D:\wamp\www\Cars\APP\Modules\Admin\Action\SearchAction.class.php 第 7 行.
NOTIC: [8] Use of undefined constant time - assumed 'time' D:\wamp\www\Cars\APP\Modules\Admin\Action\SearchAction.class.php 第 7 行.
NOTIC: [8] Use of undefined constant college - assumed 'college' D:\wamp\www\Cars\APP\Modules\Admin\Action\SearchAction.class.php 第 7 行.
NOTIC: [8] Use of undefined constant state - assumed 'state' D:\wamp\www\Cars\APP\Modules\Admin\Action\SearchAction.class.php 第 7 行.
NOTIC: [8] Use of undefined constant opera - assumed 'opera' D:\wamp\www\Cars\APP\Modules\Admin\Action\SearchAction.class.php 第 7 行.
INFO: [ view_parse ] --START--
NOTIC: [8] Undefined variable: aa D:\wamp\www\Cars\APP\Runtime\Cache\Admin\9e0807de8c7a6fe07eefc328817ac63a.php 第 69 行.
NOTIC: [8] Undefined variable: aa D:\wamp\www\Cars\APP\Runtime\Cache\Admin\9e0807de8c7a6fe07eefc328817ac63a.php 第 70 行.
NOTIC: [8] Undefined variable: aa D:\wamp\www\Cars\APP\Runtime\Cache\Admin\9e0807de8c7a6fe07eefc328817ac63a.php 第 71 行.
NOTIC: [8] Undefined variable: aa D:\wamp\www\Cars\APP\Runtime\Cache\Admin\9e0807de8c7a6fe07eefc328817ac63a.php 第 72 行.
NOTIC: [8] Undefined variable: aa D:\wamp\www\Cars\APP\Runtime\Cache\Admin\9e0807de8c7a6fe07eefc328817ac63a.php 第 73 行.
NOTIC: [8] Undefined variable: aa D:\wamp\www\Cars\APP\Runtime\Cache\Admin\9e0807de8c7a6fe07eefc328817ac63a.php 第 74 行.
NOTIC: [8] Undefined variable: aa D:\wamp\www\Cars\APP\Runtime\Cache\Admin\9e0807de8c7a6fe07eefc328817ac63a.php 第 75 行.
NOTIC: [8] Undefined variable: activity D:\wamp\www\Cars\APP\Runtime\Cache\Admin\9e0807de8c7a6fe07eefc328817ac63a.php 第 78 行.
INFO: ParseTemplate Behavior ::run [ RunTime:0.028047s ]
INFO: [ view_parse ] --END-- [ RunTime:0.028215s ]
INFO: [ view_filter ] --START--
INFO: ContentReplace Behavior ::run [ RunTime:0.000602s ]
INFO: TokenBuild Behavior ::run [ RunTime:0.000529s ]
INFO: WriteHtmlCache Behavior ::run [ RunTime:0.000406s ]
INFO: ShowRuntime Behavior ::run [ RunTime:0.000595s ]
INFO: [ view_filter ] --END-- [ RunTime:0.002394s ]
INFO: [ view_end ] --START--
INFO: ShowPageTrace Behavior ::run [ RunTime:0.001001s ]
INFO: [ view_end ] --END-- [ RunTime:0.001135s ]

[ 2014-11-05T18:03:16+08:00 ] 127.0.0.1 /Cars/index.php/Admin/Search/SearchActivity
INFO: [ route_check ] --START--
INFO: CheckRoute Behavior ::run [ RunTime:0.001226s ]
INFO: [ route_check ] --END-- [ RunTime:0.001359s ]
INFO: [ app_begin ] --START--
INFO: ReadHtmlCache Behavior ::run [ RunTime:0.000836s ]
INFO: [ app_begin ] --END-- [ RunTime:0.001000s ]
NOTIC: [8] Use of undefined constant id - assumed 'id' D:\wamp\www\Cars\APP\Modules\Admin\Action\SearchAction.class.php 第 7 行.
NOTIC: [8] Use of undefined constant type - assumed 'type' D:\wamp\www\Cars\APP\Modules\Admin\Action\SearchAction.class.php 第 7 行.
NOTIC: [8] Use of undefined constant title - assumed 'title' D:\wamp\www\Cars\APP\Modules\Admin\Action\SearchAction.class.php 第 7 行.
NOTIC: [8] Use of undefined constant time - assumed 'time' D:\wamp\www\Cars\APP\Modules\Admin\Action\SearchAction.class.php 第 7 行.
NOTIC: [8] Use of undefined constant college - assumed 'college' D:\wamp\www\Cars\APP\Modules\Admin\Action\SearchAction.class.php 第 7 行.
NOTIC: [8] Use of undefined constant state - assumed 'state' D:\wamp\www\Cars\APP\Modules\Admin\Action\SearchAction.class.php 第 7 行.
NOTIC: [8] Use of undefined constant opera - assumed 'opera' D:\wamp\www\Cars\APP\Modules\Admin\Action\SearchAction.class.php 第 7 行.
SQL: SHOW COLUMNS FROM `up_activity` [ RunTime:0.003856s ]
NOTIC: [2] strtoupper() expects parameter 1 to be string, array given D:\wamp\www\Cars\ThinkPHP\Lib\Core\Db.class.php 第 508 行.
SQL: SELECT * FROM `up_activity` WHERE ( (`title` LIKE '%%') AND (`content` LIKE '%%') AND ((`starttime` >= '2012-11-05') AND (`starttime` <= '2016-11-05') ) )  [ RunTime:0.000955s ]
INFO: [ view_parse ] --START--
INFO: ParseTemplate Behavior ::run [ RunTime:0.014179s ]
INFO: [ view_parse ] --END-- [ RunTime:0.014301s ]
INFO: [ view_filter ] --START--
INFO: ContentReplace Behavior ::run [ RunTime:0.000597s ]
INFO: TokenBuild Behavior ::run [ RunTime:0.000506s ]
INFO: WriteHtmlCache Behavior ::run [ RunTime:0.000357s ]
INFO: ShowRuntime Behavior ::run [ RunTime:0.000594s ]
INFO: [ view_filter ] --END-- [ RunTime:0.002318s ]
INFO: [ view_end ] --START--
INFO: ShowPageTrace Behavior ::run [ RunTime:0.000662s ]
INFO: [ view_end ] --END-- [ RunTime:0.000756s ]

[ 2014-11-05T18:03:18+08:00 ] 127.0.0.1 /Cars/index.php/Admin/Chart/index
INFO: [ route_check ] --START--
INFO: CheckRoute Behavior ::run [ RunTime:0.001385s ]
INFO: [ route_check ] --END-- [ RunTime:0.001545s ]
INFO: [ app_begin ] --START--
INFO: ReadHtmlCache Behavior ::run [ RunTime:0.001065s ]
INFO: [ app_begin ] --END-- [ RunTime:0.001200s ]
INFO: [ view_parse ] --START--
INFO: ParseTemplate Behavior ::run [ RunTime:0.029533s ]
INFO: [ view_parse ] --END-- [ RunTime:0.029757s ]
INFO: [ view_filter ] --START--
INFO: ContentReplace Behavior ::run [ RunTime:0.001002s ]
INFO: TokenBuild Behavior ::run [ RunTime:0.000689s ]
INFO: WriteHtmlCache Behavior ::run [ RunTime:0.000395s ]
INFO: ShowRuntime Behavior ::run [ RunTime:0.000650s ]
INFO: [ view_filter ] --END-- [ RunTime:0.003098s ]
INFO: [ view_end ] --START--
INFO: ShowPageTrace Behavior ::run [ RunTime:0.000764s ]
INFO: [ view_end ] --END-- [ RunTime:0.000866s ]

[ 2014-11-05T18:03:18+08:00 ] 127.0.0.1 /Cars/index.php/Admin/assets/js/prettify.js
INFO: [ route_check ] --START--
INFO: CheckRoute Behavior ::run [ RunTime:0.001724s ]
INFO: [ route_check ] --END-- [ RunTime:0.001906s ]
INFO: [ app_begin ] --START--
INFO: ReadHtmlCache Behavior ::run [ RunTime:0.000918s ]
INFO: [ app_begin ] --END-- [ RunTime:0.001055s ]
ERR: 无法加载模块:assets

[ 2014-11-05T18:03:20+08:00 ] 127.0.0.1 /Cars/index.php/Admin/Inform/showAllInform
INFO: [ route_check ] --START--
INFO: CheckRoute Behavior ::run [ RunTime:0.001265s ]
INFO: [ route_check ] --END-- [ RunTime:0.001398s ]
INFO: [ app_begin ] --START--
INFO: ReadHtmlCache Behavior ::run [ RunTime:0.000797s ]
INFO: [ app_begin ] --END-- [ RunTime:0.000933s ]
SQL: SHOW COLUMNS FROM `up_inform` [ RunTime:0.013485s ]
SQL: SELECT COUNT(*) AS tp_count FROM `up_inform` LIMIT 1   [ RunTime:0.000469s ]
SQL: SELECT * FROM `up_inform` LIMIT 0,5   [ RunTime:0.000547s ]
NOTIC: [8] Use of undefined constant index - assumed 'index' D:\wamp\www\Cars\APP\Modules\Admin\Action\InformAction.class.php 第 10 行.
INFO: [ view_parse ] --START--
INFO: ParseTemplate Behavior ::run [ RunTime:0.040060s ]
INFO: [ view_parse ] --END-- [ RunTime:0.040247s ]
INFO: [ view_filter ] --START--
INFO: ContentReplace Behavior ::run [ RunTime:0.001374s ]
INFO: TokenBuild Behavior ::run [ RunTime:0.001904s ]
INFO: WriteHtmlCache Behavior ::run [ RunTime:0.001588s ]
INFO: ShowRuntime Behavior ::run [ RunTime:0.001165s ]
INFO: [ view_filter ] --END-- [ RunTime:0.006507s ]
INFO: [ view_end ] --START--
INFO: ShowPageTrace Behavior ::run [ RunTime:0.001272s ]
INFO: [ view_end ] --END-- [ RunTime:0.001430s ]

[ 2014-11-05T18:03:22+08:00 ] 127.0.0.1 /Cars/index.php/Admin/Inform/showAllInform/p/3
INFO: [ route_check ] --START--
INFO: CheckRoute Behavior ::run [ RunTime:0.001983s ]
INFO: [ route_check ] --END-- [ RunTime:0.002215s ]
INFO: [ app_begin ] --START--
INFO: ReadHtmlCache Behavior ::run [ RunTime:0.001069s ]
INFO: [ app_begin ] --END-- [ RunTime:0.001261s ]
SQL: SHOW COLUMNS FROM `up_inform` [ RunTime:0.004306s ]
SQL: SELECT COUNT(*) AS tp_count FROM `up_inform` LIMIT 1   [ RunTime:0.000228s ]
SQL: SELECT * FROM `up_inform` LIMIT 10,5   [ RunTime:0.000308s ]
NOTIC: [8] Use of undefined constant index - assumed 'index' D:\wamp\www\Cars\APP\Modules\Admin\Action\InformAction.class.php 第 10 行.
INFO: [ view_parse ] --START--
INFO: ParseTemplate Behavior ::run [ RunTime:0.013140s ]
INFO: [ view_parse ] --END-- [ RunTime:0.013271s ]
INFO: [ view_filter ] --START--
INFO: ContentReplace Behavior ::run [ RunTime:0.000617s ]
INFO: TokenBuild Behavior ::run [ RunTime:0.000510s ]
INFO: WriteHtmlCache Behavior ::run [ RunTime:0.000371s ]
INFO: ShowRuntime Behavior ::run [ RunTime:0.000587s ]
INFO: [ view_filter ] --END-- [ RunTime:0.002349s ]
INFO: [ view_end ] --START--
INFO: ShowPageTrace Behavior ::run [ RunTime:0.000672s ]
INFO: [ view_end ] --END-- [ RunTime:0.000767s ]

[ 2014-11-05T18:03:23+08:00 ] 127.0.0.1 /Cars/index.php/Admin/Inform/showAllInform/p/4
INFO: [ route_check ] --START--
INFO: CheckRoute Behavior ::run [ RunTime:0.000918s ]
INFO: [ route_check ] --END-- [ RunTime:0.001043s ]
INFO: [ app_begin ] --START--
INFO: ReadHtmlCache Behavior ::run [ RunTime:0.000853s ]
INFO: [ app_begin ] --END-- [ RunTime:0.000967s ]
SQL: SHOW COLUMNS FROM `up_inform` [ RunTime:0.003576s ]
SQL: SELECT COUNT(*) AS tp_count FROM `up_inform` LIMIT 1   [ RunTime:0.000221s ]
SQL: SELECT * FROM `up_inform` LIMIT 15,5   [ RunTime:0.000296s ]
NOTIC: [8] Use of undefined constant index - assumed 'index' D:\wamp\www\Cars\APP\Modules\Admin\Action\InformAction.class.php 第 10 行.
INFO: [ view_parse ] --START--
INFO: ParseTemplate Behavior ::run [ RunTime:0.011386s ]
INFO: [ view_parse ] --END-- [ RunTime:0.011508s ]
INFO: [ view_filter ] --START--
INFO: ContentReplace Behavior ::run [ RunTime:0.000541s ]
INFO: TokenBuild Behavior ::run [ RunTime:0.000493s ]
INFO: WriteHtmlCache Behavior ::run [ RunTime:0.000440s ]
INFO: ShowRuntime Behavior ::run [ RunTime:0.000607s ]
INFO: [ view_filter ] --END-- [ RunTime:0.002394s ]
INFO: [ view_end ] --START--
INFO: ShowPageTrace Behavior ::run [ RunTime:0.000706s ]
INFO: [ view_end ] --END-- [ RunTime:0.000809s ]

[ 2014-11-05T18:03:25+08:00 ] 127.0.0.1 /Cars/index.php/Admin/Inform/addInform
INFO: [ route_check ] --START--
INFO: CheckRoute Behavior ::run [ RunTime:0.000897s ]
INFO: [ route_check ] --END-- [ RunTime:0.001019s ]
INFO: [ app_begin ] --START--
INFO: ReadHtmlCache Behavior ::run [ RunTime:0.001030s ]
INFO: [ app_begin ] --END-- [ RunTime:0.001188s ]
INFO: [ view_parse ] --START--
INFO: ParseTemplate Behavior ::run [ RunTime:0.074197s ]
INFO: [ view_parse ] --END-- [ RunTime:0.074405s ]
INFO: [ view_filter ] --START--
INFO: ContentReplace Behavior ::run [ RunTime:0.001196s ]
INFO: TokenBuild Behavior ::run [ RunTime:0.000672s ]
INFO: WriteHtmlCache Behavior ::run [ RunTime:0.000404s ]
INFO: ShowRuntime Behavior ::run [ RunTime:0.000615s ]
INFO: [ view_filter ] --END-- [ RunTime:0.003314s ]
INFO: [ view_end ] --START--
INFO: ShowPageTrace Behavior ::run [ RunTime:0.000715s ]
INFO: [ view_end ] --END-- [ RunTime:0.000813s ]

[ 2014-11-05T18:03:29+08:00 ] 127.0.0.1 /Cars/index.php/Admin/Activity/addActivity
INFO: [ route_check ] --START--
INFO: CheckRoute Behavior ::run [ RunTime:0.001820s ]
INFO: [ route_check ] --END-- [ RunTime:0.001994s ]
INFO: [ app_begin ] --START--
INFO: ReadHtmlCache Behavior ::run [ RunTime:0.000708s ]
INFO: [ app_begin ] --END-- [ RunTime:0.000822s ]
INFO: [ view_parse ] --START--
NOTIC: [8] Undefined variable: cate D:\wamp\www\Cars\APP\Runtime\Cache\Admin\47db927369742f984c818ea5a9938cfb.php 第 45 行.
INFO: ParseTemplate Behavior ::run [ RunTime:0.062875s ]
INFO: [ view_parse ] --END-- [ RunTime:0.063062s ]
INFO: [ view_filter ] --START--
INFO: ContentReplace Behavior ::run [ RunTime:0.001275s ]
INFO: TokenBuild Behavior ::run [ RunTime:0.000919s ]
INFO: WriteHtmlCache Behavior ::run [ RunTime:0.000503s ]
INFO: ShowRuntime Behavior ::run [ RunTime:0.000707s ]
INFO: [ view_filter ] --END-- [ RunTime:0.003828s ]
INFO: [ view_end ] --START--
INFO: ShowPageTrace Behavior ::run [ RunTime:0.000750s ]
INFO: [ view_end ] --END-- [ RunTime:0.000854s ]

[ 2014-11-05T18:03:33+08:00 ] 127.0.0.1 /Cars/index.php/Admin/Activity/nearMonthActivity
INFO: [ route_check ] --START--
INFO: CheckRoute Behavior ::run [ RunTime:0.001295s ]
INFO: [ route_check ] --END-- [ RunTime:0.001457s ]
INFO: [ app_begin ] --START--
INFO: ReadHtmlCache Behavior ::run [ RunTime:0.001154s ]
INFO: [ app_begin ] --END-- [ RunTime:0.001474s ]
SQL: SHOW COLUMNS FROM `up_activity` [ RunTime:0.006344s ]
NOTIC: [2] strtoupper() expects parameter 1 to be string, array given D:\wamp\www\Cars\ThinkPHP\Lib\Core\Db.class.php 第 508 行.
SQL: SELECT COUNT(*) AS tp_count FROM `up_activity` WHERE ( (`starttime` > '2014-10-05') AND (`starttime` < '2014-11-05')  ) LIMIT 1   [ RunTime:0.001183s ]
NOTIC: [2] strtoupper() expects parameter 1 to be string, array given D:\wamp\www\Cars\ThinkPHP\Lib\Core\Db.class.php 第 508 行.
SQL: SELECT * FROM `up_activity` WHERE ( (`starttime` > '2014-10-05') AND (`starttime` < '2014-11-05')  ) ORDER BY starttime LIMIT 0,5   [ RunTime:0.000831s ]
NOTIC: [8] Use of undefined constant index - assumed 'index' D:\wamp\www\Cars\APP\Modules\Admin\Action\ActivityAction.class.php 第 8 行.
INFO: [ view_parse ] --START--
INFO: ParseTemplate Behavior ::run [ RunTime:0.019469s ]
INFO: [ view_parse ] --END-- [ RunTime:0.019631s ]
INFO: [ view_filter ] --START--
INFO: ContentReplace Behavior ::run [ RunTime:0.000880s ]
INFO: TokenBuild Behavior ::run [ RunTime:0.000828s ]
INFO: WriteHtmlCache Behavior ::run [ RunTime:0.000459s ]
INFO: ShowRuntime Behavior ::run [ RunTime:0.000655s ]
INFO: [ view_filter ] --END-- [ RunTime:0.003172s ]
INFO: [ view_end ] --START--
INFO: ShowPageTrace Behavior ::run [ RunTime:0.000762s ]
INFO: [ view_end ] --END-- [ RunTime:0.000864s ]

[ 2014-11-05T18:03:36+08:00 ] 127.0.0.1 /Cars/index.php/Admin/Activity/nearMonthActivity/p/3
INFO: [ route_check ] --START--
INFO: CheckRoute Behavior ::run [ RunTime:0.000952s ]
INFO: [ route_check ] --END-- [ RunTime:0.001076s ]
INFO: [ app_begin ] --START--
INFO: ReadHtmlCache Behavior ::run [ RunTime:0.000819s ]
INFO: [ app_begin ] --END-- [ RunTime:0.000983s ]
SQL: SHOW COLUMNS FROM `up_activity` [ RunTime:0.003881s ]
NOTIC: [2] strtoupper() expects parameter 1 to be string, array given D:\wamp\www\Cars\ThinkPHP\Lib\Core\Db.class.php 第 508 行.
SQL: SELECT COUNT(*) AS tp_count FROM `up_activity` WHERE ( (`starttime` > '2014-10-05') AND (`starttime` < '2014-11-05')  ) LIMIT 1   [ RunTime:0.000911s ]
NOTIC: [2] strtoupper() expects parameter 1 to be string, array given D:\wamp\www\Cars\ThinkPHP\Lib\Core\Db.class.php 第 508 行.
SQL: SELECT * FROM `up_activity` WHERE ( (`starttime` > '2014-10-05') AND (`starttime` < '2014-11-05')  ) ORDER BY starttime LIMIT 10,5   [ RunTime:0.000619s ]
NOTIC: [8] Use of undefined constant index - assumed 'index' D:\wamp\www\Cars\APP\Modules\Admin\Action\ActivityAction.class.php 第 8 行.
INFO: [ view_parse ] --START--
INFO: ParseTemplate Behavior ::run [ RunTime:0.013944s ]
INFO: [ view_parse ] --END-- [ RunTime:0.014068s ]
INFO: [ view_filter ] --START--
INFO: ContentReplace Behavior ::run [ RunTime:0.000607s ]
INFO: TokenBuild Behavior ::run [ RunTime:0.000516s ]
INFO: WriteHtmlCache Behavior ::run [ RunTime:0.000361s ]
INFO: ShowRuntime Behavior ::run [ RunTime:0.000600s ]
INFO: [ view_filter ] --END-- [ RunTime:0.002348s ]
INFO: [ view_end ] --START--
INFO: ShowPageTrace Behavior ::run [ RunTime:0.000660s ]
INFO: [ view_end ] --END-- [ RunTime:0.000785s ]

[ 2014-11-05T18:03:37+08:00 ] 127.0.0.1 /Cars/index.php/Admin/Activity/nearMonthActivity/p/4
INFO: [ route_check ] --START--
INFO: CheckRoute Behavior ::run [ RunTime:0.001110s ]
INFO: [ route_check ] --END-- [ RunTime:0.001251s ]
INFO: [ app_begin ] --START--
INFO: ReadHtmlCache Behavior ::run [ RunTime:0.000724s ]
INFO: [ app_begin ] --END-- [ RunTime:0.000843s ]
SQL: SHOW COLUMNS FROM `up_activity` [ RunTime:0.004033s ]
NOTIC: [2] strtoupper() expects parameter 1 to be string, array given D:\wamp\www\Cars\ThinkPHP\Lib\Core\Db.class.php 第 508 行.
SQL: SELECT COUNT(*) AS tp_count FROM `up_activity` WHERE ( (`starttime` > '2014-10-05') AND (`starttime` < '2014-11-05')  ) LIMIT 1   [ RunTime:0.000534s ]
NOTIC: [2] strtoupper() expects parameter 1 to be string, array given D:\wamp\www\Cars\ThinkPHP\Lib\Core\Db.class.php 第 508 行.
SQL: SELECT * FROM `up_activity` WHERE ( (`starttime` > '2014-10-05') AND (`starttime` < '2014-11-05')  ) ORDER BY starttime LIMIT 15,5   [ RunTime:0.000609s ]
NOTIC: [8] Use of undefined constant index - assumed 'index' D:\wamp\www\Cars\APP\Modules\Admin\Action\ActivityAction.class.php 第 8 行.
INFO: [ view_parse ] --START--
INFO: ParseTemplate Behavior ::run [ RunTime:0.012923s ]
INFO: [ view_parse ] --END-- [ RunTime:0.013081s ]
INFO: [ view_filter ] --START--
INFO: ContentReplace Behavior ::run [ RunTime:0.000782s ]
INFO: TokenBuild Behavior ::run [ RunTime:0.000701s ]
INFO: WriteHtmlCache Behavior ::run [ RunTime:0.000422s ]
INFO: ShowRuntime Behavior ::run [ RunTime:0.000683s ]
INFO: [ view_filter ] --END-- [ RunTime:0.002955s ]
INFO: [ view_end ] --START--
INFO: ShowPageTrace Behavior ::run [ RunTime:0.000704s ]
INFO: [ view_end ] --END-- [ RunTime:0.000801s ]

[ 2014-11-05T18:03:39+08:00 ] 127.0.0.1 /Cars/index.php/Admin/Activity/nearHalfYearActivity
INFO: [ route_check ] --START--
INFO: CheckRoute Behavior ::run [ RunTime:0.001356s ]
INFO: [ route_check ] --END-- [ RunTime:0.001516s ]
INFO: [ app_begin ] --START--
INFO: ReadHtmlCache Behavior ::run [ RunTime:0.000691s ]
INFO: [ app_begin ] --END-- [ RunTime:0.000815s ]
SQL: SHOW COLUMNS FROM `up_activity` [ RunTime:0.006111s ]
NOTIC: [2] strtoupper() expects parameter 1 to be string, array given D:\wamp\www\Cars\ThinkPHP\Lib\Core\Db.class.php 第 508 行.
SQL: SELECT COUNT(*) AS tp_count FROM `up_activity` WHERE ( (`starttime` > '2014-05-05') AND (`starttime` < '2014-11-05')  ) LIMIT 1   [ RunTime:0.000629s ]
NOTIC: [2] strtoupper() expects parameter 1 to be string, array given D:\wamp\www\Cars\ThinkPHP\Lib\Core\Db.class.php 第 508 行.
SQL: SELECT * FROM `up_activity` WHERE ( (`starttime` > '2014-05-05') AND (`starttime` < '2014-11-05')  ) ORDER BY starttime LIMIT 0,5   [ RunTime:0.002982s ]
NOTIC: [8] Use of undefined constant index - assumed 'index' D:\wamp\www\Cars\APP\Modules\Admin\Action\ActivityAction.class.php 第 8 行.
INFO: [ view_parse ] --START--
INFO: ParseTemplate Behavior ::run [ RunTime:0.020740s ]
INFO: [ view_parse ] --END-- [ RunTime:0.020908s ]
INFO: [ view_filter ] --START--
INFO: ContentReplace Behavior ::run [ RunTime:0.000655s ]
INFO: TokenBuild Behavior ::run [ RunTime:0.000532s ]
INFO: WriteHtmlCache Behavior ::run [ RunTime:0.000384s ]
INFO: ShowRuntime Behavior ::run [ RunTime:0.000624s ]
INFO: [ view_filter ] --END-- [ RunTime:0.002503s ]
INFO: [ view_end ] --START--
INFO: ShowPageTrace Behavior ::run [ RunTime:0.000720s ]
INFO: [ view_end ] --END-- [ RunTime:0.000819s ]

[ 2014-11-05T18:03:46+08:00 ] 127.0.0.1 /Cars/index.php/Admin/Activity/nearHalfYearActivity/p/6
INFO: [ route_check ] --START--
INFO: CheckRoute Behavior ::run [ RunTime:0.000877s ]
INFO: [ route_check ] --END-- [ RunTime:0.000995s ]
INFO: [ app_begin ] --START--
INFO: ReadHtmlCache Behavior ::run [ RunTime:0.000625s ]
INFO: [ app_begin ] --END-- [ RunTime:0.000724s ]
SQL: SHOW COLUMNS FROM `up_activity` [ RunTime:0.004373s ]
NOTIC: [2] strtoupper() expects parameter 1 to be string, array given D:\wamp\www\Cars\ThinkPHP\Lib\Core\Db.class.php 第 508 行.
SQL: SELECT COUNT(*) AS tp_count FROM `up_activity` WHERE ( (`starttime` > '2014-05-05') AND (`starttime` < '2014-11-05')  ) LIMIT 1   [ RunTime:0.000557s ]
NOTIC: [2] strtoupper() expects parameter 1 to be string, array given D:\wamp\www\Cars\ThinkPHP\Lib\Core\Db.class.php 第 508 行.
SQL: SELECT * FROM `up_activity` WHERE ( (`starttime` > '2014-05-05') AND (`starttime` < '2014-11-05')  ) ORDER BY starttime LIMIT 25,5   [ RunTime:0.000784s ]
NOTIC: [8] Use of undefined constant index - assumed 'index' D:\wamp\www\Cars\APP\Modules\Admin\Action\ActivityAction.class.php 第 8 行.
INFO: [ view_parse ] --START--
INFO: ParseTemplate Behavior ::run [ RunTime:0.013853s ]
INFO: [ view_parse ] --END-- [ RunTime:0.013972s ]
INFO: [ view_filter ] --START--
INFO: ContentReplace Behavior ::run [ RunTime:0.000591s ]
INFO: TokenBuild Behavior ::run [ RunTime:0.000497s ]
INFO: WriteHtmlCache Behavior ::run [ RunTime:0.000374s ]
INFO: ShowRuntime Behavior ::run [ RunTime:0.000606s ]
INFO: [ view_filter ] --END-- [ RunTime:0.002336s ]
INFO: [ view_end ] --START--
INFO: ShowPageTrace Behavior ::run [ RunTime:0.000715s ]
INFO: [ view_end ] --END-- [ RunTime:0.000812s ]

[ 2014-11-05T18:03:51+08:00 ] 127.0.0.1 /Cars/index.php/Admin/Activity/showRunActivity
INFO: [ route_check ] --START--
INFO: CheckRoute Behavior ::run [ RunTime:0.001190s ]
INFO: [ route_check ] --END-- [ RunTime:0.001356s ]
INFO: [ app_begin ] --START--
INFO: ReadHtmlCache Behavior ::run [ RunTime:0.000793s ]
INFO: [ app_begin ] --END-- [ RunTime:0.000999s ]
SQL: SHOW COLUMNS FROM `up_activity` [ RunTime:0.004939s ]
SQL: SELECT COUNT(*) AS tp_count FROM `up_activity` WHERE ( `endtime` >= '2014-11-05' ) LIMIT 1   [ RunTime:0.000581s ]
SQL: SELECT * FROM `up_activity` WHERE ( `endtime` >= '2014-11-05' ) ORDER BY starttime LIMIT 0,5   [ RunTime:0.000581s ]
NOTIC: [2] Invalid argument supplied for foreach() D:\wamp\www\Cars\APP\Modules\Admin\Action\ActivityAction.class.php 第 25 行.
NOTIC: [8] Use of undefined constant index - assumed 'index' D:\wamp\www\Cars\APP\Modules\Admin\Action\ActivityAction.class.php 第 8 行.
INFO: [ view_parse ] --START--
INFO: ParseTemplate Behavior ::run [ RunTime:0.018104s ]
INFO: [ view_parse ] --END-- [ RunTime:0.018392s ]
INFO: [ view_filter ] --START--
INFO: ContentReplace Behavior ::run [ RunTime:0.001589s ]
INFO: TokenBuild Behavior ::run [ RunTime:0.001138s ]
INFO: WriteHtmlCache Behavior ::run [ RunTime:0.000521s ]
INFO: ShowRuntime Behavior ::run [ RunTime:0.000734s ]
INFO: [ view_filter ] --END-- [ RunTime:0.004454s ]
INFO: [ view_end ] --START--
INFO: ShowPageTrace Behavior ::run [ RunTime:0.000813s ]
INFO: [ view_end ] --END-- [ RunTime:0.000914s ]

[ 2014-11-05T18:03:54+08:00 ] 127.0.0.1 /Cars/index.php/Admin/User/adduser
INFO: [ route_check ] --START--
INFO: CheckRoute Behavior ::run [ RunTime:0.001566s ]
INFO: [ route_check ] --END-- [ RunTime:0.001749s ]
INFO: [ app_begin ] --START--
INFO: ReadHtmlCache Behavior ::run [ RunTime:0.000820s ]
INFO: [ app_begin ] --END-- [ RunTime:0.001025s ]
NOTIC: [8] Use of undefined constant uid - assumed 'uid' D:\wamp\www\Cars\APP\Lib\Action\CommonAction.class.php 第 4 行.
SQL: SHOW COLUMNS FROM `up_attr` [ RunTime:0.007870s ]
ERR: 1146:Table 'cars.up_attr' doesn't exist
 [ SQL语句 ] : SHOW COLUMNS FROM `up_attr`
SQL: SELECT * FROM `up_attr`  [ RunTime:0.000427s ]
ERR: 1146:Table 'cars.up_attr' doesn't exist
 [ SQL语句 ] : SELECT * FROM `up_attr` 
INFO: [ view_parse ] --START--
INFO: ParseTemplate Behavior ::run [ RunTime:0.065633s ]
INFO: [ view_parse ] --END-- [ RunTime:0.065840s ]
INFO: [ view_filter ] --START--
INFO: ContentReplace Behavior ::run [ RunTime:0.000729s ]
INFO: TokenBuild Behavior ::run [ RunTime:0.000627s ]
INFO: WriteHtmlCache Behavior ::run [ RunTime:0.000680s ]
INFO: ShowRuntime Behavior ::run [ RunTime:0.001939s ]
INFO: [ view_filter ] --END-- [ RunTime:0.004405s ]
INFO: [ view_end ] --START--
INFO: ShowPageTrace Behavior ::run [ RunTime:0.001004s ]
INFO: [ view_end ] --END-- [ RunTime:0.001140s ]

