[ 2014-11-09T16:42:45+08:00 ] 127.0.0.1 /Cars/index.php/Index
INFO: [ route_check ] --START--
INFO: CheckRoute Behavior ::run [ RunTime:0.242924s ]
INFO: [ route_check ] --END-- [ RunTime:0.243135s ]
INFO: [ app_begin ] --START--
INFO: ReadHtmlCache Behavior ::run [ RunTime:0.234301s ]
INFO: [ app_begin ] --END-- [ RunTime:0.234549s ]
SQL: SHOW COLUMNS FROM `up_inform` [ RunTime:0.938222s ]
SQL: SELECT * FROM `up_inform` ORDER BY time desc LIMIT 8   [ RunTime:0.001854s ]
SQL: SHOW COLUMNS FROM `up_activity` [ RunTime:0.576082s ]
SQL: SELECT * FROM `up_activity` ORDER BY starttime desc LIMIT 16   [ RunTime:0.037491s ]
SQL: SELECT * FROM `up_activity` ORDER BY starttime desc LIMIT 17   [ RunTime:0.005682s ]
SQL: SELECT * FROM `up_activity` ORDER BY starttime desc LIMIT 16   [ RunTime:0.001663s ]
SQL: SELECT * FROM `up_activity` ORDER BY starttime desc LIMIT 16   [ RunTime:0.001621s ]
INFO: [ view_parse ] --START--
NOTIC: [8] Use of undefined constant title - assumed 'title' D:\wamp\www\Cars\APP\Runtime\Cache\Index\dff44c8e9ebea4949049842757e96f1a.php 第 274 行.
NOTIC: [8] Use of undefined constant starttime - assumed 'starttime' D:\wamp\www\Cars\APP\Runtime\Cache\Index\dff44c8e9ebea4949049842757e96f1a.php 第 275 行.
NOTIC: [8] Use of undefined constant title - assumed 'title' D:\wamp\www\Cars\APP\Runtime\Cache\Index\dff44c8e9ebea4949049842757e96f1a.php 第 280 行.
NOTIC: [8] Use of undefined constant starttime - assumed 'starttime' D:\wamp\www\Cars\APP\Runtime\Cache\Index\dff44c8e9ebea4949049842757e96f1a.php 第 281 行.
NOTIC: [8] Use of undefined constant title - assumed 'title' D:\wamp\www\Cars\APP\Runtime\Cache\Index\dff44c8e9ebea4949049842757e96f1a.php 第 286 行.
NOTIC: [8] Use of undefined constant starttime - assumed 'starttime' D:\wamp\www\Cars\APP\Runtime\Cache\Index\dff44c8e9ebea4949049842757e96f1a.php 第 287 行.
NOTIC: [8] Use of undefined constant title - assumed 'title' D:\wamp\www\Cars\APP\Runtime\Cache\Index\dff44c8e9ebea4949049842757e96f1a.php 第 292 行.
NOTIC: [8] Use of undefined constant starttime - assumed 'starttime' D:\wamp\www\Cars\APP\Runtime\Cache\Index\dff44c8e9ebea4949049842757e96f1a.php 第 293 行.
NOTIC: [8] Use of undefined constant title - assumed 'title' D:\wamp\www\Cars\APP\Runtime\Cache\Index\dff44c8e9ebea4949049842757e96f1a.php 第 298 行.
NOTIC: [8] Use of undefined constant starttime - assumed 'starttime' D:\wamp\www\Cars\APP\Runtime\Cache\Index\dff44c8e9ebea4949049842757e96f1a.php 第 299 行.
NOTIC: [8] Use of undefined constant title - assumed 'title' D:\wamp\www\Cars\APP\Runtime\Cache\Index\dff44c8e9ebea4949049842757e96f1a.php 第 304 行.
NOTIC: [8] Use of undefined constant starttime - assumed 'starttime' D:\wamp\www\Cars\APP\Runtime\Cache\Index\dff44c8e9ebea4949049842757e96f1a.php 第 305 行.
NOTIC: [8] Use of undefined constant title - assumed 'title' D:\wamp\www\Cars\APP\Runtime\Cache\Index\dff44c8e9ebea4949049842757e96f1a.php 第 310 行.
NOTIC: [8] Use of undefined constant starttime - assumed 'starttime' D:\wamp\www\Cars\APP\Runtime\Cache\Index\dff44c8e9ebea4949049842757e96f1a.php 第 311 行.
NOTIC: [8] Use of undefined constant title - assumed 'title' D:\wamp\www\Cars\APP\Runtime\Cache\Index\dff44c8e9ebea4949049842757e96f1a.php 第 316 行.
NOTIC: [8] Use of undefined constant starttime - assumed 'starttime' D:\wamp\www\Cars\APP\Runtime\Cache\Index\dff44c8e9ebea4949049842757e96f1a.php 第 317 行.
NOTIC: [8] Use of undefined constant title - assumed 'title' D:\wamp\www\Cars\APP\Runtime\Cache\Index\dff44c8e9ebea4949049842757e96f1a.php 第 322 行.
NOTIC: [8] Use of undefined constant starttime - assumed 'starttime' D:\wamp\www\Cars\APP\Runtime\Cache\Index\dff44c8e9ebea4949049842757e96f1a.php 第 323 行.
NOTIC: [8] Use of undefined constant title - assumed 'title' D:\wamp\www\Cars\APP\Runtime\Cache\Index\dff44c8e9ebea4949049842757e96f1a.php 第 328 行.
NOTIC: [8] Use of undefined constant starttime - assumed 'starttime' D:\wamp\www\Cars\APP\Runtime\Cache\Index\dff44c8e9ebea4949049842757e96f1a.php 第 329 行.
INFO: ParseTemplate Behavior ::run [ RunTime:1.535659s ]
INFO: [ view_parse ] --END-- [ RunTime:1.535970s ]
INFO: [ view_filter ] --START--
INFO: ContentReplace Behavior ::run [ RunTime:0.116705s ]
INFO: TokenBuild Behavior ::run [ RunTime:0.155608s ]
INFO: WriteHtmlCache Behavior ::run [ RunTime:0.078365s ]
INFO: ShowRuntime Behavior ::run [ RunTime:0.156669s ]
INFO: [ view_filter ] --END-- [ RunTime:0.508222s ]
INFO: [ view_end ] --START--
INFO: ShowPageTrace Behavior ::run [ RunTime:0.196032s ]
INFO: [ view_end ] --END-- [ RunTime:0.196181s ]

