[ 2014-10-03T18:01:56+08:00 ] 127.0.0.1 /Cars/index.php
INFO: [ app_begin ] --START--
INFO: ReadHtmlCache Behavior ::run [ RunTime:0.021432s ]
INFO: [ app_begin ] --END-- [ RunTime:0.021657s ]
ERR: 无法加载模块:Index

[ 2014-10-03T18:02:01+08:00 ] 127.0.0.1 /Cars/index.php/Index
INFO: [ route_check ] --START--
INFO: CheckRoute Behavior ::run [ RunTime:0.037458s ]
INFO: [ route_check ] --END-- [ RunTime:0.037615s ]
INFO: [ app_begin ] --START--
INFO: ReadHtmlCache Behavior ::run [ RunTime:0.000956s ]
INFO: [ app_begin ] --END-- [ RunTime:0.001044s ]
SQL: SHOW COLUMNS FROM `up_inform` [ RunTime:0.099482s ]
SQL: SELECT * FROM `up_inform` ORDER BY time desc LIMIT 5   [ RunTime:0.046738s ]
SQL: SHOW COLUMNS FROM `up_activity` [ RunTime:0.026835s ]
SQL: SELECT * FROM `up_activity` ORDER BY starttime desc LIMIT 16   [ RunTime:0.009438s ]
SQL: SELECT * FROM `up_activity` ORDER BY starttime desc LIMIT 18   [ RunTime:0.000777s ]
SQL: SELECT * FROM `up_activity` ORDER BY starttime desc LIMIT 16   [ RunTime:0.000712s ]
SQL: SELECT * FROM `up_activity` ORDER BY starttime desc LIMIT 16   [ RunTime:0.000696s ]
INFO: [ view_parse ] --START--
NOTIC: [8] Use of undefined constant 热门活动 - assumed '热门活动' C:\wamp\www\Cars\APP\Runtime\Cache\Index\dff44c8e9ebea4949049842757e96f1a.php 第 207 行.
NOTIC: [8] Use of undefined constant title - assumed 'title' C:\wamp\www\Cars\APP\Runtime\Cache\Index\dff44c8e9ebea4949049842757e96f1a.php 第 207 行.
NOTIC: [8] Use of undefined constant starttime - assumed 'starttime' C:\wamp\www\Cars\APP\Runtime\Cache\Index\dff44c8e9ebea4949049842757e96f1a.php 第 208 行.
NOTIC: [8] Use of undefined constant title - assumed 'title' C:\wamp\www\Cars\APP\Runtime\Cache\Index\dff44c8e9ebea4949049842757e96f1a.php 第 214 行.
NOTIC: [8] Use of undefined constant starttime - assumed 'starttime' C:\wamp\www\Cars\APP\Runtime\Cache\Index\dff44c8e9ebea4949049842757e96f1a.php 第 215 行.
NOTIC: [8] Use of undefined constant title - assumed 'title' C:\wamp\www\Cars\APP\Runtime\Cache\Index\dff44c8e9ebea4949049842757e96f1a.php 第 219 行.
NOTIC: [8] Use of undefined constant starttime - assumed 'starttime' C:\wamp\www\Cars\APP\Runtime\Cache\Index\dff44c8e9ebea4949049842757e96f1a.php 第 220 行.
NOTIC: [8] Use of undefined constant title - assumed 'title' C:\wamp\www\Cars\APP\Runtime\Cache\Index\dff44c8e9ebea4949049842757e96f1a.php 第 224 行.
NOTIC: [8] Use of undefined constant starttime - assumed 'starttime' C:\wamp\www\Cars\APP\Runtime\Cache\Index\dff44c8e9ebea4949049842757e96f1a.php 第 225 行.
NOTIC: [8] Use of undefined constant title - assumed 'title' C:\wamp\www\Cars\APP\Runtime\Cache\Index\dff44c8e9ebea4949049842757e96f1a.php 第 229 行.
NOTIC: [8] Use of undefined constant starttime - assumed 'starttime' C:\wamp\www\Cars\APP\Runtime\Cache\Index\dff44c8e9ebea4949049842757e96f1a.php 第 230 行.
NOTIC: [8] Use of undefined constant title - assumed 'title' C:\wamp\www\Cars\APP\Runtime\Cache\Index\dff44c8e9ebea4949049842757e96f1a.php 第 234 行.
NOTIC: [8] Use of undefined constant starttime - assumed 'starttime' C:\wamp\www\Cars\APP\Runtime\Cache\Index\dff44c8e9ebea4949049842757e96f1a.php 第 235 行.
NOTIC: [8] Use of undefined constant title - assumed 'title' C:\wamp\www\Cars\APP\Runtime\Cache\Index\dff44c8e9ebea4949049842757e96f1a.php 第 239 行.
NOTIC: [8] Use of undefined constant starttime - assumed 'starttime' C:\wamp\www\Cars\APP\Runtime\Cache\Index\dff44c8e9ebea4949049842757e96f1a.php 第 240 行.
NOTIC: [8] Use of undefined constant title - assumed 'title' C:\wamp\www\Cars\APP\Runtime\Cache\Index\dff44c8e9ebea4949049842757e96f1a.php 第 244 行.
NOTIC: [8] Use of undefined constant starttime - assumed 'starttime' C:\wamp\www\Cars\APP\Runtime\Cache\Index\dff44c8e9ebea4949049842757e96f1a.php 第 245 行.
NOTIC: [8] Use of undefined constant title - assumed 'title' C:\wamp\www\Cars\APP\Runtime\Cache\Index\dff44c8e9ebea4949049842757e96f1a.php 第 249 行.
NOTIC: [8] Use of undefined constant starttime - assumed 'starttime' C:\wamp\www\Cars\APP\Runtime\Cache\Index\dff44c8e9ebea4949049842757e96f1a.php 第 250 行.
NOTIC: [8] Use of undefined constant title - assumed 'title' C:\wamp\www\Cars\APP\Runtime\Cache\Index\dff44c8e9ebea4949049842757e96f1a.php 第 254 行.
NOTIC: [8] Use of undefined constant starttime - assumed 'starttime' C:\wamp\www\Cars\APP\Runtime\Cache\Index\dff44c8e9ebea4949049842757e96f1a.php 第 255 行.
INFO: ParseTemplate Behavior ::run [ RunTime:0.203153s ]
INFO: [ view_parse ] --END-- [ RunTime:0.203303s ]
INFO: [ view_filter ] --START--
INFO: ContentReplace Behavior ::run [ RunTime:0.019120s ]
INFO: TokenBuild Behavior ::run [ RunTime:0.013373s ]
INFO: WriteHtmlCache Behavior ::run [ RunTime:0.004309s ]
INFO: ShowRuntime Behavior ::run [ RunTime:0.011430s ]
INFO: [ view_filter ] --END-- [ RunTime:0.048549s ]
INFO: [ view_end ] --START--
INFO: ShowPageTrace Behavior ::run [ RunTime:0.014558s ]
INFO: [ view_end ] --END-- [ RunTime:0.014678s ]

