[ 2014-12-22T08:57:37+08:00 ] 127.0.0.1 /Cars/index.php/Index
INFO: [ route_check ] --START--
INFO: CheckRoute Behavior ::run [ RunTime:0.049282s ]
INFO: [ route_check ] --END-- [ RunTime:0.049679s ]
INFO: [ app_begin ] --START--
INFO: ReadHtmlCache Behavior ::run [ RunTime:0.006013s ]
INFO: [ app_begin ] --END-- [ RunTime:0.006384s ]
SQL: SHOW COLUMNS FROM `up_inform` [ RunTime:0.055405s ]
SQL: SELECT * FROM `up_inform` ORDER BY time desc LIMIT 8   [ RunTime:0.003086s ]
SQL: SHOW COLUMNS FROM `up_activity` [ RunTime:0.036243s ]
SQL: SELECT * FROM `up_activity` ORDER BY starttime desc LIMIT 16   [ RunTime:0.002498s ]
SQL: SELECT * FROM `up_activity` ORDER BY starttime desc LIMIT 17   [ RunTime:0.001854s ]
SQL: SELECT * FROM `up_activity` ORDER BY starttime desc LIMIT 16   [ RunTime:0.001773s ]
SQL: SELECT * FROM `up_activity` ORDER BY starttime desc LIMIT 16   [ RunTime:0.001798s ]
INFO: [ view_parse ] --START--
NOTIC: [8] Use of undefined constant title - assumed 'title' D:\wamp\www\Cars\APP\Runtime\Cache\Index\dff44c8e9ebea4949049842757e96f1a.php 第 274 行.
NOTIC: [8] Use of undefined constant starttime - assumed 'starttime' D:\wamp\www\Cars\APP\Runtime\Cache\Index\dff44c8e9ebea4949049842757e96f1a.php 第 275 行.
NOTIC: [8] Use of undefined constant title - assumed 'title' D:\wamp\www\Cars\APP\Runtime\Cache\Index\dff44c8e9ebea4949049842757e96f1a.php 第 280 行.
NOTIC: [8] Use of undefined constant starttime - assumed 'starttime' D:\wamp\www\Cars\APP\Runtime\Cache\Index\dff44c8e9ebea4949049842757e96f1a.php 第 281 行.
NOTIC: [8] Use of undefined constant title - assumed 'title' D:\wamp\www\Cars\APP\Runtime\Cache\Index\dff44c8e9ebea4949049842757e96f1a.php 第 286 行.
NOTIC: [8] Use of undefined constant starttime - assumed 'starttime' D:\wamp\www\Cars\APP\Runtime\Cache\Index\dff44c8e9ebea4949049842757e96f1a.php 第 287 行.
NOTIC: [8] Use of undefined constant title - assumed 'title' D:\wamp\www\Cars\APP\Runtime\Cache\Index\dff44c8e9ebea4949049842757e96f1a.php 第 292 行.
NOTIC: [8] Use of undefined constant starttime - assumed 'starttime' D:\wamp\www\Cars\APP\Runtime\Cache\Index\dff44c8e9ebea4949049842757e96f1a.php 第 293 行.
NOTIC: [8] Use of undefined constant title - assumed 'title' D:\wamp\www\Cars\APP\Runtime\Cache\Index\dff44c8e9ebea4949049842757e96f1a.php 第 298 行.
NOTIC: [8] Use of undefined constant starttime - assumed 'starttime' D:\wamp\www\Cars\APP\Runtime\Cache\Index\dff44c8e9ebea4949049842757e96f1a.php 第 299 行.
NOTIC: [8] Use of undefined constant title - assumed 'title' D:\wamp\www\Cars\APP\Runtime\Cache\Index\dff44c8e9ebea4949049842757e96f1a.php 第 304 行.
NOTIC: [8] Use of undefined constant starttime - assumed 'starttime' D:\wamp\www\Cars\APP\Runtime\Cache\Index\dff44c8e9ebea4949049842757e96f1a.php 第 305 行.
NOTIC: [8] Use of undefined constant title - assumed 'title' D:\wamp\www\Cars\APP\Runtime\Cache\Index\dff44c8e9ebea4949049842757e96f1a.php 第 310 行.
NOTIC: [8] Use of undefined constant starttime - assumed 'starttime' D:\wamp\www\Cars\APP\Runtime\Cache\Index\dff44c8e9ebea4949049842757e96f1a.php 第 311 行.
NOTIC: [8] Use of undefined constant title - assumed 'title' D:\wamp\www\Cars\APP\Runtime\Cache\Index\dff44c8e9ebea4949049842757e96f1a.php 第 316 行.
NOTIC: [8] Use of undefined constant starttime - assumed 'starttime' D:\wamp\www\Cars\APP\Runtime\Cache\Index\dff44c8e9ebea4949049842757e96f1a.php 第 317 行.
NOTIC: [8] Use of undefined constant title - assumed 'title' D:\wamp\www\Cars\APP\Runtime\Cache\Index\dff44c8e9ebea4949049842757e96f1a.php 第 322 行.
NOTIC: [8] Use of undefined constant starttime - assumed 'starttime' D:\wamp\www\Cars\APP\Runtime\Cache\Index\dff44c8e9ebea4949049842757e96f1a.php 第 323 行.
NOTIC: [8] Use of undefined constant title - assumed 'title' D:\wamp\www\Cars\APP\Runtime\Cache\Index\dff44c8e9ebea4949049842757e96f1a.php 第 328 行.
NOTIC: [8] Use of undefined constant starttime - assumed 'starttime' D:\wamp\www\Cars\APP\Runtime\Cache\Index\dff44c8e9ebea4949049842757e96f1a.php 第 329 行.
INFO: ParseTemplate Behavior ::run [ RunTime:0.285459s ]
INFO: [ view_parse ] --END-- [ RunTime:0.285751s ]
INFO: [ view_filter ] --START--
INFO: ContentReplace Behavior ::run [ RunTime:0.029036s ]
INFO: TokenBuild Behavior ::run [ RunTime:0.019849s ]
INFO: WriteHtmlCache Behavior ::run [ RunTime:0.002849s ]
INFO: ShowRuntime Behavior ::run [ RunTime:0.003520s ]
INFO: [ view_filter ] --END-- [ RunTime:0.055813s ]
INFO: [ view_end ] --START--
INFO: ShowPageTrace Behavior ::run [ RunTime:0.004661s ]
INFO: [ view_end ] --END-- [ RunTime:0.004850s ]

[ 2014-12-22T08:57:41+08:00 ] 127.0.0.1 /Cars/index.php/Index/Read/inform/id/28
INFO: [ route_check ] --START--
INFO: CheckRoute Behavior ::run [ RunTime:0.004914s ]
INFO: [ route_check ] --END-- [ RunTime:0.005179s ]
INFO: [ app_begin ] --START--
INFO: ReadHtmlCache Behavior ::run [ RunTime:0.001671s ]
INFO: [ app_begin ] --END-- [ RunTime:0.001926s ]
SQL: SHOW COLUMNS FROM `up_inform` [ RunTime:0.020170s ]
SQL: SELECT * FROM `up_inform` WHERE ( id=28 )  [ RunTime:0.000626s ]
NOTIC: [2] Missing argument 3 for ReadAction::index(), called in D:\wamp\www\Cars\APP\Modules\Index\Action\ReadAction.class.php on line 85 and defined D:\wamp\www\Cars\APP\Modules\Index\Action\ReadAction.class.php 第 11 行.
NOTIC: [8] Undefined index: uid D:\wamp\www\Cars\APP\Modules\Index\Action\ReadAction.class.php 第 12 行.
NOTIC: [8] Undefined index: aid D:\wamp\www\Cars\APP\Modules\Index\Action\ReadAction.class.php 第 13 行.
NOTIC: [8] Use of undefined constant state - assumed 'state' D:\wamp\www\Cars\APP\Modules\Index\Action\ReadAction.class.php 第 37 行.
NOTIC: [8] Use of undefined constant link - assumed 'link' D:\wamp\www\Cars\APP\Modules\Index\Action\ReadAction.class.php 第 38 行.
NOTIC: [8] Undefined variable: state D:\wamp\www\Cars\APP\Modules\Index\Action\ReadAction.class.php 第 41 行.
NOTIC: [2] Invalid argument supplied for foreach() D:\wamp\www\Cars\APP\Modules\Index\Action\ReadAction.class.php 第 41 行.
SQL: SHOW COLUMNS FROM `up_activity` [ RunTime:0.006274s ]
SQL: SELECT * FROM `up_activity` LIMIT 10   [ RunTime:0.000496s ]
SQL: SHOW COLUMNS FROM `up_activity` [ RunTime:0.006212s ]
SQL: SELECT * FROM `up_activity` ORDER BY starttime desc LIMIT 16   [ RunTime:0.000792s ]
NOTIC: [8] Use of undefined constant index - assumed 'index' D:\wamp\www\Cars\APP\Modules\Index\Action\ReadAction.class.php 第 78 行.
INFO: [ view_parse ] --START--
NOTIC: [8] Use of undefined constant 热门活动 - assumed '热门活动' D:\wamp\www\Cars\APP\Runtime\Cache\Index\fe625d9b2787a9ca7643042b4c647e46.php 第 353 行.
NOTIC: [8] Use of undefined constant title - assumed 'title' D:\wamp\www\Cars\APP\Runtime\Cache\Index\fe625d9b2787a9ca7643042b4c647e46.php 第 353 行.
NOTIC: [8] Use of undefined constant starttime - assumed 'starttime' D:\wamp\www\Cars\APP\Runtime\Cache\Index\fe625d9b2787a9ca7643042b4c647e46.php 第 354 行.
NOTIC: [8] Use of undefined constant title - assumed 'title' D:\wamp\www\Cars\APP\Runtime\Cache\Index\fe625d9b2787a9ca7643042b4c647e46.php 第 359 行.
NOTIC: [8] Use of undefined constant starttime - assumed 'starttime' D:\wamp\www\Cars\APP\Runtime\Cache\Index\fe625d9b2787a9ca7643042b4c647e46.php 第 360 行.
NOTIC: [8] Use of undefined constant title - assumed 'title' D:\wamp\www\Cars\APP\Runtime\Cache\Index\fe625d9b2787a9ca7643042b4c647e46.php 第 365 行.
NOTIC: [8] Use of undefined constant starttime - assumed 'starttime' D:\wamp\www\Cars\APP\Runtime\Cache\Index\fe625d9b2787a9ca7643042b4c647e46.php 第 366 行.
NOTIC: [8] Use of undefined constant title - assumed 'title' D:\wamp\www\Cars\APP\Runtime\Cache\Index\fe625d9b2787a9ca7643042b4c647e46.php 第 371 行.
NOTIC: [8] Use of undefined constant starttime - assumed 'starttime' D:\wamp\www\Cars\APP\Runtime\Cache\Index\fe625d9b2787a9ca7643042b4c647e46.php 第 372 行.
NOTIC: [8] Use of undefined constant title - assumed 'title' D:\wamp\www\Cars\APP\Runtime\Cache\Index\fe625d9b2787a9ca7643042b4c647e46.php 第 377 行.
NOTIC: [8] Use of undefined constant starttime - assumed 'starttime' D:\wamp\www\Cars\APP\Runtime\Cache\Index\fe625d9b2787a9ca7643042b4c647e46.php 第 378 行.
NOTIC: [8] Use of undefined constant title - assumed 'title' D:\wamp\www\Cars\APP\Runtime\Cache\Index\fe625d9b2787a9ca7643042b4c647e46.php 第 383 行.
NOTIC: [8] Use of undefined constant starttime - assumed 'starttime' D:\wamp\www\Cars\APP\Runtime\Cache\Index\fe625d9b2787a9ca7643042b4c647e46.php 第 384 行.
NOTIC: [8] Use of undefined constant title - assumed 'title' D:\wamp\www\Cars\APP\Runtime\Cache\Index\fe625d9b2787a9ca7643042b4c647e46.php 第 389 行.
NOTIC: [8] Use of undefined constant starttime - assumed 'starttime' D:\wamp\www\Cars\APP\Runtime\Cache\Index\fe625d9b2787a9ca7643042b4c647e46.php 第 390 行.
NOTIC: [8] Use of undefined constant title - assumed 'title' D:\wamp\www\Cars\APP\Runtime\Cache\Index\fe625d9b2787a9ca7643042b4c647e46.php 第 395 行.
NOTIC: [8] Use of undefined constant starttime - assumed 'starttime' D:\wamp\www\Cars\APP\Runtime\Cache\Index\fe625d9b2787a9ca7643042b4c647e46.php 第 396 行.
NOTIC: [8] Use of undefined constant title - assumed 'title' D:\wamp\www\Cars\APP\Runtime\Cache\Index\fe625d9b2787a9ca7643042b4c647e46.php 第 401 行.
NOTIC: [8] Use of undefined constant starttime - assumed 'starttime' D:\wamp\www\Cars\APP\Runtime\Cache\Index\fe625d9b2787a9ca7643042b4c647e46.php 第 402 行.
NOTIC: [8] Use of undefined constant title - assumed 'title' D:\wamp\www\Cars\APP\Runtime\Cache\Index\fe625d9b2787a9ca7643042b4c647e46.php 第 407 行.
NOTIC: [8] Use of undefined constant starttime - assumed 'starttime' D:\wamp\www\Cars\APP\Runtime\Cache\Index\fe625d9b2787a9ca7643042b4c647e46.php 第 408 行.
INFO: ParseTemplate Behavior ::run [ RunTime:0.104941s ]
INFO: [ view_parse ] --END-- [ RunTime:0.105123s ]
INFO: [ view_filter ] --START--
INFO: ContentReplace Behavior ::run [ RunTime:0.001078s ]
INFO: TokenBuild Behavior ::run [ RunTime:0.000936s ]
INFO: WriteHtmlCache Behavior ::run [ RunTime:0.000788s ]
INFO: ShowRuntime Behavior ::run [ RunTime:0.001018s ]
INFO: [ view_filter ] --END-- [ RunTime:0.004209s ]
INFO: [ view_end ] --START--
INFO: ShowPageTrace Behavior ::run [ RunTime:0.001856s ]
INFO: [ view_end ] --END-- [ RunTime:0.002087s ]

[ 2014-12-22T08:57:45+08:00 ] 127.0.0.1 /Cars/index.php/Index/Read/detailActivity/aid/47/position/%E6%A0%A1%E7%BA%A7%E6%B4%BB%E5%8A%A8
INFO: [ route_check ] --START--
INFO: CheckRoute Behavior ::run [ RunTime:0.003288s ]
INFO: [ route_check ] --END-- [ RunTime:0.003721s ]
INFO: [ app_begin ] --START--
INFO: ReadHtmlCache Behavior ::run [ RunTime:0.001462s ]
INFO: [ app_begin ] --END-- [ RunTime:0.001664s ]
SQL: SHOW COLUMNS FROM `up_regform` [ RunTime:0.047296s ]
SQL: SELECT * FROM `up_regform` WHERE ( aid=47 )  [ RunTime:0.000321s ]
SQL: SHOW COLUMNS FROM `up_activity` [ RunTime:0.005099s ]
SQL: SELECT * FROM `up_activity` WHERE ( aid=47 )  [ RunTime:0.000383s ]
SQL: SELECT * FROM `up_activity` WHERE ( aid=47 )  [ RunTime:0.000240s ]
NOTIC: [8] Undefined index: uid D:\wamp\www\Cars\APP\Modules\Index\Action\ReadAction.class.php 第 12 行.
NOTIC: [8] Use of undefined constant state - assumed 'state' D:\wamp\www\Cars\APP\Modules\Index\Action\ReadAction.class.php 第 37 行.
NOTIC: [8] Use of undefined constant link - assumed 'link' D:\wamp\www\Cars\APP\Modules\Index\Action\ReadAction.class.php 第 38 行.
NOTIC: [2] Invalid argument supplied for foreach() D:\wamp\www\Cars\APP\Modules\Index\Action\ReadAction.class.php 第 41 行.
SQL: SELECT * FROM `up_activity` LIMIT 10   [ RunTime:0.000404s ]
SQL: SHOW COLUMNS FROM `up_activity` [ RunTime:0.004419s ]
SQL: SELECT * FROM `up_activity` ORDER BY starttime desc LIMIT 16   [ RunTime:0.000929s ]
NOTIC: [8] Use of undefined constant index - assumed 'index' D:\wamp\www\Cars\APP\Modules\Index\Action\ReadAction.class.php 第 78 行.
INFO: [ view_parse ] --START--
NOTIC: [8] Use of undefined constant 热门活动 - assumed '热门活动' D:\wamp\www\Cars\APP\Runtime\Cache\Index\fe625d9b2787a9ca7643042b4c647e46.php 第 353 行.
NOTIC: [8] Use of undefined constant title - assumed 'title' D:\wamp\www\Cars\APP\Runtime\Cache\Index\fe625d9b2787a9ca7643042b4c647e46.php 第 353 行.
NOTIC: [8] Use of undefined constant starttime - assumed 'starttime' D:\wamp\www\Cars\APP\Runtime\Cache\Index\fe625d9b2787a9ca7643042b4c647e46.php 第 354 行.
NOTIC: [8] Use of undefined constant title - assumed 'title' D:\wamp\www\Cars\APP\Runtime\Cache\Index\fe625d9b2787a9ca7643042b4c647e46.php 第 359 行.
NOTIC: [8] Use of undefined constant starttime - assumed 'starttime' D:\wamp\www\Cars\APP\Runtime\Cache\Index\fe625d9b2787a9ca7643042b4c647e46.php 第 360 行.
NOTIC: [8] Use of undefined constant title - assumed 'title' D:\wamp\www\Cars\APP\Runtime\Cache\Index\fe625d9b2787a9ca7643042b4c647e46.php 第 365 行.
NOTIC: [8] Use of undefined constant starttime - assumed 'starttime' D:\wamp\www\Cars\APP\Runtime\Cache\Index\fe625d9b2787a9ca7643042b4c647e46.php 第 366 行.
NOTIC: [8] Use of undefined constant title - assumed 'title' D:\wamp\www\Cars\APP\Runtime\Cache\Index\fe625d9b2787a9ca7643042b4c647e46.php 第 371 行.
NOTIC: [8] Use of undefined constant starttime - assumed 'starttime' D:\wamp\www\Cars\APP\Runtime\Cache\Index\fe625d9b2787a9ca7643042b4c647e46.php 第 372 行.
NOTIC: [8] Use of undefined constant title - assumed 'title' D:\wamp\www\Cars\APP\Runtime\Cache\Index\fe625d9b2787a9ca7643042b4c647e46.php 第 377 行.
NOTIC: [8] Use of undefined constant starttime - assumed 'starttime' D:\wamp\www\Cars\APP\Runtime\Cache\Index\fe625d9b2787a9ca7643042b4c647e46.php 第 378 行.
NOTIC: [8] Use of undefined constant title - assumed 'title' D:\wamp\www\Cars\APP\Runtime\Cache\Index\fe625d9b2787a9ca7643042b4c647e46.php 第 383 行.
NOTIC: [8] Use of undefined constant starttime - assumed 'starttime' D:\wamp\www\Cars\APP\Runtime\Cache\Index\fe625d9b2787a9ca7643042b4c647e46.php 第 384 行.
NOTIC: [8] Use of undefined constant title - assumed 'title' D:\wamp\www\Cars\APP\Runtime\Cache\Index\fe625d9b2787a9ca7643042b4c647e46.php 第 389 行.
NOTIC: [8] Use of undefined constant starttime - assumed 'starttime' D:\wamp\www\Cars\APP\Runtime\Cache\Index\fe625d9b2787a9ca7643042b4c647e46.php 第 390 行.
NOTIC: [8] Use of undefined constant title - assumed 'title' D:\wamp\www\Cars\APP\Runtime\Cache\Index\fe625d9b2787a9ca7643042b4c647e46.php 第 395 行.
NOTIC: [8] Use of undefined constant starttime - assumed 'starttime' D:\wamp\www\Cars\APP\Runtime\Cache\Index\fe625d9b2787a9ca7643042b4c647e46.php 第 396 行.
NOTIC: [8] Use of undefined constant title - assumed 'title' D:\wamp\www\Cars\APP\Runtime\Cache\Index\fe625d9b2787a9ca7643042b4c647e46.php 第 401 行.
NOTIC: [8] Use of undefined constant starttime - assumed 'starttime' D:\wamp\www\Cars\APP\Runtime\Cache\Index\fe625d9b2787a9ca7643042b4c647e46.php 第 402 行.
NOTIC: [8] Use of undefined constant title - assumed 'title' D:\wamp\www\Cars\APP\Runtime\Cache\Index\fe625d9b2787a9ca7643042b4c647e46.php 第 407 行.
NOTIC: [8] Use of undefined constant starttime - assumed 'starttime' D:\wamp\www\Cars\APP\Runtime\Cache\Index\fe625d9b2787a9ca7643042b4c647e46.php 第 408 行.
INFO: ParseTemplate Behavior ::run [ RunTime:0.039042s ]
INFO: [ view_parse ] --END-- [ RunTime:0.039192s ]
INFO: [ view_filter ] --START--
INFO: ContentReplace Behavior ::run [ RunTime:0.001254s ]
INFO: TokenBuild Behavior ::run [ RunTime:0.002129s ]
INFO: WriteHtmlCache Behavior ::run [ RunTime:0.001442s ]
INFO: ShowRuntime Behavior ::run [ RunTime:0.002073s ]
INFO: [ view_filter ] --END-- [ RunTime:0.007617s ]
INFO: [ view_end ] --START--
INFO: ShowPageTrace Behavior ::run [ RunTime:0.002869s ]
INFO: [ view_end ] --END-- [ RunTime:0.003155s ]

